[1.461s] Invoking command in '/home/mraurora/Learning_ROS2_21/src/ros2_21_tutorials/learning_service': CMAKE_PREFIX_PATH=/home/mraurora/Learning_ROS2_21/install/learning_interface:/home/mraurora/Learning_ROS2_21/install/learning_topic_cpp:/home/mraurora/Learning_ROS2_21/install/learning_tf_cpp:/home/mraurora/Learning_ROS2_21/install/learning_service_cpp:/home/mraurora/Learning_ROS2_21/install/learning_pkg_c:/home/mraurora/Learning_ROS2_21/install/learning_parameter_cpp:/home/mraurora/Learning_ROS2_21/install/learning_node_cpp:/home/mraurora/Learning_ROS2_21/install/learning_action_cpp CONDA_PROMPT_MODIFIER=(base) PYTHONPATH=/home/mraurora/Learning_ROS2_21/build/learning_service/prefix_override:/usr/lib/python3/dist-packages/colcon_core/task/python/colcon_distutils_commands:/home/mraurora/Learning_ROS2_21/install/learning_service/lib/python3.10/site-packages:${PYTHONPATH} /usr/bin/python3 -W ignore:setup.py install is deprecated -W ignore:easy_install command is deprecated setup.py egg_info --egg-base ../../../build/learning_service build --build-base /home/mraurora/Learning_ROS2_21/build/learning_service/build install --record /home/mraurora/Learning_ROS2_21/build/learning_service/install.log --single-version-externally-managed install_data
[1.752s] running egg_info
[1.752s] writing ../../../build/learning_service/learning_service.egg-info/PKG-INFO
[1.753s] writing dependency_links to ../../../build/learning_service/learning_service.egg-info/dependency_links.txt
[1.753s] writing entry points to ../../../build/learning_service/learning_service.egg-info/entry_points.txt
[1.755s] writing requirements to ../../../build/learning_service/learning_service.egg-info/requires.txt
[1.755s] writing top-level names to ../../../build/learning_service/learning_service.egg-info/top_level.txt
[1.756s] reading manifest file '../../../build/learning_service/learning_service.egg-info/SOURCES.txt'
[1.758s] writing manifest file '../../../build/learning_service/learning_service.egg-info/SOURCES.txt'
[1.758s] running build
[1.758s] running build_py
[1.759s] running install
[1.759s] running install_lib
[1.763s] running install_data
[1.763s] running install_egg_info
[1.768s] removing '/home/mraurora/Learning_ROS2_21/install/learning_service/lib/python3.10/site-packages/learning_service-0.0.0-py3.10.egg-info' (and everything under it)
[1.768s] Copying ../../../build/learning_service/learning_service.egg-info to /home/mraurora/Learning_ROS2_21/install/learning_service/lib/python3.10/site-packages/learning_service-0.0.0-py3.10.egg-info
[1.771s] running install_scripts
[1.801s] Installing service_adder_client script to /home/mraurora/Learning_ROS2_21/install/learning_service/lib/learning_service
[1.803s] Installing service_adder_server script to /home/mraurora/Learning_ROS2_21/install/learning_service/lib/learning_service
[1.803s] Installing service_object_client script to /home/mraurora/Learning_ROS2_21/install/learning_service/lib/learning_service
[1.803s] Installing service_object_server script to /home/mraurora/Learning_ROS2_21/install/learning_service/lib/learning_service
[1.803s] writing list of installed files to '/home/mraurora/Learning_ROS2_21/build/learning_service/install.log'
[1.845s] Invoked command in '/home/mraurora/Learning_ROS2_21/src/ros2_21_tutorials/learning_service' returned '0': CMAKE_PREFIX_PATH=/home/mraurora/Learning_ROS2_21/install/learning_interface:/home/mraurora/Learning_ROS2_21/install/learning_topic_cpp:/home/mraurora/Learning_ROS2_21/install/learning_tf_cpp:/home/mraurora/Learning_ROS2_21/install/learning_service_cpp:/home/mraurora/Learning_ROS2_21/install/learning_pkg_c:/home/mraurora/Learning_ROS2_21/install/learning_parameter_cpp:/home/mraurora/Learning_ROS2_21/install/learning_node_cpp:/home/mraurora/Learning_ROS2_21/install/learning_action_cpp CONDA_PROMPT_MODIFIER=(base) PYTHONPATH=/home/mraurora/Learning_ROS2_21/build/learning_service/prefix_override:/usr/lib/python3/dist-packages/colcon_core/task/python/colcon_distutils_commands:/home/mraurora/Learning_ROS2_21/install/learning_service/lib/python3.10/site-packages:${PYTHONPATH} /usr/bin/python3 -W ignore:setup.py install is deprecated -W ignore:easy_install command is deprecated setup.py egg_info --egg-base ../../../build/learning_service build --build-base /home/mraurora/Learning_ROS2_21/build/learning_service/build install --record /home/mraurora/Learning_ROS2_21/build/learning_service/install.log --single-version-externally-managed install_data
