[0.136s] Invoking command in '/home/mraurora/Learning_ROS2_21/build/learning_interface': CMAKE_PREFIX_PATH=${CMAKE_PREFIX_PATH}:/home/mraurora/Learning_ROS2_21/install/learning_urdf:/home/mraurora/Learning_ROS2_21/install/learning_topic:/home/mraurora/Learning_ROS2_21/install/learning_tf:/home/mraurora/Learning_ROS2_21/install/learning_service:/home/mraurora/Learning_ROS2_21/install/learning_qos:/home/mraurora/Learning_ROS2_21/install/learning_pkg_python:/home/mraurora/Learning_ROS2_21/install/learning_parameter:/home/mraurora/Learning_ROS2_21/install/learning_node:/home/mraurora/Learning_ROS2_21/install/learning_launch:/home/mraurora/Learning_ROS2_21/install/learning_action:/home/mraurora/Learning_ROS2_21/install/learning_gazebo_harmonic:/home/mraurora/Learning_ROS2_21/install/learning_gazebo:/home/mraurora/Learning_ROS2_21/install/learning_cv:/opt/ros/humble CONDA_PROMPT_MODIFIER=(base) /usr/bin/cmake --build /home/mraurora/Learning_ROS2_21/build/learning_interface -- -j20 -l20
[1.810s] [  1%] Built target learning_interface__cpp
[1.810s] [ 12%] Built target learning_interface__rosidl_generator_c
[1.810s] [ 16%] Built target ament_cmake_python_copy_learning_interface
[1.810s] [ 27%] Built target learning_interface__rosidl_typesupport_introspection_c
[1.810s] [ 34%] Built target learning_interface__rosidl_typesupport_introspection_cpp
[1.810s] [ 45%] Built target learning_interface__rosidl_typesupport_fastrtps_cpp
[1.810s] [ 56%] Built target learning_interface__rosidl_typesupport_fastrtps_c
[1.810s] [ 67%] Built target learning_interface__rosidl_typesupport_cpp
[1.810s] [ 78%] Built target learning_interface__rosidl_typesupport_c
[1.810s] [ 78%] Built target learning_interface
[1.810s] [ 80%] Built target learning_interface__py
[1.810s] [ 89%] Built target learning_interface__rosidl_generator_py
[1.810s] [ 96%] Built target learning_interface__rosidl_typesupport_c__pyext
[1.810s] [ 96%] Built target learning_interface__rosidl_typesupport_introspection_c__pyext
[1.811s] [100%] Built target learning_interface__rosidl_typesupport_fastrtps_c__pyext
[1.811s] running egg_info
[1.811s] writing learning_interface.egg-info/PKG-INFO
[1.811s] writing dependency_links to learning_interface.egg-info/dependency_links.txt
[1.811s] writing top-level names to learning_interface.egg-info/top_level.txt
[1.811s] reading manifest file 'learning_interface.egg-info/SOURCES.txt'
[1.811s] writing manifest file 'learning_interface.egg-info/SOURCES.txt'
[1.811s] [100%] Built target ament_cmake_python_build_learning_interface_egg
[1.815s] Invoked command in '/home/mraurora/Learning_ROS2_21/build/learning_interface' returned '0': CMAKE_PREFIX_PATH=${CMAKE_PREFIX_PATH}:/home/mraurora/Learning_ROS2_21/install/learning_urdf:/home/mraurora/Learning_ROS2_21/install/learning_topic:/home/mraurora/Learning_ROS2_21/install/learning_tf:/home/mraurora/Learning_ROS2_21/install/learning_service:/home/mraurora/Learning_ROS2_21/install/learning_qos:/home/mraurora/Learning_ROS2_21/install/learning_pkg_python:/home/mraurora/Learning_ROS2_21/install/learning_parameter:/home/mraurora/Learning_ROS2_21/install/learning_node:/home/mraurora/Learning_ROS2_21/install/learning_launch:/home/mraurora/Learning_ROS2_21/install/learning_action:/home/mraurora/Learning_ROS2_21/install/learning_gazebo_harmonic:/home/mraurora/Learning_ROS2_21/install/learning_gazebo:/home/mraurora/Learning_ROS2_21/install/learning_cv:/opt/ros/humble CONDA_PROMPT_MODIFIER=(base) /usr/bin/cmake --build /home/mraurora/Learning_ROS2_21/build/learning_interface -- -j20 -l20
[1.829s] Invoking command in '/home/mraurora/Learning_ROS2_21/build/learning_interface': CMAKE_PREFIX_PATH=${CMAKE_PREFIX_PATH}:/home/mraurora/Learning_ROS2_21/install/learning_urdf:/home/mraurora/Learning_ROS2_21/install/learning_topic:/home/mraurora/Learning_ROS2_21/install/learning_tf:/home/mraurora/Learning_ROS2_21/install/learning_service:/home/mraurora/Learning_ROS2_21/install/learning_qos:/home/mraurora/Learning_ROS2_21/install/learning_pkg_python:/home/mraurora/Learning_ROS2_21/install/learning_parameter:/home/mraurora/Learning_ROS2_21/install/learning_node:/home/mraurora/Learning_ROS2_21/install/learning_launch:/home/mraurora/Learning_ROS2_21/install/learning_action:/home/mraurora/Learning_ROS2_21/install/learning_gazebo_harmonic:/home/mraurora/Learning_ROS2_21/install/learning_gazebo:/home/mraurora/Learning_ROS2_21/install/learning_cv:/opt/ros/humble CONDA_PROMPT_MODIFIER=(base) /usr/bin/cmake --install /home/mraurora/Learning_ROS2_21/build/learning_interface
[1.857s] -- Install configuration: ""
[1.858s] -- Up-to-date: /home/mraurora/Learning_ROS2_21/install/learning_interface/share/ament_index/resource_index/rosidl_interfaces/learning_interface
[1.858s] -- Up-to-date: /home/mraurora/Learning_ROS2_21/install/learning_interface/include/learning_interface/learning_interface
[1.858s] -- Up-to-date: /home/mraurora/Learning_ROS2_21/install/learning_interface/include/learning_interface/learning_interface/srv
[1.858s] -- Up-to-date: /home/mraurora/Learning_ROS2_21/install/learning_interface/include/learning_interface/learning_interface/srv/add_two_ints.h
[1.858s] -- Up-to-date: /home/mraurora/Learning_ROS2_21/install/learning_interface/include/learning_interface/learning_interface/srv/get_object_position.h
[1.858s] -- Up-to-date: /home/mraurora/Learning_ROS2_21/install/learning_interface/include/learning_interface/learning_interface/srv/detail
[1.858s] -- Up-to-date: /home/mraurora/Learning_ROS2_21/install/learning_interface/include/learning_interface/learning_interface/srv/detail/get_object_position__type_support.h
[1.858s] -- Up-to-date: /home/mraurora/Learning_ROS2_21/install/learning_interface/include/learning_interface/learning_interface/srv/detail/add_two_ints__struct.h
[1.858s] -- Up-to-date: /home/mraurora/Learning_ROS2_21/install/learning_interface/include/learning_interface/learning_interface/srv/detail/get_object_position__functions.h
[1.858s] -- Up-to-date: /home/mraurora/Learning_ROS2_21/install/learning_interface/include/learning_interface/learning_interface/srv/detail/get_object_position__functions.c
[1.858s] -- Up-to-date: /home/mraurora/Learning_ROS2_21/install/learning_interface/include/learning_interface/learning_interface/srv/detail/add_two_ints__functions.c
[1.858s] -- Up-to-date: /home/mraurora/Learning_ROS2_21/install/learning_interface/include/learning_interface/learning_interface/srv/detail/add_two_ints__functions.h
[1.858s] -- Up-to-date: /home/mraurora/Learning_ROS2_21/install/learning_interface/include/learning_interface/learning_interface/srv/detail/get_object_position__struct.h
[1.858s] -- Up-to-date: /home/mraurora/Learning_ROS2_21/install/learning_interface/include/learning_interface/learning_interface/srv/detail/add_two_ints__type_support.h
[1.858s] -- Up-to-date: /home/mraurora/Learning_ROS2_21/install/learning_interface/include/learning_interface/learning_interface/action
[1.859s] -- Up-to-date: /home/mraurora/Learning_ROS2_21/install/learning_interface/include/learning_interface/learning_interface/action/move_circle.h
[1.859s] -- Up-to-date: /home/mraurora/Learning_ROS2_21/install/learning_interface/include/learning_interface/learning_interface/action/detail
[1.859s] -- Up-to-date: /home/mraurora/Learning_ROS2_21/install/learning_interface/include/learning_interface/learning_interface/action/detail/move_circle__struct.h
[1.859s] -- Up-to-date: /home/mraurora/Learning_ROS2_21/install/learning_interface/include/learning_interface/learning_interface/action/detail/move_circle__functions.c
[1.859s] -- Up-to-date: /home/mraurora/Learning_ROS2_21/install/learning_interface/include/learning_interface/learning_interface/action/detail/move_circle__type_support.h
[1.859s] -- Up-to-date: /home/mraurora/Learning_ROS2_21/install/learning_interface/include/learning_interface/learning_interface/action/detail/move_circle__functions.h
[1.859s] -- Up-to-date: /home/mraurora/Learning_ROS2_21/install/learning_interface/include/learning_interface/learning_interface/msg
[1.859s] -- Up-to-date: /home/mraurora/Learning_ROS2_21/install/learning_interface/include/learning_interface/learning_interface/msg/object_position.h
[1.859s] -- Up-to-date: /home/mraurora/Learning_ROS2_21/install/learning_interface/include/learning_interface/learning_interface/msg/rosidl_generator_c__visibility_control.h
[1.860s] -- Up-to-date: /home/mraurora/Learning_ROS2_21/install/learning_interface/include/learning_interface/learning_interface/msg/detail
[1.860s] -- Up-to-date: /home/mraurora/Learning_ROS2_21/install/learning_interface/include/learning_interface/learning_interface/msg/detail/object_position__functions.h
[1.860s] -- Up-to-date: /home/mraurora/Learning_ROS2_21/install/learning_interface/include/learning_interface/learning_interface/msg/detail/object_position__type_support.h
[1.860s] -- Up-to-date: /home/mraurora/Learning_ROS2_21/install/learning_interface/include/learning_interface/learning_interface/msg/detail/object_position__struct.h
[1.860s] -- Up-to-date: /home/mraurora/Learning_ROS2_21/install/learning_interface/include/learning_interface/learning_interface/msg/detail/object_position__functions.c
[1.860s] -- Up-to-date: /home/mraurora/Learning_ROS2_21/install/learning_interface/share/learning_interface/environment/library_path.sh
[1.860s] -- Up-to-date: /home/mraurora/Learning_ROS2_21/install/learning_interface/share/learning_interface/environment/library_path.dsv
[1.860s] -- Up-to-date: /home/mraurora/Learning_ROS2_21/install/learning_interface/lib/liblearning_interface__rosidl_generator_c.so
[1.860s] -- Up-to-date: /home/mraurora/Learning_ROS2_21/install/learning_interface/include/learning_interface/learning_interface
[1.860s] -- Up-to-date: /home/mraurora/Learning_ROS2_21/install/learning_interface/include/learning_interface/learning_interface/srv
[1.860s] -- Up-to-date: /home/mraurora/Learning_ROS2_21/install/learning_interface/include/learning_interface/learning_interface/srv/detail
[1.860s] -- Up-to-date: /home/mraurora/Learning_ROS2_21/install/learning_interface/include/learning_interface/learning_interface/srv/detail/add_two_ints__rosidl_typesupport_fastrtps_c.h
[1.860s] -- Up-to-date: /home/mraurora/Learning_ROS2_21/install/learning_interface/include/learning_interface/learning_interface/srv/detail/get_object_position__rosidl_typesupport_fastrtps_c.h
[1.860s] -- Up-to-date: /home/mraurora/Learning_ROS2_21/install/learning_interface/include/learning_interface/learning_interface/action
[1.860s] -- Up-to-date: /home/mraurora/Learning_ROS2_21/install/learning_interface/include/learning_interface/learning_interface/action/detail
[1.861s] -- Up-to-date: /home/mraurora/Learning_ROS2_21/install/learning_interface/include/learning_interface/learning_interface/action/detail/move_circle__rosidl_typesupport_fastrtps_c.h
[1.861s] -- Up-to-date: /home/mraurora/Learning_ROS2_21/install/learning_interface/include/learning_interface/learning_interface/msg
[1.861s] -- Up-to-date: /home/mraurora/Learning_ROS2_21/install/learning_interface/include/learning_interface/learning_interface/msg/rosidl_typesupport_fastrtps_c__visibility_control.h
[1.861s] -- Up-to-date: /home/mraurora/Learning_ROS2_21/install/learning_interface/include/learning_interface/learning_interface/msg/detail
[1.861s] -- Up-to-date: /home/mraurora/Learning_ROS2_21/install/learning_interface/include/learning_interface/learning_interface/msg/detail/object_position__rosidl_typesupport_fastrtps_c.h
[1.862s] -- Up-to-date: /home/mraurora/Learning_ROS2_21/install/learning_interface/lib/liblearning_interface__rosidl_typesupport_fastrtps_c.so
[1.862s] -- Up-to-date: /home/mraurora/Learning_ROS2_21/install/learning_interface/include/learning_interface/learning_interface
[1.862s] -- Up-to-date: /home/mraurora/Learning_ROS2_21/install/learning_interface/include/learning_interface/learning_interface/srv
[1.862s] -- Up-to-date: /home/mraurora/Learning_ROS2_21/install/learning_interface/include/learning_interface/learning_interface/srv/detail
[1.862s] -- Up-to-date: /home/mraurora/Learning_ROS2_21/install/learning_interface/include/learning_interface/learning_interface/srv/detail/get_object_position__type_support.c
[1.862s] -- Up-to-date: /home/mraurora/Learning_ROS2_21/install/learning_interface/include/learning_interface/learning_interface/srv/detail/get_object_position__rosidl_typesupport_introspection_c.h
[1.863s] -- Up-to-date: /home/mraurora/Learning_ROS2_21/install/learning_interface/include/learning_interface/learning_interface/srv/detail/add_two_ints__type_support.c
[1.863s] -- Up-to-date: /home/mraurora/Learning_ROS2_21/install/learning_interface/include/learning_interface/learning_interface/srv/detail/add_two_ints__rosidl_typesupport_introspection_c.h
[1.863s] -- Up-to-date: /home/mraurora/Learning_ROS2_21/install/learning_interface/include/learning_interface/learning_interface/action
[1.863s] -- Up-to-date: /home/mraurora/Learning_ROS2_21/install/learning_interface/include/learning_interface/learning_interface/action/detail
[1.863s] -- Up-to-date: /home/mraurora/Learning_ROS2_21/install/learning_interface/include/learning_interface/learning_interface/action/detail/move_circle__rosidl_typesupport_introspection_c.h
[1.863s] -- Up-to-date: /home/mraurora/Learning_ROS2_21/install/learning_interface/include/learning_interface/learning_interface/action/detail/move_circle__type_support.c
[1.863s] -- Up-to-date: /home/mraurora/Learning_ROS2_21/install/learning_interface/include/learning_interface/learning_interface/msg
[1.863s] -- Up-to-date: /home/mraurora/Learning_ROS2_21/install/learning_interface/include/learning_interface/learning_interface/msg/rosidl_typesupport_introspection_c__visibility_control.h
[1.863s] -- Up-to-date: /home/mraurora/Learning_ROS2_21/install/learning_interface/include/learning_interface/learning_interface/msg/detail
[1.863s] -- Up-to-date: /home/mraurora/Learning_ROS2_21/install/learning_interface/include/learning_interface/learning_interface/msg/detail/object_position__rosidl_typesupport_introspection_c.h
[1.864s] -- Up-to-date: /home/mraurora/Learning_ROS2_21/install/learning_interface/include/learning_interface/learning_interface/msg/detail/object_position__type_support.c
[1.864s] -- Up-to-date: /home/mraurora/Learning_ROS2_21/install/learning_interface/lib/liblearning_interface__rosidl_typesupport_introspection_c.so
[1.867s] -- Up-to-date: /home/mraurora/Learning_ROS2_21/install/learning_interface/lib/liblearning_interface__rosidl_typesupport_c.so
[1.867s] -- Up-to-date: /home/mraurora/Learning_ROS2_21/install/learning_interface/include/learning_interface/learning_interface
[1.868s] -- Up-to-date: /home/mraurora/Learning_ROS2_21/install/learning_interface/include/learning_interface/learning_interface/srv
[1.868s] -- Up-to-date: /home/mraurora/Learning_ROS2_21/install/learning_interface/include/learning_interface/learning_interface/srv/add_two_ints.hpp
[1.868s] -- Up-to-date: /home/mraurora/Learning_ROS2_21/install/learning_interface/include/learning_interface/learning_interface/srv/get_object_position.hpp
[1.868s] -- Up-to-date: /home/mraurora/Learning_ROS2_21/install/learning_interface/include/learning_interface/learning_interface/srv/detail
[1.868s] -- Up-to-date: /home/mraurora/Learning_ROS2_21/install/learning_interface/include/learning_interface/learning_interface/srv/detail/get_object_position__traits.hpp
[1.868s] -- Up-to-date: /home/mraurora/Learning_ROS2_21/install/learning_interface/include/learning_interface/learning_interface/srv/detail/add_two_ints__type_support.hpp
[1.868s] -- Up-to-date: /home/mraurora/Learning_ROS2_21/install/learning_interface/include/learning_interface/learning_interface/srv/detail/get_object_position__struct.hpp
[1.868s] -- Up-to-date: /home/mraurora/Learning_ROS2_21/install/learning_interface/include/learning_interface/learning_interface/srv/detail/add_two_ints__builder.hpp
[1.868s] -- Up-to-date: /home/mraurora/Learning_ROS2_21/install/learning_interface/include/learning_interface/learning_interface/srv/detail/add_two_ints__struct.hpp
[1.868s] -- Up-to-date: /home/mraurora/Learning_ROS2_21/install/learning_interface/include/learning_interface/learning_interface/srv/detail/add_two_ints__traits.hpp
[1.868s] -- Up-to-date: /home/mraurora/Learning_ROS2_21/install/learning_interface/include/learning_interface/learning_interface/srv/detail/get_object_position__type_support.hpp
[1.868s] -- Up-to-date: /home/mraurora/Learning_ROS2_21/install/learning_interface/include/learning_interface/learning_interface/srv/detail/get_object_position__builder.hpp
[1.868s] -- Up-to-date: /home/mraurora/Learning_ROS2_21/install/learning_interface/include/learning_interface/learning_interface/action
[1.868s] -- Up-to-date: /home/mraurora/Learning_ROS2_21/install/learning_interface/include/learning_interface/learning_interface/action/move_circle.hpp
[1.869s] -- Up-to-date: /home/mraurora/Learning_ROS2_21/install/learning_interface/include/learning_interface/learning_interface/action/detail
[1.869s] -- Up-to-date: /home/mraurora/Learning_ROS2_21/install/learning_interface/include/learning_interface/learning_interface/action/detail/move_circle__builder.hpp
[1.869s] -- Up-to-date: /home/mraurora/Learning_ROS2_21/install/learning_interface/include/learning_interface/learning_interface/action/detail/move_circle__traits.hpp
[1.869s] -- Up-to-date: /home/mraurora/Learning_ROS2_21/install/learning_interface/include/learning_interface/learning_interface/action/detail/move_circle__type_support.hpp
[1.869s] -- Up-to-date: /home/mraurora/Learning_ROS2_21/install/learning_interface/include/learning_interface/learning_interface/action/detail/move_circle__struct.hpp
[1.869s] -- Up-to-date: /home/mraurora/Learning_ROS2_21/install/learning_interface/include/learning_interface/learning_interface/msg
[1.869s] -- Up-to-date: /home/mraurora/Learning_ROS2_21/install/learning_interface/include/learning_interface/learning_interface/msg/object_position.hpp
[1.869s] -- Up-to-date: /home/mraurora/Learning_ROS2_21/install/learning_interface/include/learning_interface/learning_interface/msg/rosidl_generator_cpp__visibility_control.hpp
[1.869s] -- Up-to-date: /home/mraurora/Learning_ROS2_21/install/learning_interface/include/learning_interface/learning_interface/msg/detail
[1.869s] -- Up-to-date: /home/mraurora/Learning_ROS2_21/install/learning_interface/include/learning_interface/learning_interface/msg/detail/object_position__type_support.hpp
[1.869s] -- Up-to-date: /home/mraurora/Learning_ROS2_21/install/learning_interface/include/learning_interface/learning_interface/msg/detail/object_position__struct.hpp
[1.869s] -- Up-to-date: /home/mraurora/Learning_ROS2_21/install/learning_interface/include/learning_interface/learning_interface/msg/detail/object_position__traits.hpp
[1.869s] -- Up-to-date: /home/mraurora/Learning_ROS2_21/install/learning_interface/include/learning_interface/learning_interface/msg/detail/object_position__builder.hpp
[1.869s] -- Up-to-date: /home/mraurora/Learning_ROS2_21/install/learning_interface/include/learning_interface/learning_interface
[1.869s] -- Up-to-date: /home/mraurora/Learning_ROS2_21/install/learning_interface/include/learning_interface/learning_interface/srv
[1.869s] -- Up-to-date: /home/mraurora/Learning_ROS2_21/install/learning_interface/include/learning_interface/learning_interface/srv/detail
[1.870s] -- Up-to-date: /home/mraurora/Learning_ROS2_21/install/learning_interface/include/learning_interface/learning_interface/srv/detail/get_object_position__rosidl_typesupport_fastrtps_cpp.hpp
[1.870s] -- Up-to-date: /home/mraurora/Learning_ROS2_21/install/learning_interface/include/learning_interface/learning_interface/srv/detail/add_two_ints__rosidl_typesupport_fastrtps_cpp.hpp
[1.870s] -- Up-to-date: /home/mraurora/Learning_ROS2_21/install/learning_interface/include/learning_interface/learning_interface/srv/detail/dds_fastrtps
[1.870s] -- Up-to-date: /home/mraurora/Learning_ROS2_21/install/learning_interface/include/learning_interface/learning_interface/action
[1.870s] -- Up-to-date: /home/mraurora/Learning_ROS2_21/install/learning_interface/include/learning_interface/learning_interface/action/detail
[1.870s] -- Up-to-date: /home/mraurora/Learning_ROS2_21/install/learning_interface/include/learning_interface/learning_interface/action/detail/move_circle__rosidl_typesupport_fastrtps_cpp.hpp
[1.870s] -- Up-to-date: /home/mraurora/Learning_ROS2_21/install/learning_interface/include/learning_interface/learning_interface/action/detail/dds_fastrtps
[1.870s] -- Up-to-date: /home/mraurora/Learning_ROS2_21/install/learning_interface/include/learning_interface/learning_interface/msg
[1.870s] -- Up-to-date: /home/mraurora/Learning_ROS2_21/install/learning_interface/include/learning_interface/learning_interface/msg/rosidl_typesupport_fastrtps_cpp__visibility_control.h
[1.870s] -- Up-to-date: /home/mraurora/Learning_ROS2_21/install/learning_interface/include/learning_interface/learning_interface/msg/detail
[1.870s] -- Up-to-date: /home/mraurora/Learning_ROS2_21/install/learning_interface/include/learning_interface/learning_interface/msg/detail/object_position__rosidl_typesupport_fastrtps_cpp.hpp
[1.870s] -- Up-to-date: /home/mraurora/Learning_ROS2_21/install/learning_interface/include/learning_interface/learning_interface/msg/detail/dds_fastrtps
[1.870s] -- Up-to-date: /home/mraurora/Learning_ROS2_21/install/learning_interface/lib/liblearning_interface__rosidl_typesupport_fastrtps_cpp.so
[1.870s] -- Up-to-date: /home/mraurora/Learning_ROS2_21/install/learning_interface/include/learning_interface/learning_interface
[1.870s] -- Up-to-date: /home/mraurora/Learning_ROS2_21/install/learning_interface/include/learning_interface/learning_interface/srv
[1.870s] -- Up-to-date: /home/mraurora/Learning_ROS2_21/install/learning_interface/include/learning_interface/learning_interface/srv/detail
[1.870s] -- Up-to-date: /home/mraurora/Learning_ROS2_21/install/learning_interface/include/learning_interface/learning_interface/srv/detail/add_two_ints__type_support.cpp
[1.870s] -- Up-to-date: /home/mraurora/Learning_ROS2_21/install/learning_interface/include/learning_interface/learning_interface/srv/detail/add_two_ints__rosidl_typesupport_introspection_cpp.hpp
[1.870s] -- Up-to-date: /home/mraurora/Learning_ROS2_21/install/learning_interface/include/learning_interface/learning_interface/srv/detail/get_object_position__type_support.cpp
[1.870s] -- Up-to-date: /home/mraurora/Learning_ROS2_21/install/learning_interface/include/learning_interface/learning_interface/srv/detail/get_object_position__rosidl_typesupport_introspection_cpp.hpp
[1.870s] -- Up-to-date: /home/mraurora/Learning_ROS2_21/install/learning_interface/include/learning_interface/learning_interface/action
[1.871s] -- Up-to-date: /home/mraurora/Learning_ROS2_21/install/learning_interface/include/learning_interface/learning_interface/action/detail
[1.871s] -- Up-to-date: /home/mraurora/Learning_ROS2_21/install/learning_interface/include/learning_interface/learning_interface/action/detail/move_circle__rosidl_typesupport_introspection_cpp.hpp
[1.871s] -- Up-to-date: /home/mraurora/Learning_ROS2_21/install/learning_interface/include/learning_interface/learning_interface/action/detail/move_circle__type_support.cpp
[1.871s] -- Up-to-date: /home/mraurora/Learning_ROS2_21/install/learning_interface/include/learning_interface/learning_interface/msg
[1.871s] -- Up-to-date: /home/mraurora/Learning_ROS2_21/install/learning_interface/include/learning_interface/learning_interface/msg/detail
[1.871s] -- Up-to-date: /home/mraurora/Learning_ROS2_21/install/learning_interface/include/learning_interface/learning_interface/msg/detail/object_position__type_support.cpp
[1.871s] -- Up-to-date: /home/mraurora/Learning_ROS2_21/install/learning_interface/include/learning_interface/learning_interface/msg/detail/object_position__rosidl_typesupport_introspection_cpp.hpp
[1.871s] -- Up-to-date: /home/mraurora/Learning_ROS2_21/install/learning_interface/lib/liblearning_interface__rosidl_typesupport_introspection_cpp.so
[1.872s] -- Up-to-date: /home/mraurora/Learning_ROS2_21/install/learning_interface/lib/liblearning_interface__rosidl_typesupport_cpp.so
[1.872s] -- Up-to-date: /home/mraurora/Learning_ROS2_21/install/learning_interface/share/learning_interface/environment/pythonpath.sh
[1.872s] -- Up-to-date: /home/mraurora/Learning_ROS2_21/install/learning_interface/share/learning_interface/environment/pythonpath.dsv
[1.872s] -- Up-to-date: /home/mraurora/Learning_ROS2_21/install/learning_interface/local/lib/python3.10/dist-packages/learning_interface-0.0.0-py3.10.egg-info
[1.872s] -- Installing: /home/mraurora/Learning_ROS2_21/install/learning_interface/local/lib/python3.10/dist-packages/learning_interface-0.0.0-py3.10.egg-info/dependency_links.txt
[1.872s] -- Installing: /home/mraurora/Learning_ROS2_21/install/learning_interface/local/lib/python3.10/dist-packages/learning_interface-0.0.0-py3.10.egg-info/top_level.txt
[1.872s] -- Installing: /home/mraurora/Learning_ROS2_21/install/learning_interface/local/lib/python3.10/dist-packages/learning_interface-0.0.0-py3.10.egg-info/SOURCES.txt
[1.873s] -- Installing: /home/mraurora/Learning_ROS2_21/install/learning_interface/local/lib/python3.10/dist-packages/learning_interface-0.0.0-py3.10.egg-info/PKG-INFO
[1.873s] -- Up-to-date: /home/mraurora/Learning_ROS2_21/install/learning_interface/local/lib/python3.10/dist-packages/learning_interface
[1.873s] -- Up-to-date: /home/mraurora/Learning_ROS2_21/install/learning_interface/local/lib/python3.10/dist-packages/learning_interface/liblearning_interface__rosidl_generator_py.so
[1.873s] -- Up-to-date: /home/mraurora/Learning_ROS2_21/install/learning_interface/local/lib/python3.10/dist-packages/learning_interface/learning_interface_s__rosidl_typesupport_introspection_c.cpython-310-x86_64-linux-gnu.so
[1.873s] -- Up-to-date: /home/mraurora/Learning_ROS2_21/install/learning_interface/local/lib/python3.10/dist-packages/learning_interface/srv
[1.873s] -- Up-to-date: /home/mraurora/Learning_ROS2_21/install/learning_interface/local/lib/python3.10/dist-packages/learning_interface/srv/_get_object_position_s.c
[1.873s] -- Up-to-date: /home/mraurora/Learning_ROS2_21/install/learning_interface/local/lib/python3.10/dist-packages/learning_interface/srv/_add_two_ints_s.c
[1.873s] -- Up-to-date: /home/mraurora/Learning_ROS2_21/install/learning_interface/local/lib/python3.10/dist-packages/learning_interface/srv/__init__.py
[1.873s] -- Up-to-date: /home/mraurora/Learning_ROS2_21/install/learning_interface/local/lib/python3.10/dist-packages/learning_interface/srv/_add_two_ints.py
[1.873s] -- Up-to-date: /home/mraurora/Learning_ROS2_21/install/learning_interface/local/lib/python3.10/dist-packages/learning_interface/srv/_get_object_position.py
[1.873s] -- Up-to-date: /home/mraurora/Learning_ROS2_21/install/learning_interface/local/lib/python3.10/dist-packages/learning_interface/learning_interface_s__rosidl_typesupport_fastrtps_c.cpython-310-x86_64-linux-gnu.so
[1.873s] -- Up-to-date: /home/mraurora/Learning_ROS2_21/install/learning_interface/local/lib/python3.10/dist-packages/learning_interface/_learning_interface_s.ep.rosidl_typesupport_c.c
[1.873s] -- Up-to-date: /home/mraurora/Learning_ROS2_21/install/learning_interface/local/lib/python3.10/dist-packages/learning_interface/action
[1.873s] -- Up-to-date: /home/mraurora/Learning_ROS2_21/install/learning_interface/local/lib/python3.10/dist-packages/learning_interface/action/_move_circle.py
[1.873s] -- Up-to-date: /home/mraurora/Learning_ROS2_21/install/learning_interface/local/lib/python3.10/dist-packages/learning_interface/action/_move_circle_s.c
[1.873s] -- Up-to-date: /home/mraurora/Learning_ROS2_21/install/learning_interface/local/lib/python3.10/dist-packages/learning_interface/action/__init__.py
[1.873s] -- Up-to-date: /home/mraurora/Learning_ROS2_21/install/learning_interface/local/lib/python3.10/dist-packages/learning_interface/msg
[1.873s] -- Up-to-date: /home/mraurora/Learning_ROS2_21/install/learning_interface/local/lib/python3.10/dist-packages/learning_interface/msg/_object_position_s.c
[1.873s] -- Up-to-date: /home/mraurora/Learning_ROS2_21/install/learning_interface/local/lib/python3.10/dist-packages/learning_interface/msg/_object_position.py
[1.873s] -- Up-to-date: /home/mraurora/Learning_ROS2_21/install/learning_interface/local/lib/python3.10/dist-packages/learning_interface/msg/__init__.py
[1.873s] -- Up-to-date: /home/mraurora/Learning_ROS2_21/install/learning_interface/local/lib/python3.10/dist-packages/learning_interface/_learning_interface_s.ep.rosidl_typesupport_fastrtps_c.c
[1.873s] -- Up-to-date: /home/mraurora/Learning_ROS2_21/install/learning_interface/local/lib/python3.10/dist-packages/learning_interface/learning_interface_s__rosidl_typesupport_c.cpython-310-x86_64-linux-gnu.so
[1.873s] -- Up-to-date: /home/mraurora/Learning_ROS2_21/install/learning_interface/local/lib/python3.10/dist-packages/learning_interface/__init__.py
[1.873s] -- Up-to-date: /home/mraurora/Learning_ROS2_21/install/learning_interface/local/lib/python3.10/dist-packages/learning_interface/_learning_interface_s.ep.rosidl_typesupport_introspection_c.c
[1.930s] Listing '/home/mraurora/Learning_ROS2_21/install/learning_interface/local/lib/python3.10/dist-packages/learning_interface'...
[1.930s] Listing '/home/mraurora/Learning_ROS2_21/install/learning_interface/local/lib/python3.10/dist-packages/learning_interface/action'...
[1.931s] Listing '/home/mraurora/Learning_ROS2_21/install/learning_interface/local/lib/python3.10/dist-packages/learning_interface/msg'...
[1.931s] Listing '/home/mraurora/Learning_ROS2_21/install/learning_interface/local/lib/python3.10/dist-packages/learning_interface/srv'...
[1.937s] -- Up-to-date: /home/mraurora/Learning_ROS2_21/install/learning_interface/local/lib/python3.10/dist-packages/learning_interface/learning_interface_s__rosidl_typesupport_fastrtps_c.cpython-310-x86_64-linux-gnu.so
[1.938s] -- Up-to-date: /home/mraurora/Learning_ROS2_21/install/learning_interface/local/lib/python3.10/dist-packages/learning_interface/learning_interface_s__rosidl_typesupport_introspection_c.cpython-310-x86_64-linux-gnu.so
[1.940s] -- Up-to-date: /home/mraurora/Learning_ROS2_21/install/learning_interface/local/lib/python3.10/dist-packages/learning_interface/learning_interface_s__rosidl_typesupport_c.cpython-310-x86_64-linux-gnu.so
[1.943s] -- Up-to-date: /home/mraurora/Learning_ROS2_21/install/learning_interface/lib/liblearning_interface__rosidl_generator_py.so
[1.943s] -- Up-to-date: /home/mraurora/Learning_ROS2_21/install/learning_interface/share/learning_interface/msg/ObjectPosition.idl
[1.943s] -- Up-to-date: /home/mraurora/Learning_ROS2_21/install/learning_interface/share/learning_interface/srv/AddTwoInts.idl
[1.943s] -- Up-to-date: /home/mraurora/Learning_ROS2_21/install/learning_interface/share/learning_interface/srv/GetObjectPosition.idl
[1.943s] -- Up-to-date: /home/mraurora/Learning_ROS2_21/install/learning_interface/share/learning_interface/action/MoveCircle.idl
[1.943s] -- Up-to-date: /home/mraurora/Learning_ROS2_21/install/learning_interface/share/learning_interface/msg/ObjectPosition.msg
[1.944s] -- Up-to-date: /home/mraurora/Learning_ROS2_21/install/learning_interface/share/learning_interface/srv/AddTwoInts.srv
[1.944s] -- Up-to-date: /home/mraurora/Learning_ROS2_21/install/learning_interface/share/learning_interface/srv/AddTwoInts_Request.msg
[1.944s] -- Up-to-date: /home/mraurora/Learning_ROS2_21/install/learning_interface/share/learning_interface/srv/AddTwoInts_Response.msg
[1.944s] -- Up-to-date: /home/mraurora/Learning_ROS2_21/install/learning_interface/share/learning_interface/srv/GetObjectPosition.srv
[1.945s] -- Up-to-date: /home/mraurora/Learning_ROS2_21/install/learning_interface/share/learning_interface/srv/GetObjectPosition_Request.msg
[1.945s] -- Up-to-date: /home/mraurora/Learning_ROS2_21/install/learning_interface/share/learning_interface/srv/GetObjectPosition_Response.msg
[1.945s] -- Up-to-date: /home/mraurora/Learning_ROS2_21/install/learning_interface/share/learning_interface/action/MoveCircle.action
[1.945s] -- Up-to-date: /home/mraurora/Learning_ROS2_21/install/learning_interface/share/ament_index/resource_index/package_run_dependencies/learning_interface
[1.945s] -- Up-to-date: /home/mraurora/Learning_ROS2_21/install/learning_interface/share/ament_index/resource_index/parent_prefix_path/learning_interface
[1.945s] -- Up-to-date: /home/mraurora/Learning_ROS2_21/install/learning_interface/share/learning_interface/environment/ament_prefix_path.sh
[1.945s] -- Up-to-date: /home/mraurora/Learning_ROS2_21/install/learning_interface/share/learning_interface/environment/ament_prefix_path.dsv
[1.945s] -- Up-to-date: /home/mraurora/Learning_ROS2_21/install/learning_interface/share/learning_interface/environment/path.sh
[1.946s] -- Up-to-date: /home/mraurora/Learning_ROS2_21/install/learning_interface/share/learning_interface/environment/path.dsv
[1.946s] -- Up-to-date: /home/mraurora/Learning_ROS2_21/install/learning_interface/share/learning_interface/local_setup.bash
[1.946s] -- Up-to-date: /home/mraurora/Learning_ROS2_21/install/learning_interface/share/learning_interface/local_setup.sh
[1.946s] -- Up-to-date: /home/mraurora/Learning_ROS2_21/install/learning_interface/share/learning_interface/local_setup.zsh
[1.946s] -- Up-to-date: /home/mraurora/Learning_ROS2_21/install/learning_interface/share/learning_interface/local_setup.dsv
[1.947s] -- Installing: /home/mraurora/Learning_ROS2_21/install/learning_interface/share/learning_interface/package.dsv
[1.947s] -- Up-to-date: /home/mraurora/Learning_ROS2_21/install/learning_interface/share/ament_index/resource_index/packages/learning_interface
[1.948s] -- Up-to-date: /home/mraurora/Learning_ROS2_21/install/learning_interface/share/learning_interface/cmake/export_learning_interface__rosidl_generator_cExport.cmake
[1.948s] -- Up-to-date: /home/mraurora/Learning_ROS2_21/install/learning_interface/share/learning_interface/cmake/export_learning_interface__rosidl_generator_cExport-noconfig.cmake
[1.948s] -- Up-to-date: /home/mraurora/Learning_ROS2_21/install/learning_interface/share/learning_interface/cmake/export_learning_interface__rosidl_typesupport_fastrtps_cExport.cmake
[1.948s] -- Up-to-date: /home/mraurora/Learning_ROS2_21/install/learning_interface/share/learning_interface/cmake/export_learning_interface__rosidl_typesupport_fastrtps_cExport-noconfig.cmake
[1.948s] -- Up-to-date: /home/mraurora/Learning_ROS2_21/install/learning_interface/share/learning_interface/cmake/learning_interface__rosidl_typesupport_introspection_cExport.cmake
[1.948s] -- Up-to-date: /home/mraurora/Learning_ROS2_21/install/learning_interface/share/learning_interface/cmake/learning_interface__rosidl_typesupport_introspection_cExport-noconfig.cmake
[1.950s] -- Up-to-date: /home/mraurora/Learning_ROS2_21/install/learning_interface/share/learning_interface/cmake/learning_interface__rosidl_typesupport_cExport.cmake
[1.950s] -- Up-to-date: /home/mraurora/Learning_ROS2_21/install/learning_interface/share/learning_interface/cmake/learning_interface__rosidl_typesupport_cExport-noconfig.cmake
[1.952s] -- Up-to-date: /home/mraurora/Learning_ROS2_21/install/learning_interface/share/learning_interface/cmake/export_learning_interface__rosidl_generator_cppExport.cmake
[1.953s] -- Up-to-date: /home/mraurora/Learning_ROS2_21/install/learning_interface/share/learning_interface/cmake/export_learning_interface__rosidl_typesupport_fastrtps_cppExport.cmake
[1.953s] -- Up-to-date: /home/mraurora/Learning_ROS2_21/install/learning_interface/share/learning_interface/cmake/export_learning_interface__rosidl_typesupport_fastrtps_cppExport-noconfig.cmake
[1.954s] -- Up-to-date: /home/mraurora/Learning_ROS2_21/install/learning_interface/share/learning_interface/cmake/learning_interface__rosidl_typesupport_introspection_cppExport.cmake
[1.955s] -- Up-to-date: /home/mraurora/Learning_ROS2_21/install/learning_interface/share/learning_interface/cmake/learning_interface__rosidl_typesupport_introspection_cppExport-noconfig.cmake
[1.957s] -- Up-to-date: /home/mraurora/Learning_ROS2_21/install/learning_interface/share/learning_interface/cmake/learning_interface__rosidl_typesupport_cppExport.cmake
[1.957s] -- Up-to-date: /home/mraurora/Learning_ROS2_21/install/learning_interface/share/learning_interface/cmake/learning_interface__rosidl_typesupport_cppExport-noconfig.cmake
[1.959s] -- Up-to-date: /home/mraurora/Learning_ROS2_21/install/learning_interface/share/learning_interface/cmake/export_learning_interface__rosidl_generator_pyExport.cmake
[1.959s] -- Up-to-date: /home/mraurora/Learning_ROS2_21/install/learning_interface/share/learning_interface/cmake/export_learning_interface__rosidl_generator_pyExport-noconfig.cmake
[1.959s] -- Up-to-date: /home/mraurora/Learning_ROS2_21/install/learning_interface/share/learning_interface/cmake/rosidl_cmake-extras.cmake
[1.960s] -- Up-to-date: /home/mraurora/Learning_ROS2_21/install/learning_interface/share/learning_interface/cmake/ament_cmake_export_dependencies-extras.cmake
[1.960s] -- Up-to-date: /home/mraurora/Learning_ROS2_21/install/learning_interface/share/learning_interface/cmake/ament_cmake_export_include_directories-extras.cmake
[1.960s] -- Up-to-date: /home/mraurora/Learning_ROS2_21/install/learning_interface/share/learning_interface/cmake/ament_cmake_export_libraries-extras.cmake
[1.960s] -- Up-to-date: /home/mraurora/Learning_ROS2_21/install/learning_interface/share/learning_interface/cmake/ament_cmake_export_targets-extras.cmake
[1.960s] -- Up-to-date: /home/mraurora/Learning_ROS2_21/install/learning_interface/share/learning_interface/cmake/rosidl_cmake_export_typesupport_targets-extras.cmake
[1.960s] -- Up-to-date: /home/mraurora/Learning_ROS2_21/install/learning_interface/share/learning_interface/cmake/rosidl_cmake_export_typesupport_libraries-extras.cmake
[1.960s] -- Up-to-date: /home/mraurora/Learning_ROS2_21/install/learning_interface/share/learning_interface/cmake/learning_interfaceConfig.cmake
[1.960s] -- Up-to-date: /home/mraurora/Learning_ROS2_21/install/learning_interface/share/learning_interface/cmake/learning_interfaceConfig-version.cmake
[1.960s] -- Up-to-date: /home/mraurora/Learning_ROS2_21/install/learning_interface/share/learning_interface/package.xml
[1.998s] Invoked command in '/home/mraurora/Learning_ROS2_21/build/learning_interface' returned '0': CMAKE_PREFIX_PATH=${CMAKE_PREFIX_PATH}:/home/mraurora/Learning_ROS2_21/install/learning_urdf:/home/mraurora/Learning_ROS2_21/install/learning_topic:/home/mraurora/Learning_ROS2_21/install/learning_tf:/home/mraurora/Learning_ROS2_21/install/learning_service:/home/mraurora/Learning_ROS2_21/install/learning_qos:/home/mraurora/Learning_ROS2_21/install/learning_pkg_python:/home/mraurora/Learning_ROS2_21/install/learning_parameter:/home/mraurora/Learning_ROS2_21/install/learning_node:/home/mraurora/Learning_ROS2_21/install/learning_launch:/home/mraurora/Learning_ROS2_21/install/learning_action:/home/mraurora/Learning_ROS2_21/install/learning_gazebo_harmonic:/home/mraurora/Learning_ROS2_21/install/learning_gazebo:/home/mraurora/Learning_ROS2_21/install/learning_cv:/opt/ros/humble CONDA_PROMPT_MODIFIER=(base) /usr/bin/cmake --install /home/mraurora/Learning_ROS2_21/build/learning_interface
