[1.044s] Invoking command in '/home/mraurora/Learning_ROS2_21/build/learning_parameter_cpp': CMAKE_PREFIX_PATH=${CMAKE_PREFIX_PATH}:/home/mraurora/Learning_ROS2_21/install/learning_urdf:/home/mraurora/Learning_ROS2_21/install/learning_topic:/home/mraurora/Learning_ROS2_21/install/learning_tf:/home/mraurora/Learning_ROS2_21/install/learning_service:/home/mraurora/Learning_ROS2_21/install/learning_qos:/home/mraurora/Learning_ROS2_21/install/learning_pkg_python:/home/mraurora/Learning_ROS2_21/install/learning_parameter:/home/mraurora/Learning_ROS2_21/install/learning_node:/home/mraurora/Learning_ROS2_21/install/learning_launch:/home/mraurora/Learning_ROS2_21/install/learning_action:/home/mraurora/Learning_ROS2_21/install/learning_gazebo_harmonic:/home/mraurora/Learning_ROS2_21/install/learning_gazebo:/home/mraurora/Learning_ROS2_21/install/learning_cv:/opt/ros/humble CONDA_PROMPT_MODIFIER=(base) /usr/bin/cmake --build /home/mraurora/Learning_ROS2_21/build/learning_parameter_cpp -- -j20 -l20
[1.711s] [100%] Built target param_declare
[1.738s] Invoked command in '/home/mraurora/Learning_ROS2_21/build/learning_parameter_cpp' returned '0': CMAKE_PREFIX_PATH=${CMAKE_PREFIX_PATH}:/home/mraurora/Learning_ROS2_21/install/learning_urdf:/home/mraurora/Learning_ROS2_21/install/learning_topic:/home/mraurora/Learning_ROS2_21/install/learning_tf:/home/mraurora/Learning_ROS2_21/install/learning_service:/home/mraurora/Learning_ROS2_21/install/learning_qos:/home/mraurora/Learning_ROS2_21/install/learning_pkg_python:/home/mraurora/Learning_ROS2_21/install/learning_parameter:/home/mraurora/Learning_ROS2_21/install/learning_node:/home/mraurora/Learning_ROS2_21/install/learning_launch:/home/mraurora/Learning_ROS2_21/install/learning_action:/home/mraurora/Learning_ROS2_21/install/learning_gazebo_harmonic:/home/mraurora/Learning_ROS2_21/install/learning_gazebo:/home/mraurora/Learning_ROS2_21/install/learning_cv:/opt/ros/humble CONDA_PROMPT_MODIFIER=(base) /usr/bin/cmake --build /home/mraurora/Learning_ROS2_21/build/learning_parameter_cpp -- -j20 -l20
[1.746s] Invoking command in '/home/mraurora/Learning_ROS2_21/build/learning_parameter_cpp': CMAKE_PREFIX_PATH=${CMAKE_PREFIX_PATH}:/home/mraurora/Learning_ROS2_21/install/learning_urdf:/home/mraurora/Learning_ROS2_21/install/learning_topic:/home/mraurora/Learning_ROS2_21/install/learning_tf:/home/mraurora/Learning_ROS2_21/install/learning_service:/home/mraurora/Learning_ROS2_21/install/learning_qos:/home/mraurora/Learning_ROS2_21/install/learning_pkg_python:/home/mraurora/Learning_ROS2_21/install/learning_parameter:/home/mraurora/Learning_ROS2_21/install/learning_node:/home/mraurora/Learning_ROS2_21/install/learning_launch:/home/mraurora/Learning_ROS2_21/install/learning_action:/home/mraurora/Learning_ROS2_21/install/learning_gazebo_harmonic:/home/mraurora/Learning_ROS2_21/install/learning_gazebo:/home/mraurora/Learning_ROS2_21/install/learning_cv:/opt/ros/humble CONDA_PROMPT_MODIFIER=(base) /usr/bin/cmake --install /home/mraurora/Learning_ROS2_21/build/learning_parameter_cpp
[1.763s] -- Install configuration: ""
[1.763s] -- Up-to-date: /home/mraurora/Learning_ROS2_21/install/learning_parameter_cpp/lib/learning_parameter_cpp/param_declare
[1.763s] -- Up-to-date: /home/mraurora/Learning_ROS2_21/install/learning_parameter_cpp/share/ament_index/resource_index/package_run_dependencies/learning_parameter_cpp
[1.763s] -- Up-to-date: /home/mraurora/Learning_ROS2_21/install/learning_parameter_cpp/share/ament_index/resource_index/parent_prefix_path/learning_parameter_cpp
[1.763s] -- Up-to-date: /home/mraurora/Learning_ROS2_21/install/learning_parameter_cpp/share/learning_parameter_cpp/environment/ament_prefix_path.sh
[1.763s] -- Up-to-date: /home/mraurora/Learning_ROS2_21/install/learning_parameter_cpp/share/learning_parameter_cpp/environment/ament_prefix_path.dsv
[1.763s] -- Up-to-date: /home/mraurora/Learning_ROS2_21/install/learning_parameter_cpp/share/learning_parameter_cpp/environment/path.sh
[1.764s] -- Up-to-date: /home/mraurora/Learning_ROS2_21/install/learning_parameter_cpp/share/learning_parameter_cpp/environment/path.dsv
[1.765s] -- Up-to-date: /home/mraurora/Learning_ROS2_21/install/learning_parameter_cpp/share/learning_parameter_cpp/local_setup.bash
[1.765s] -- Up-to-date: /home/mraurora/Learning_ROS2_21/install/learning_parameter_cpp/share/learning_parameter_cpp/local_setup.sh
[1.765s] -- Up-to-date: /home/mraurora/Learning_ROS2_21/install/learning_parameter_cpp/share/learning_parameter_cpp/local_setup.zsh
[1.765s] -- Up-to-date: /home/mraurora/Learning_ROS2_21/install/learning_parameter_cpp/share/learning_parameter_cpp/local_setup.dsv
[1.765s] -- Installing: /home/mraurora/Learning_ROS2_21/install/learning_parameter_cpp/share/learning_parameter_cpp/package.dsv
[1.768s] -- Up-to-date: /home/mraurora/Learning_ROS2_21/install/learning_parameter_cpp/share/ament_index/resource_index/packages/learning_parameter_cpp
[1.768s] -- Up-to-date: /home/mraurora/Learning_ROS2_21/install/learning_parameter_cpp/share/learning_parameter_cpp/cmake/learning_parameter_cppConfig.cmake
[1.768s] -- Up-to-date: /home/mraurora/Learning_ROS2_21/install/learning_parameter_cpp/share/learning_parameter_cpp/cmake/learning_parameter_cppConfig-version.cmake
[1.768s] -- Up-to-date: /home/mraurora/Learning_ROS2_21/install/learning_parameter_cpp/share/learning_parameter_cpp/package.xml
[1.794s] Invoked command in '/home/mraurora/Learning_ROS2_21/build/learning_parameter_cpp' returned '0': CMAKE_PREFIX_PATH=${CMAKE_PREFIX_PATH}:/home/mraurora/Learning_ROS2_21/install/learning_urdf:/home/mraurora/Learning_ROS2_21/install/learning_topic:/home/mraurora/Learning_ROS2_21/install/learning_tf:/home/mraurora/Learning_ROS2_21/install/learning_service:/home/mraurora/Learning_ROS2_21/install/learning_qos:/home/mraurora/Learning_ROS2_21/install/learning_pkg_python:/home/mraurora/Learning_ROS2_21/install/learning_parameter:/home/mraurora/Learning_ROS2_21/install/learning_node:/home/mraurora/Learning_ROS2_21/install/learning_launch:/home/mraurora/Learning_ROS2_21/install/learning_action:/home/mraurora/Learning_ROS2_21/install/learning_gazebo_harmonic:/home/mraurora/Learning_ROS2_21/install/learning_gazebo:/home/mraurora/Learning_ROS2_21/install/learning_cv:/opt/ros/humble CONDA_PROMPT_MODIFIER=(base) /usr/bin/cmake --install /home/mraurora/Learning_ROS2_21/build/learning_parameter_cpp
