[1.879s] Invoking command in '/home/mraurora/Learning_ROS2_21/src/ros2_21_tutorials/learning_launch': PYTHONPATH=/home/mraurora/Learning_ROS2_21/build/learning_launch/prefix_override:/usr/lib/python3/dist-packages/colcon_core/task/python/colcon_distutils_commands:/home/mraurora/Learning_ROS2_21/install/learning_launch/lib/python3.10/site-packages:${PYTHONPATH} /usr/bin/python3 -W ignore:setup.py install is deprecated -W ignore:easy_install command is deprecated setup.py egg_info --egg-base ../../../build/learning_launch build --build-base /home/mraurora/Learning_ROS2_21/build/learning_launch/build install --record /home/mraurora/Learning_ROS2_21/build/learning_launch/install.log --single-version-externally-managed install_data
[2.060s] running egg_info
[2.061s] creating ../../../build/learning_launch/learning_launch.egg-info
[2.061s] writing ../../../build/learning_launch/learning_launch.egg-info/PKG-INFO
[2.061s] writing dependency_links to ../../../build/learning_launch/learning_launch.egg-info/dependency_links.txt
[2.062s] writing entry points to ../../../build/learning_launch/learning_launch.egg-info/entry_points.txt
[2.062s] writing requirements to ../../../build/learning_launch/learning_launch.egg-info/requires.txt
[2.062s] writing top-level names to ../../../build/learning_launch/learning_launch.egg-info/top_level.txt
[2.062s] writing manifest file '../../../build/learning_launch/learning_launch.egg-info/SOURCES.txt'
[2.064s] reading manifest file '../../../build/learning_launch/learning_launch.egg-info/SOURCES.txt'
[2.065s] writing manifest file '../../../build/learning_launch/learning_launch.egg-info/SOURCES.txt'
[2.065s] running build
[2.065s] running build_py
[2.065s] creating /home/mraurora/Learning_ROS2_21/build/learning_launch/build
[2.065s] creating /home/mraurora/Learning_ROS2_21/build/learning_launch/build/lib
[2.065s] creating /home/mraurora/Learning_ROS2_21/build/learning_launch/build/lib/learning_launch
[2.065s] copying learning_launch/__init__.py -> /home/mraurora/Learning_ROS2_21/build/learning_launch/build/lib/learning_launch
[2.065s] running install
[2.066s] running install_lib
[2.066s] creating /home/mraurora/Learning_ROS2_21/install/learning_launch/lib/python3.10/site-packages/learning_launch
[2.067s] copying /home/mraurora/Learning_ROS2_21/build/learning_launch/build/lib/learning_launch/__init__.py -> /home/mraurora/Learning_ROS2_21/install/learning_launch/lib/python3.10/site-packages/learning_launch
[2.067s] byte-compiling /home/mraurora/Learning_ROS2_21/install/learning_launch/lib/python3.10/site-packages/learning_launch/__init__.py to __init__.cpython-310.pyc
[2.067s] running install_data
[2.067s] creating /home/mraurora/Learning_ROS2_21/install/learning_launch/share/ament_index
[2.067s] creating /home/mraurora/Learning_ROS2_21/install/learning_launch/share/ament_index/resource_index
[2.070s] creating /home/mraurora/Learning_ROS2_21/install/learning_launch/share/ament_index/resource_index/packages
[2.070s] copying resource/learning_launch -> /home/mraurora/Learning_ROS2_21/install/learning_launch/share/ament_index/resource_index/packages
[2.071s] copying package.xml -> /home/mraurora/Learning_ROS2_21/install/learning_launch/share/learning_launch
[2.071s] creating /home/mraurora/Learning_ROS2_21/install/learning_launch/share/learning_launch/launch
[2.071s] copying launch/parameters.launch.py -> /home/mraurora/Learning_ROS2_21/install/learning_launch/share/learning_launch/launch
[2.071s] copying launch/parameters_nonamespace.launch.py -> /home/mraurora/Learning_ROS2_21/install/learning_launch/share/learning_launch/launch
[2.071s] copying launch/rviz.launch.py -> /home/mraurora/Learning_ROS2_21/install/learning_launch/share/learning_launch/launch
[2.071s] copying launch/remapping.launch.py -> /home/mraurora/Learning_ROS2_21/install/learning_launch/share/learning_launch/launch
[2.071s] copying launch/simple.launch.py -> /home/mraurora/Learning_ROS2_21/install/learning_launch/share/learning_launch/launch
[2.071s] copying launch/namespaces.launch.py -> /home/mraurora/Learning_ROS2_21/install/learning_launch/share/learning_launch/launch
[2.071s] copying launch/parameters_yaml.launch.py -> /home/mraurora/Learning_ROS2_21/install/learning_launch/share/learning_launch/launch
[2.072s] creating /home/mraurora/Learning_ROS2_21/install/learning_launch/share/learning_launch/config
[2.072s] copying config/turtlesim.yaml -> /home/mraurora/Learning_ROS2_21/install/learning_launch/share/learning_launch/config
[2.072s] creating /home/mraurora/Learning_ROS2_21/install/learning_launch/share/learning_launch/rviz
[2.072s] copying rviz/turtle_rviz.rviz -> /home/mraurora/Learning_ROS2_21/install/learning_launch/share/learning_launch/rviz
[2.072s] running install_egg_info
[2.074s] Copying ../../../build/learning_launch/learning_launch.egg-info to /home/mraurora/Learning_ROS2_21/install/learning_launch/lib/python3.10/site-packages/learning_launch-0.0.0-py3.10.egg-info
[2.075s] running install_scripts
[2.099s] writing list of installed files to '/home/mraurora/Learning_ROS2_21/build/learning_launch/install.log'
[2.134s] Invoked command in '/home/mraurora/Learning_ROS2_21/src/ros2_21_tutorials/learning_launch' returned '0': PYTHONPATH=/home/mraurora/Learning_ROS2_21/build/learning_launch/prefix_override:/usr/lib/python3/dist-packages/colcon_core/task/python/colcon_distutils_commands:/home/mraurora/Learning_ROS2_21/install/learning_launch/lib/python3.10/site-packages:${PYTHONPATH} /usr/bin/python3 -W ignore:setup.py install is deprecated -W ignore:easy_install command is deprecated setup.py egg_info --egg-base ../../../build/learning_launch build --build-base /home/mraurora/Learning_ROS2_21/build/learning_launch/build install --record /home/mraurora/Learning_ROS2_21/build/learning_launch/install.log --single-version-externally-managed install_data
