[0.986s] Invoking command in '/home/mraurora/Learning_ROS2_21/build/learning_node_cpp': CMAKE_PREFIX_PATH=${CMAKE_PREFIX_PATH}:/home/mraurora/Learning_ROS2_21/install/learning_urdf:/home/mraurora/Learning_ROS2_21/install/learning_topic:/home/mraurora/Learning_ROS2_21/install/learning_tf:/home/mraurora/Learning_ROS2_21/install/learning_service:/home/mraurora/Learning_ROS2_21/install/learning_qos:/home/mraurora/Learning_ROS2_21/install/learning_pkg_python:/home/mraurora/Learning_ROS2_21/install/learning_parameter:/home/mraurora/Learning_ROS2_21/install/learning_node:/home/mraurora/Learning_ROS2_21/install/learning_launch:/home/mraurora/Learning_ROS2_21/install/learning_action:/home/mraurora/Learning_ROS2_21/install/learning_gazebo_harmonic:/home/mraurora/Learning_ROS2_21/install/learning_gazebo:/home/mraurora/Learning_ROS2_21/install/learning_cv:/opt/ros/humble CONDA_PROMPT_MODIFIER=(base) /usr/bin/cmake --build /home/mraurora/Learning_ROS2_21/build/learning_node_cpp -- -j20 -l20
[1.883s] -- Found ament_cmake: 1.3.12 (/opt/ros/humble/share/ament_cmake/cmake)
[1.883s] -- Found rclcpp: 16.0.16 (/opt/ros/humble/share/rclcpp/cmake)
[1.883s] -- Found rosidl_generator_c: 3.1.7 (/opt/ros/humble/share/rosidl_generator_c/cmake)
[1.883s] -- Found rosidl_adapter: 3.1.7 (/opt/ros/humble/share/rosidl_adapter/cmake)
[1.883s] -- Found rosidl_generator_cpp: 3.1.7 (/opt/ros/humble/share/rosidl_generator_cpp/cmake)
[1.884s] -- Using all available rosidl_typesupport_c: rosidl_typesupport_fastrtps_c;rosidl_typesupport_introspection_c
[1.884s] -- Using all available rosidl_typesupport_cpp: rosidl_typesupport_fastrtps_cpp;rosidl_typesupport_introspection_cpp
[1.884s] -- Found rmw_implementation_cmake: 6.1.2 (/opt/ros/humble/share/rmw_implementation_cmake/cmake)
[1.884s] -- Found rmw_fastrtps_cpp: 6.2.9 (/opt/ros/humble/share/rmw_fastrtps_cpp/cmake)
[1.884s] -- Using RMW implementation 'rmw_fastrtps_cpp' as default
[1.884s] -- Found ament_lint_auto: 0.12.14 (/opt/ros/humble/share/ament_lint_auto/cmake)
[1.884s] -- Added test 'cppcheck' to perform static code analysis on C / C++ code
[1.884s] -- Configured cppcheck include dirs: 
[1.884s] -- Configured cppcheck exclude dirs and/or files: 
[1.884s] -- Added test 'lint_cmake' to check CMake code style
[1.884s] -- Added test 'uncrustify' to check C / C++ code style
[1.884s] -- Configured uncrustify additional arguments: 
[1.884s] -- Added test 'xmllint' to check XML markup files
[1.884s] -- Configuring done
[1.884s] -- Generating done
[1.884s] -- Build files have been written to: /home/mraurora/Learning_ROS2_21/build/learning_node_cpp
[1.884s] [35m[1mConsolidate compiler generated dependencies of target node_helloworld_class[0m
[1.884s] [ 50%] [32mBuilding CXX object CMakeFiles/node_helloworld_class.dir/src/node_helloworld_class.cpp.o[0m
[5.331s] [100%] [32m[1mLinking CXX executable node_helloworld_class[0m
[5.544s] [100%] Built target node_helloworld_class
[5.558s] Invoked command in '/home/mraurora/Learning_ROS2_21/build/learning_node_cpp' returned '0': CMAKE_PREFIX_PATH=${CMAKE_PREFIX_PATH}:/home/mraurora/Learning_ROS2_21/install/learning_urdf:/home/mraurora/Learning_ROS2_21/install/learning_topic:/home/mraurora/Learning_ROS2_21/install/learning_tf:/home/mraurora/Learning_ROS2_21/install/learning_service:/home/mraurora/Learning_ROS2_21/install/learning_qos:/home/mraurora/Learning_ROS2_21/install/learning_pkg_python:/home/mraurora/Learning_ROS2_21/install/learning_parameter:/home/mraurora/Learning_ROS2_21/install/learning_node:/home/mraurora/Learning_ROS2_21/install/learning_launch:/home/mraurora/Learning_ROS2_21/install/learning_action:/home/mraurora/Learning_ROS2_21/install/learning_gazebo_harmonic:/home/mraurora/Learning_ROS2_21/install/learning_gazebo:/home/mraurora/Learning_ROS2_21/install/learning_cv:/opt/ros/humble CONDA_PROMPT_MODIFIER=(base) /usr/bin/cmake --build /home/mraurora/Learning_ROS2_21/build/learning_node_cpp -- -j20 -l20
[5.561s] Invoking command in '/home/mraurora/Learning_ROS2_21/build/learning_node_cpp': CMAKE_PREFIX_PATH=${CMAKE_PREFIX_PATH}:/home/mraurora/Learning_ROS2_21/install/learning_urdf:/home/mraurora/Learning_ROS2_21/install/learning_topic:/home/mraurora/Learning_ROS2_21/install/learning_tf:/home/mraurora/Learning_ROS2_21/install/learning_service:/home/mraurora/Learning_ROS2_21/install/learning_qos:/home/mraurora/Learning_ROS2_21/install/learning_pkg_python:/home/mraurora/Learning_ROS2_21/install/learning_parameter:/home/mraurora/Learning_ROS2_21/install/learning_node:/home/mraurora/Learning_ROS2_21/install/learning_launch:/home/mraurora/Learning_ROS2_21/install/learning_action:/home/mraurora/Learning_ROS2_21/install/learning_gazebo_harmonic:/home/mraurora/Learning_ROS2_21/install/learning_gazebo:/home/mraurora/Learning_ROS2_21/install/learning_cv:/opt/ros/humble CONDA_PROMPT_MODIFIER=(base) /usr/bin/cmake --install /home/mraurora/Learning_ROS2_21/build/learning_node_cpp
[5.572s] -- Install configuration: ""
[5.572s] -- Installing: /home/mraurora/Learning_ROS2_21/install/learning_node_cpp/lib/learning_node_cpp/node_helloworld_class
[5.573s] -- Set runtime path of "/home/mraurora/Learning_ROS2_21/install/learning_node_cpp/lib/learning_node_cpp/node_helloworld_class" to ""
[5.573s] -- Up-to-date: /home/mraurora/Learning_ROS2_21/install/learning_node_cpp/share/ament_index/resource_index/package_run_dependencies/learning_node_cpp
[5.573s] -- Installing: /home/mraurora/Learning_ROS2_21/install/learning_node_cpp/share/ament_index/resource_index/parent_prefix_path/learning_node_cpp
[5.573s] -- Up-to-date: /home/mraurora/Learning_ROS2_21/install/learning_node_cpp/share/learning_node_cpp/environment/ament_prefix_path.sh
[5.573s] -- Installing: /home/mraurora/Learning_ROS2_21/install/learning_node_cpp/share/learning_node_cpp/environment/ament_prefix_path.dsv
[5.574s] -- Up-to-date: /home/mraurora/Learning_ROS2_21/install/learning_node_cpp/share/learning_node_cpp/environment/path.sh
[5.574s] -- Installing: /home/mraurora/Learning_ROS2_21/install/learning_node_cpp/share/learning_node_cpp/environment/path.dsv
[5.574s] -- Up-to-date: /home/mraurora/Learning_ROS2_21/install/learning_node_cpp/share/learning_node_cpp/local_setup.bash
[5.574s] -- Up-to-date: /home/mraurora/Learning_ROS2_21/install/learning_node_cpp/share/learning_node_cpp/local_setup.sh
[5.574s] -- Up-to-date: /home/mraurora/Learning_ROS2_21/install/learning_node_cpp/share/learning_node_cpp/local_setup.zsh
[5.574s] -- Installing: /home/mraurora/Learning_ROS2_21/install/learning_node_cpp/share/learning_node_cpp/local_setup.dsv
[5.575s] -- Installing: /home/mraurora/Learning_ROS2_21/install/learning_node_cpp/share/learning_node_cpp/package.dsv
[5.575s] -- Up-to-date: /home/mraurora/Learning_ROS2_21/install/learning_node_cpp/share/ament_index/resource_index/packages/learning_node_cpp
[5.575s] -- Up-to-date: /home/mraurora/Learning_ROS2_21/install/learning_node_cpp/share/learning_node_cpp/cmake/learning_node_cppConfig.cmake
[5.575s] -- Up-to-date: /home/mraurora/Learning_ROS2_21/install/learning_node_cpp/share/learning_node_cpp/cmake/learning_node_cppConfig-version.cmake
[5.575s] -- Up-to-date: /home/mraurora/Learning_ROS2_21/install/learning_node_cpp/share/learning_node_cpp/package.xml
[5.579s] Invoked command in '/home/mraurora/Learning_ROS2_21/build/learning_node_cpp' returned '0': CMAKE_PREFIX_PATH=${CMAKE_PREFIX_PATH}:/home/mraurora/Learning_ROS2_21/install/learning_urdf:/home/mraurora/Learning_ROS2_21/install/learning_topic:/home/mraurora/Learning_ROS2_21/install/learning_tf:/home/mraurora/Learning_ROS2_21/install/learning_service:/home/mraurora/Learning_ROS2_21/install/learning_qos:/home/mraurora/Learning_ROS2_21/install/learning_pkg_python:/home/mraurora/Learning_ROS2_21/install/learning_parameter:/home/mraurora/Learning_ROS2_21/install/learning_node:/home/mraurora/Learning_ROS2_21/install/learning_launch:/home/mraurora/Learning_ROS2_21/install/learning_action:/home/mraurora/Learning_ROS2_21/install/learning_gazebo_harmonic:/home/mraurora/Learning_ROS2_21/install/learning_gazebo:/home/mraurora/Learning_ROS2_21/install/learning_cv:/opt/ros/humble CONDA_PROMPT_MODIFIER=(base) /usr/bin/cmake --install /home/mraurora/Learning_ROS2_21/build/learning_node_cpp
