[1.304s] Invoking command in '/home/mraurora/Learning_ROS2_21/build/learning_tf_cpp': CMAKE_PREFIX_PATH=/opt/ros/humble /usr/bin/cmake /home/mraurora/Learning_ROS2_21/src/ros2_21_tutorials/learning_tf_cpp -DCMAKE_INSTALL_PREFIX=/home/mraurora/Learning_ROS2_21/install/learning_tf_cpp
[1.479s] -- The C compiler identification is GNU 11.4.0
[1.479s] -- The CXX compiler identification is GNU 11.4.0
[1.479s] -- Detecting C compiler ABI info
[1.479s] -- Detecting C compiler ABI info - done
[1.481s] -- Check for working C compiler: /usr/bin/cc - skipped
[1.482s] -- Detecting C compile features
[1.482s] -- Detecting C compile features - done
[1.482s] -- Detecting CXX compiler ABI info
[1.564s] -- Detecting CXX compiler ABI info - done
[1.572s] -- Check for working CXX compiler: /usr/bin/c++ - skipped
[1.572s] -- Detecting CXX compile features
[1.572s] -- Detecting CXX compile features - done
[1.574s] -- Found ament_cmake: 1.3.12 (/opt/ros/humble/share/ament_cmake/cmake)
[1.713s] -- Found Python3: /usr/bin/python3 (found version "3.10.12") found components: Interpreter 
[1.793s] -- Found geometry_msgs: 4.9.0 (/opt/ros/humble/share/geometry_msgs/cmake)
[1.821s] -- Found rosidl_generator_c: 3.1.7 (/opt/ros/humble/share/rosidl_generator_c/cmake)
[1.824s] -- Found rosidl_adapter: 3.1.7 (/opt/ros/humble/share/rosidl_adapter/cmake)
[1.831s] -- Found rosidl_generator_cpp: 3.1.7 (/opt/ros/humble/share/rosidl_generator_cpp/cmake)
[1.842s] -- Using all available rosidl_typesupport_c: rosidl_typesupport_fastrtps_c;rosidl_typesupport_introspection_c
[1.856s] -- Using all available rosidl_typesupport_cpp: rosidl_typesupport_fastrtps_cpp;rosidl_typesupport_introspection_cpp
[1.902s] -- Found rclcpp: 16.0.15 (/opt/ros/humble/share/rclcpp/cmake)
[1.940s] -- Found rmw_implementation_cmake: 6.1.2 (/opt/ros/humble/share/rmw_implementation_cmake/cmake)
[1.943s] -- Found rmw_fastrtps_cpp: 6.2.9 (/opt/ros/humble/share/rmw_fastrtps_cpp/cmake)
[2.019s] -- Found OpenSSL: /usr/lib/x86_64-linux-gnu/libcrypto.so (found version "3.0.2")  
[2.045s] -- Found FastRTPS: /opt/ros/humble/include  
[2.087s] -- Using RMW implementation 'rmw_fastrtps_cpp' as default
[2.095s] -- Looking for pthread.h
[2.150s] -- Looking for pthread.h - found
[2.150s] -- Performing Test CMAKE_HAVE_LIBC_PTHREAD
[2.211s] -- Performing Test CMAKE_HAVE_LIBC_PTHREAD - Success
[2.211s] -- Found Threads: TRUE  
[2.243s] -- Found tf2: 0.25.16 (/opt/ros/humble/share/tf2/cmake)
[2.249s] -- Found tf2_ros: 0.25.16 (/opt/ros/humble/share/tf2_ros/cmake)
[2.306s] -- Found turtlesim: 1.4.3 (/opt/ros/humble/share/turtlesim/cmake)
[2.317s] -- Found ament_lint_auto: 0.12.14 (/opt/ros/humble/share/ament_lint_auto/cmake)
[2.370s] -- Added test 'cppcheck' to perform static code analysis on C / C++ code
[2.371s] -- Configured cppcheck include dirs: 
[2.371s] -- Configured cppcheck exclude dirs and/or files: 
[2.371s] -- Added test 'flake8' to check Python code syntax and style conventions
[2.371s] -- Added test 'lint_cmake' to check CMake code style
[2.371s] -- Added test 'pep257' to check Python code against some of the docstring style conventions in PEP 257
[2.372s] -- Added test 'uncrustify' to check C / C++ code style
[2.372s] -- Configured uncrustify additional arguments: 
[2.372s] -- Added test 'xmllint' to check XML markup files
[2.373s] -- Configuring done
[2.386s] -- Generating done
[2.392s] -- Build files have been written to: /home/mraurora/Learning_ROS2_21/build/learning_tf_cpp
[2.399s] Invoked command in '/home/mraurora/Learning_ROS2_21/build/learning_tf_cpp' returned '0': CMAKE_PREFIX_PATH=/opt/ros/humble /usr/bin/cmake /home/mraurora/Learning_ROS2_21/src/ros2_21_tutorials/learning_tf_cpp -DCMAKE_INSTALL_PREFIX=/home/mraurora/Learning_ROS2_21/install/learning_tf_cpp
[2.400s] Invoking command in '/home/mraurora/Learning_ROS2_21/build/learning_tf_cpp': CMAKE_PREFIX_PATH=/opt/ros/humble /usr/bin/cmake --build /home/mraurora/Learning_ROS2_21/build/learning_tf_cpp -- -j20 -l20
[2.453s] [ 12%] [32mBuilding CXX object CMakeFiles/tf_listener.dir/src/tf_listener.cpp.o[0m
[2.456s] [ 50%] [32mBuilding CXX object CMakeFiles/static_tf_broadcaster.dir/src/static_tf_broadcaster.cpp.o[0m
[2.457s] [ 50%] [32mBuilding CXX object CMakeFiles/turtle_tf_broadcaster.dir/src/turtle_tf_broadcaster.cpp.o[0m
[2.457s] [ 50%] [32mBuilding CXX object CMakeFiles/turtle_following.dir/src/turtle_following.cpp.o[0m
[5.139s] [ 62%] [32m[1mLinking CXX executable tf_listener[0m
[5.276s] [ 62%] Built target tf_listener
[5.598s] [ 75%] [32m[1mLinking CXX executable static_tf_broadcaster[0m
[5.737s] [ 75%] Built target static_tf_broadcaster
[7.131s] [ 87%] [32m[1mLinking CXX executable turtle_following[0m
[7.446s] [ 87%] Built target turtle_following
[8.371s] [100%] [32m[1mLinking CXX executable turtle_tf_broadcaster[0m
[8.668s] [100%] Built target turtle_tf_broadcaster
[8.682s] Invoked command in '/home/mraurora/Learning_ROS2_21/build/learning_tf_cpp' returned '0': CMAKE_PREFIX_PATH=/opt/ros/humble /usr/bin/cmake --build /home/mraurora/Learning_ROS2_21/build/learning_tf_cpp -- -j20 -l20
[8.682s] Invoking command in '/home/mraurora/Learning_ROS2_21/build/learning_tf_cpp': CMAKE_PREFIX_PATH=/opt/ros/humble /usr/bin/cmake --install /home/mraurora/Learning_ROS2_21/build/learning_tf_cpp
[8.688s] -- Install configuration: ""
[8.688s] -- Installing: /home/mraurora/Learning_ROS2_21/install/learning_tf_cpp/lib/learning_tf_cpp/static_tf_broadcaster
[8.689s] -- Set runtime path of "/home/mraurora/Learning_ROS2_21/install/learning_tf_cpp/lib/learning_tf_cpp/static_tf_broadcaster" to ""
[8.689s] -- Installing: /home/mraurora/Learning_ROS2_21/install/learning_tf_cpp/lib/learning_tf_cpp/turtle_tf_broadcaster
[8.691s] -- Set runtime path of "/home/mraurora/Learning_ROS2_21/install/learning_tf_cpp/lib/learning_tf_cpp/turtle_tf_broadcaster" to ""
[8.691s] -- Installing: /home/mraurora/Learning_ROS2_21/install/learning_tf_cpp/lib/learning_tf_cpp/tf_listener
[8.691s] -- Set runtime path of "/home/mraurora/Learning_ROS2_21/install/learning_tf_cpp/lib/learning_tf_cpp/tf_listener" to ""
[8.691s] -- Installing: /home/mraurora/Learning_ROS2_21/install/learning_tf_cpp/lib/learning_tf_cpp/turtle_following
[8.692s] -- Set runtime path of "/home/mraurora/Learning_ROS2_21/install/learning_tf_cpp/lib/learning_tf_cpp/turtle_following" to ""
[8.692s] -- Installing: /home/mraurora/Learning_ROS2_21/install/learning_tf_cpp/share/learning_tf_cpp//launch
[8.692s] -- Installing: /home/mraurora/Learning_ROS2_21/install/learning_tf_cpp/share/learning_tf_cpp//launch/turtle_following_demo.launch.py
[8.692s] -- Installing: /home/mraurora/Learning_ROS2_21/install/learning_tf_cpp/share/ament_index/resource_index/package_run_dependencies/learning_tf_cpp
[8.692s] -- Installing: /home/mraurora/Learning_ROS2_21/install/learning_tf_cpp/share/ament_index/resource_index/parent_prefix_path/learning_tf_cpp
[8.692s] -- Installing: /home/mraurora/Learning_ROS2_21/install/learning_tf_cpp/share/learning_tf_cpp/environment/ament_prefix_path.sh
[8.692s] -- Installing: /home/mraurora/Learning_ROS2_21/install/learning_tf_cpp/share/learning_tf_cpp/environment/ament_prefix_path.dsv
[8.692s] -- Installing: /home/mraurora/Learning_ROS2_21/install/learning_tf_cpp/share/learning_tf_cpp/environment/path.sh
[8.692s] -- Installing: /home/mraurora/Learning_ROS2_21/install/learning_tf_cpp/share/learning_tf_cpp/environment/path.dsv
[8.693s] -- Installing: /home/mraurora/Learning_ROS2_21/install/learning_tf_cpp/share/learning_tf_cpp/local_setup.bash
[8.693s] -- Installing: /home/mraurora/Learning_ROS2_21/install/learning_tf_cpp/share/learning_tf_cpp/local_setup.sh
[8.693s] -- Installing: /home/mraurora/Learning_ROS2_21/install/learning_tf_cpp/share/learning_tf_cpp/local_setup.zsh
[8.693s] -- Installing: /home/mraurora/Learning_ROS2_21/install/learning_tf_cpp/share/learning_tf_cpp/local_setup.dsv
[8.693s] -- Installing: /home/mraurora/Learning_ROS2_21/install/learning_tf_cpp/share/learning_tf_cpp/package.dsv
[8.693s] -- Installing: /home/mraurora/Learning_ROS2_21/install/learning_tf_cpp/share/ament_index/resource_index/packages/learning_tf_cpp
[8.693s] -- Installing: /home/mraurora/Learning_ROS2_21/install/learning_tf_cpp/share/learning_tf_cpp/cmake/learning_tf_cppConfig.cmake
[8.693s] -- Installing: /home/mraurora/Learning_ROS2_21/install/learning_tf_cpp/share/learning_tf_cpp/cmake/learning_tf_cppConfig-version.cmake
[8.693s] -- Installing: /home/mraurora/Learning_ROS2_21/install/learning_tf_cpp/share/learning_tf_cpp/package.xml
[8.695s] Invoked command in '/home/mraurora/Learning_ROS2_21/build/learning_tf_cpp' returned '0': CMAKE_PREFIX_PATH=/opt/ros/humble /usr/bin/cmake --install /home/mraurora/Learning_ROS2_21/build/learning_tf_cpp
