[1.456s] Invoking command in '/home/mraurora/Learning_ROS2_21/src/ros2_21_tutorials/learning_action': CMAKE_PREFIX_PATH=/home/mraurora/Learning_ROS2_21/install/learning_interface:/home/mraurora/Learning_ROS2_21/install/learning_topic_cpp:/home/mraurora/Learning_ROS2_21/install/learning_tf_cpp:/home/mraurora/Learning_ROS2_21/install/learning_service_cpp:/home/mraurora/Learning_ROS2_21/install/learning_pkg_c:/home/mraurora/Learning_ROS2_21/install/learning_parameter_cpp:/home/mraurora/Learning_ROS2_21/install/learning_node_cpp:/home/mraurora/Learning_ROS2_21/install/learning_action_cpp CONDA_PROMPT_MODIFIER=(base) PYTHONPATH=/home/mraurora/Learning_ROS2_21/build/learning_action/prefix_override:/usr/lib/python3/dist-packages/colcon_core/task/python/colcon_distutils_commands:/home/mraurora/Learning_ROS2_21/install/learning_action/lib/python3.10/site-packages:${PYTHONPATH} /usr/bin/python3 -W ignore:setup.py install is deprecated -W ignore:easy_install command is deprecated setup.py egg_info --egg-base ../../../build/learning_action build --build-base /home/mraurora/Learning_ROS2_21/build/learning_action/build install --record /home/mraurora/Learning_ROS2_21/build/learning_action/install.log --single-version-externally-managed install_data
[1.795s] running egg_info
[1.795s] writing ../../../build/learning_action/learning_action.egg-info/PKG-INFO
[1.796s] writing dependency_links to ../../../build/learning_action/learning_action.egg-info/dependency_links.txt
[1.796s] writing entry points to ../../../build/learning_action/learning_action.egg-info/entry_points.txt
[1.797s] writing requirements to ../../../build/learning_action/learning_action.egg-info/requires.txt
[1.797s] writing top-level names to ../../../build/learning_action/learning_action.egg-info/top_level.txt
[1.801s] reading manifest file '../../../build/learning_action/learning_action.egg-info/SOURCES.txt'
[1.804s] writing manifest file '../../../build/learning_action/learning_action.egg-info/SOURCES.txt'
[1.804s] running build
[1.804s] running build_py
[1.805s] running install
[1.805s] running install_lib
[1.808s] running install_data
[1.808s] running install_egg_info
[1.810s] removing '/home/mraurora/Learning_ROS2_21/install/learning_action/lib/python3.10/site-packages/learning_action-0.0.0-py3.10.egg-info' (and everything under it)
[1.811s] Copying ../../../build/learning_action/learning_action.egg-info to /home/mraurora/Learning_ROS2_21/install/learning_action/lib/python3.10/site-packages/learning_action-0.0.0-py3.10.egg-info
[1.812s] running install_scripts
[1.847s] Installing action_move_client script to /home/mraurora/Learning_ROS2_21/install/learning_action/lib/learning_action
[1.848s] Installing action_move_server script to /home/mraurora/Learning_ROS2_21/install/learning_action/lib/learning_action
[1.848s] writing list of installed files to '/home/mraurora/Learning_ROS2_21/build/learning_action/install.log'
[1.903s] Invoked command in '/home/mraurora/Learning_ROS2_21/src/ros2_21_tutorials/learning_action' returned '0': CMAKE_PREFIX_PATH=/home/mraurora/Learning_ROS2_21/install/learning_interface:/home/mraurora/Learning_ROS2_21/install/learning_topic_cpp:/home/mraurora/Learning_ROS2_21/install/learning_tf_cpp:/home/mraurora/Learning_ROS2_21/install/learning_service_cpp:/home/mraurora/Learning_ROS2_21/install/learning_pkg_c:/home/mraurora/Learning_ROS2_21/install/learning_parameter_cpp:/home/mraurora/Learning_ROS2_21/install/learning_node_cpp:/home/mraurora/Learning_ROS2_21/install/learning_action_cpp CONDA_PROMPT_MODIFIER=(base) PYTHONPATH=/home/mraurora/Learning_ROS2_21/build/learning_action/prefix_override:/usr/lib/python3/dist-packages/colcon_core/task/python/colcon_distutils_commands:/home/mraurora/Learning_ROS2_21/install/learning_action/lib/python3.10/site-packages:${PYTHONPATH} /usr/bin/python3 -W ignore:setup.py install is deprecated -W ignore:easy_install command is deprecated setup.py egg_info --egg-base ../../../build/learning_action build --build-base /home/mraurora/Learning_ROS2_21/build/learning_action/build install --record /home/mraurora/Learning_ROS2_21/build/learning_action/install.log --single-version-externally-managed install_data
