[0.846s] Invoking command in '/home/mraurora/Learning_ROS2_21/src/ros2_21_tutorials/learning_topic': CMAKE_PREFIX_PATH=/home/mraurora/Learning_ROS2_21/install/learning_interface:/home/mraurora/Learning_ROS2_21/install/learning_topic_cpp:/home/mraurora/Learning_ROS2_21/install/learning_tf_cpp:/home/mraurora/Learning_ROS2_21/install/learning_service_cpp:/home/mraurora/Learning_ROS2_21/install/learning_pkg_c:/home/mraurora/Learning_ROS2_21/install/learning_parameter_cpp:/home/mraurora/Learning_ROS2_21/install/learning_node_cpp:/home/mraurora/Learning_ROS2_21/install/learning_action_cpp CONDA_PROMPT_MODIFIER=(base) PYTHONPATH=/home/mraurora/Learning_ROS2_21/build/learning_topic/prefix_override:/usr/lib/python3/dist-packages/colcon_core/task/python/colcon_distutils_commands:/home/mraurora/Learning_ROS2_21/install/learning_topic/lib/python3.10/site-packages:${PYTHONPATH} /usr/bin/python3 -W ignore:setup.py install is deprecated -W ignore:easy_install command is deprecated setup.py egg_info --egg-base ../../../build/learning_topic build --build-base /home/mraurora/Learning_ROS2_21/build/learning_topic/build install --record /home/mraurora/Learning_ROS2_21/build/learning_topic/install.log --single-version-externally-managed install_data
[0.988s] running egg_info
[0.989s] writing ../../../build/learning_topic/learning_topic.egg-info/PKG-INFO
[0.989s] writing dependency_links to ../../../build/learning_topic/learning_topic.egg-info/dependency_links.txt
[0.989s] writing entry points to ../../../build/learning_topic/learning_topic.egg-info/entry_points.txt
[0.989s] writing requirements to ../../../build/learning_topic/learning_topic.egg-info/requires.txt
[0.989s] writing top-level names to ../../../build/learning_topic/learning_topic.egg-info/top_level.txt
[0.990s] reading manifest file '../../../build/learning_topic/learning_topic.egg-info/SOURCES.txt'
[0.991s] writing manifest file '../../../build/learning_topic/learning_topic.egg-info/SOURCES.txt'
[0.991s] running build
[0.991s] running build_py
[0.991s] running install
[0.991s] running install_lib
[0.992s] running install_data
[0.992s] running install_egg_info
[0.993s] removing '/home/mraurora/Learning_ROS2_21/install/learning_topic/lib/python3.10/site-packages/learning_topic-0.0.0-py3.10.egg-info' (and everything under it)
[0.994s] Copying ../../../build/learning_topic/learning_topic.egg-info to /home/mraurora/Learning_ROS2_21/install/learning_topic/lib/python3.10/site-packages/learning_topic-0.0.0-py3.10.egg-info
[0.994s] running install_scripts
[1.009s] Installing interface_object_pub script to /home/mraurora/Learning_ROS2_21/install/learning_topic/lib/learning_topic
[1.009s] Installing interface_object_sub script to /home/mraurora/Learning_ROS2_21/install/learning_topic/lib/learning_topic
[1.009s] Installing topic_helloworld_pub script to /home/mraurora/Learning_ROS2_21/install/learning_topic/lib/learning_topic
[1.009s] Installing topic_helloworld_sub script to /home/mraurora/Learning_ROS2_21/install/learning_topic/lib/learning_topic
[1.009s] Installing topic_webcam_pub script to /home/mraurora/Learning_ROS2_21/install/learning_topic/lib/learning_topic
[1.009s] Installing topic_webcam_sub script to /home/mraurora/Learning_ROS2_21/install/learning_topic/lib/learning_topic
[1.009s] writing list of installed files to '/home/mraurora/Learning_ROS2_21/build/learning_topic/install.log'
[1.024s] Invoked command in '/home/mraurora/Learning_ROS2_21/src/ros2_21_tutorials/learning_topic' returned '0': CMAKE_PREFIX_PATH=/home/mraurora/Learning_ROS2_21/install/learning_interface:/home/mraurora/Learning_ROS2_21/install/learning_topic_cpp:/home/mraurora/Learning_ROS2_21/install/learning_tf_cpp:/home/mraurora/Learning_ROS2_21/install/learning_service_cpp:/home/mraurora/Learning_ROS2_21/install/learning_pkg_c:/home/mraurora/Learning_ROS2_21/install/learning_parameter_cpp:/home/mraurora/Learning_ROS2_21/install/learning_node_cpp:/home/mraurora/Learning_ROS2_21/install/learning_action_cpp CONDA_PROMPT_MODIFIER=(base) PYTHONPATH=/home/mraurora/Learning_ROS2_21/build/learning_topic/prefix_override:/usr/lib/python3/dist-packages/colcon_core/task/python/colcon_distutils_commands:/home/mraurora/Learning_ROS2_21/install/learning_topic/lib/python3.10/site-packages:${PYTHONPATH} /usr/bin/python3 -W ignore:setup.py install is deprecated -W ignore:easy_install command is deprecated setup.py egg_info --egg-base ../../../build/learning_topic build --build-base /home/mraurora/Learning_ROS2_21/build/learning_topic/build install --record /home/mraurora/Learning_ROS2_21/build/learning_topic/install.log --single-version-externally-managed install_data
