[1.663s] Invoking command in '/home/mraurora/Learning_ROS2_21/build/learning_topic_cpp': CMAKE_PREFIX_PATH=${CMAKE_PREFIX_PATH}:/home/mraurora/Learning_ROS2_21/install/learning_urdf:/home/mraurora/Learning_ROS2_21/install/learning_topic:/home/mraurora/Learning_ROS2_21/install/learning_tf:/home/mraurora/Learning_ROS2_21/install/learning_service:/home/mraurora/Learning_ROS2_21/install/learning_qos:/home/mraurora/Learning_ROS2_21/install/learning_pkg_python:/home/mraurora/Learning_ROS2_21/install/learning_parameter:/home/mraurora/Learning_ROS2_21/install/learning_node:/home/mraurora/Learning_ROS2_21/install/learning_launch:/home/mraurora/Learning_ROS2_21/install/learning_action:/home/mraurora/Learning_ROS2_21/install/learning_gazebo_harmonic:/home/mraurora/Learning_ROS2_21/install/learning_gazebo:/home/mraurora/Learning_ROS2_21/install/learning_cv:/opt/ros/humble CONDA_PROMPT_MODIFIER=(base) /usr/bin/cmake --build /home/mraurora/Learning_ROS2_21/build/learning_topic_cpp -- -j20 -l20
[1.856s] -- Found ament_cmake: 1.3.12 (/opt/ros/humble/share/ament_cmake/cmake)
[1.856s] -- Found rclcpp: 16.0.16 (/opt/ros/humble/share/rclcpp/cmake)
[1.856s] -- Found rosidl_generator_c: 3.1.7 (/opt/ros/humble/share/rosidl_generator_c/cmake)
[1.856s] -- Found rosidl_adapter: 3.1.7 (/opt/ros/humble/share/rosidl_adapter/cmake)
[1.856s] -- Found rosidl_generator_cpp: 3.1.7 (/opt/ros/humble/share/rosidl_generator_cpp/cmake)
[1.856s] -- Using all available rosidl_typesupport_c: rosidl_typesupport_fastrtps_c;rosidl_typesupport_introspection_c
[1.856s] -- Using all available rosidl_typesupport_cpp: rosidl_typesupport_fastrtps_cpp;rosidl_typesupport_introspection_cpp
[1.878s] -- Found rmw_implementation_cmake: 6.1.2 (/opt/ros/humble/share/rmw_implementation_cmake/cmake)
[1.886s] -- Found rmw_fastrtps_cpp: 6.2.9 (/opt/ros/humble/share/rmw_fastrtps_cpp/cmake)
[1.961s] -- Using RMW implementation 'rmw_fastrtps_cpp' as default
[2.005s] -- Found ament_lint_auto: 0.12.14 (/opt/ros/humble/share/ament_lint_auto/cmake)
[2.069s] -- Added test 'cppcheck' to perform static code analysis on C / C++ code
[2.069s] -- Configured cppcheck include dirs: 
[2.069s] -- Configured cppcheck exclude dirs and/or files: 
[2.070s] -- Added test 'lint_cmake' to check CMake code style
[2.071s] -- Added test 'uncrustify' to check C / C++ code style
[2.071s] -- Configured uncrustify additional arguments: 
[2.071s] -- Added test 'xmllint' to check XML markup files
[2.072s] -- Configuring done
[2.089s] -- Generating done
[2.096s] -- Build files have been written to: /home/mraurora/Learning_ROS2_21/build/learning_topic_cpp
[2.125s] [35m[1mConsolidate compiler generated dependencies of target topic_helloworld_pub[0m
[2.127s] [35m[1mConsolidate compiler generated dependencies of target topic_helloworld_sub[0m
[2.144s] [ 25%] [32mBuilding CXX object CMakeFiles/topic_helloworld_sub.dir/src/topic_helloworld_sub.cpp.o[0m
[2.145s] [ 50%] [32mBuilding CXX object CMakeFiles/topic_helloworld_pub.dir/src/topic_helloworld_pub.cpp.o[0m
[6.753s] [ 75%] [32m[1mLinking CXX executable topic_helloworld_pub[0m
[6.935s] [ 75%] Built target topic_helloworld_pub
[10.181s] [100%] [32m[1mLinking CXX executable topic_helloworld_sub[0m
[10.415s] [100%] Built target topic_helloworld_sub
[10.425s] Invoked command in '/home/mraurora/Learning_ROS2_21/build/learning_topic_cpp' returned '0': CMAKE_PREFIX_PATH=${CMAKE_PREFIX_PATH}:/home/mraurora/Learning_ROS2_21/install/learning_urdf:/home/mraurora/Learning_ROS2_21/install/learning_topic:/home/mraurora/Learning_ROS2_21/install/learning_tf:/home/mraurora/Learning_ROS2_21/install/learning_service:/home/mraurora/Learning_ROS2_21/install/learning_qos:/home/mraurora/Learning_ROS2_21/install/learning_pkg_python:/home/mraurora/Learning_ROS2_21/install/learning_parameter:/home/mraurora/Learning_ROS2_21/install/learning_node:/home/mraurora/Learning_ROS2_21/install/learning_launch:/home/mraurora/Learning_ROS2_21/install/learning_action:/home/mraurora/Learning_ROS2_21/install/learning_gazebo_harmonic:/home/mraurora/Learning_ROS2_21/install/learning_gazebo:/home/mraurora/Learning_ROS2_21/install/learning_cv:/opt/ros/humble CONDA_PROMPT_MODIFIER=(base) /usr/bin/cmake --build /home/mraurora/Learning_ROS2_21/build/learning_topic_cpp -- -j20 -l20
[10.426s] Invoking command in '/home/mraurora/Learning_ROS2_21/build/learning_topic_cpp': CMAKE_PREFIX_PATH=${CMAKE_PREFIX_PATH}:/home/mraurora/Learning_ROS2_21/install/learning_urdf:/home/mraurora/Learning_ROS2_21/install/learning_topic:/home/mraurora/Learning_ROS2_21/install/learning_tf:/home/mraurora/Learning_ROS2_21/install/learning_service:/home/mraurora/Learning_ROS2_21/install/learning_qos:/home/mraurora/Learning_ROS2_21/install/learning_pkg_python:/home/mraurora/Learning_ROS2_21/install/learning_parameter:/home/mraurora/Learning_ROS2_21/install/learning_node:/home/mraurora/Learning_ROS2_21/install/learning_launch:/home/mraurora/Learning_ROS2_21/install/learning_action:/home/mraurora/Learning_ROS2_21/install/learning_gazebo_harmonic:/home/mraurora/Learning_ROS2_21/install/learning_gazebo:/home/mraurora/Learning_ROS2_21/install/learning_cv:/opt/ros/humble CONDA_PROMPT_MODIFIER=(base) /usr/bin/cmake --install /home/mraurora/Learning_ROS2_21/build/learning_topic_cpp
[10.433s] -- Install configuration: ""
[10.433s] -- Installing: /home/mraurora/Learning_ROS2_21/install/learning_topic_cpp/lib/learning_topic_cpp/topic_helloworld_pub
[10.434s] -- Set runtime path of "/home/mraurora/Learning_ROS2_21/install/learning_topic_cpp/lib/learning_topic_cpp/topic_helloworld_pub" to ""
[10.434s] -- Installing: /home/mraurora/Learning_ROS2_21/install/learning_topic_cpp/lib/learning_topic_cpp/topic_helloworld_sub
[10.435s] -- Set runtime path of "/home/mraurora/Learning_ROS2_21/install/learning_topic_cpp/lib/learning_topic_cpp/topic_helloworld_sub" to ""
[10.435s] -- Up-to-date: /home/mraurora/Learning_ROS2_21/install/learning_topic_cpp/share/ament_index/resource_index/package_run_dependencies/learning_topic_cpp
[10.435s] -- Installing: /home/mraurora/Learning_ROS2_21/install/learning_topic_cpp/share/ament_index/resource_index/parent_prefix_path/learning_topic_cpp
[10.436s] -- Up-to-date: /home/mraurora/Learning_ROS2_21/install/learning_topic_cpp/share/learning_topic_cpp/environment/ament_prefix_path.sh
[10.436s] -- Installing: /home/mraurora/Learning_ROS2_21/install/learning_topic_cpp/share/learning_topic_cpp/environment/ament_prefix_path.dsv
[10.436s] -- Up-to-date: /home/mraurora/Learning_ROS2_21/install/learning_topic_cpp/share/learning_topic_cpp/environment/path.sh
[10.436s] -- Installing: /home/mraurora/Learning_ROS2_21/install/learning_topic_cpp/share/learning_topic_cpp/environment/path.dsv
[10.436s] -- Up-to-date: /home/mraurora/Learning_ROS2_21/install/learning_topic_cpp/share/learning_topic_cpp/local_setup.bash
[10.436s] -- Up-to-date: /home/mraurora/Learning_ROS2_21/install/learning_topic_cpp/share/learning_topic_cpp/local_setup.sh
[10.436s] -- Up-to-date: /home/mraurora/Learning_ROS2_21/install/learning_topic_cpp/share/learning_topic_cpp/local_setup.zsh
[10.436s] -- Installing: /home/mraurora/Learning_ROS2_21/install/learning_topic_cpp/share/learning_topic_cpp/local_setup.dsv
[10.436s] -- Installing: /home/mraurora/Learning_ROS2_21/install/learning_topic_cpp/share/learning_topic_cpp/package.dsv
[10.436s] -- Up-to-date: /home/mraurora/Learning_ROS2_21/install/learning_topic_cpp/share/ament_index/resource_index/packages/learning_topic_cpp
[10.436s] -- Up-to-date: /home/mraurora/Learning_ROS2_21/install/learning_topic_cpp/share/learning_topic_cpp/cmake/learning_topic_cppConfig.cmake
[10.436s] -- Up-to-date: /home/mraurora/Learning_ROS2_21/install/learning_topic_cpp/share/learning_topic_cpp/cmake/learning_topic_cppConfig-version.cmake
[10.436s] -- Up-to-date: /home/mraurora/Learning_ROS2_21/install/learning_topic_cpp/share/learning_topic_cpp/package.xml
[10.438s] Invoked command in '/home/mraurora/Learning_ROS2_21/build/learning_topic_cpp' returned '0': CMAKE_PREFIX_PATH=${CMAKE_PREFIX_PATH}:/home/mraurora/Learning_ROS2_21/install/learning_urdf:/home/mraurora/Learning_ROS2_21/install/learning_topic:/home/mraurora/Learning_ROS2_21/install/learning_tf:/home/mraurora/Learning_ROS2_21/install/learning_service:/home/mraurora/Learning_ROS2_21/install/learning_qos:/home/mraurora/Learning_ROS2_21/install/learning_pkg_python:/home/mraurora/Learning_ROS2_21/install/learning_parameter:/home/mraurora/Learning_ROS2_21/install/learning_node:/home/mraurora/Learning_ROS2_21/install/learning_launch:/home/mraurora/Learning_ROS2_21/install/learning_action:/home/mraurora/Learning_ROS2_21/install/learning_gazebo_harmonic:/home/mraurora/Learning_ROS2_21/install/learning_gazebo:/home/mraurora/Learning_ROS2_21/install/learning_cv:/opt/ros/humble CONDA_PROMPT_MODIFIER=(base) /usr/bin/cmake --install /home/mraurora/Learning_ROS2_21/build/learning_topic_cpp
