[0.337s] Invoking command in '/home/mraurora/Learning_ROS2_21/build/learning_action_cpp': CMAKE_PREFIX_PATH=/home/mraurora/Learning_ROS2_21/install/learning_interface:/home/mraurora/Learning_ROS2_21/install/learning_topic_cpp:/home/mraurora/Learning_ROS2_21/install/learning_tf_cpp:/home/mraurora/Learning_ROS2_21/install/learning_service_cpp:/home/mraurora/Learning_ROS2_21/install/learning_pkg_c:/home/mraurora/Learning_ROS2_21/install/learning_parameter_cpp:/home/mraurora/Learning_ROS2_21/install/learning_node_cpp:/home/mraurora/Learning_ROS2_21/install/learning_action_cpp:/home/mraurora/Learning_ROS2_21/install/learning_urdf:/home/mraurora/Learning_ROS2_21/install/learning_topic:/home/mraurora/Learning_ROS2_21/install/learning_tf:/home/mraurora/Learning_ROS2_21/install/learning_service:/home/mraurora/Learning_ROS2_21/install/learning_qos:/home/mraurora/Learning_ROS2_21/install/learning_pkg_python:/home/mraurora/Learning_ROS2_21/install/learning_parameter:/home/mraurora/Learning_ROS2_21/install/learning_node:/home/mraurora/Learning_ROS2_21/install/learning_launch:/home/mraurora/Learning_ROS2_21/install/learning_action:/home/mraurora/Learning_ROS2_21/install/learning_gazebo_harmonic:/home/mraurora/Learning_ROS2_21/install/learning_gazebo:/home/mraurora/Learning_ROS2_21/install/learning_cv:/opt/ros/humble CONDA_PROMPT_MODIFIER=(base) /usr/bin/cmake --build /home/mraurora/Learning_ROS2_21/build/learning_action_cpp -- -j20 -l20
[0.548s] -- Found ament_cmake: 1.3.12 (/opt/ros/humble/share/ament_cmake/cmake)
[0.548s] -- Found rclcpp: 16.0.16 (/opt/ros/humble/share/rclcpp/cmake)
[0.549s] -- Found rosidl_generator_c: 3.1.7 (/opt/ros/humble/share/rosidl_generator_c/cmake)
[0.549s] -- Found rosidl_adapter: 3.1.7 (/opt/ros/humble/share/rosidl_adapter/cmake)
[0.549s] -- Found rosidl_generator_cpp: 3.1.7 (/opt/ros/humble/share/rosidl_generator_cpp/cmake)
[0.549s] -- Using all available rosidl_typesupport_c: rosidl_typesupport_fastrtps_c;rosidl_typesupport_introspection_c
[0.549s] -- Using all available rosidl_typesupport_cpp: rosidl_typesupport_fastrtps_cpp;rosidl_typesupport_introspection_cpp
[0.574s] -- Found rmw_implementation_cmake: 6.1.2 (/opt/ros/humble/share/rmw_implementation_cmake/cmake)
[0.576s] -- Found rmw_fastrtps_cpp: 6.2.9 (/opt/ros/humble/share/rmw_fastrtps_cpp/cmake)
[0.669s] -- Using RMW implementation 'rmw_fastrtps_cpp' as default
[0.736s] -- Found rclcpp_action: 16.0.16 (/opt/ros/humble/share/rclcpp_action/cmake)
[0.792s] -- Found learning_interface: 0.0.0 (/home/mraurora/Learning_ROS2_21/install/learning_interface/share/learning_interface/cmake)
[0.838s] -- Found ament_lint_auto: 0.12.14 (/opt/ros/humble/share/ament_lint_auto/cmake)
[1.079s] -- Added test 'cppcheck' to perform static code analysis on C / C++ code
[1.084s] -- Configured cppcheck include dirs: 
[1.084s] -- Configured cppcheck exclude dirs and/or files: 
[1.084s] -- Added test 'lint_cmake' to check CMake code style
[1.085s] -- Added test 'uncrustify' to check C / C++ code style
[1.085s] -- Configured uncrustify additional arguments: 
[1.085s] -- Added test 'xmllint' to check XML markup files
[1.089s] -- Configuring done
[1.138s] -- Generating done
[1.157s] -- Build files have been written to: /home/mraurora/Learning_ROS2_21/build/learning_action_cpp
[1.236s] [35m[1mConsolidate compiler generated dependencies of target action_move_server[0m
[1.240s] [35m[1mConsolidate compiler generated dependencies of target action_move_client[0m
[1.271s] [ 25%] [32mBuilding CXX object CMakeFiles/action_move_client.dir/src/action_move_client.cpp.o[0m
[1.280s] [ 50%] [32mBuilding CXX object CMakeFiles/action_move_server.dir/src/action_move_server.cpp.o[0m
[6.017s] [ 75%] [32m[1mLinking CXX executable action_move_server[0m
[6.155s] [ 75%] Built target action_move_server
[6.502s] [100%] [32m[1mLinking CXX executable action_move_client[0m
[6.648s] [100%] Built target action_move_client
[6.659s] Invoked command in '/home/mraurora/Learning_ROS2_21/build/learning_action_cpp' returned '0': CMAKE_PREFIX_PATH=/home/mraurora/Learning_ROS2_21/install/learning_interface:/home/mraurora/Learning_ROS2_21/install/learning_topic_cpp:/home/mraurora/Learning_ROS2_21/install/learning_tf_cpp:/home/mraurora/Learning_ROS2_21/install/learning_service_cpp:/home/mraurora/Learning_ROS2_21/install/learning_pkg_c:/home/mraurora/Learning_ROS2_21/install/learning_parameter_cpp:/home/mraurora/Learning_ROS2_21/install/learning_node_cpp:/home/mraurora/Learning_ROS2_21/install/learning_action_cpp:/home/mraurora/Learning_ROS2_21/install/learning_urdf:/home/mraurora/Learning_ROS2_21/install/learning_topic:/home/mraurora/Learning_ROS2_21/install/learning_tf:/home/mraurora/Learning_ROS2_21/install/learning_service:/home/mraurora/Learning_ROS2_21/install/learning_qos:/home/mraurora/Learning_ROS2_21/install/learning_pkg_python:/home/mraurora/Learning_ROS2_21/install/learning_parameter:/home/mraurora/Learning_ROS2_21/install/learning_node:/home/mraurora/Learning_ROS2_21/install/learning_launch:/home/mraurora/Learning_ROS2_21/install/learning_action:/home/mraurora/Learning_ROS2_21/install/learning_gazebo_harmonic:/home/mraurora/Learning_ROS2_21/install/learning_gazebo:/home/mraurora/Learning_ROS2_21/install/learning_cv:/opt/ros/humble CONDA_PROMPT_MODIFIER=(base) /usr/bin/cmake --build /home/mraurora/Learning_ROS2_21/build/learning_action_cpp -- -j20 -l20
[6.661s] Invoking command in '/home/mraurora/Learning_ROS2_21/build/learning_action_cpp': CMAKE_PREFIX_PATH=/home/mraurora/Learning_ROS2_21/install/learning_interface:/home/mraurora/Learning_ROS2_21/install/learning_topic_cpp:/home/mraurora/Learning_ROS2_21/install/learning_tf_cpp:/home/mraurora/Learning_ROS2_21/install/learning_service_cpp:/home/mraurora/Learning_ROS2_21/install/learning_pkg_c:/home/mraurora/Learning_ROS2_21/install/learning_parameter_cpp:/home/mraurora/Learning_ROS2_21/install/learning_node_cpp:/home/mraurora/Learning_ROS2_21/install/learning_action_cpp:/home/mraurora/Learning_ROS2_21/install/learning_urdf:/home/mraurora/Learning_ROS2_21/install/learning_topic:/home/mraurora/Learning_ROS2_21/install/learning_tf:/home/mraurora/Learning_ROS2_21/install/learning_service:/home/mraurora/Learning_ROS2_21/install/learning_qos:/home/mraurora/Learning_ROS2_21/install/learning_pkg_python:/home/mraurora/Learning_ROS2_21/install/learning_parameter:/home/mraurora/Learning_ROS2_21/install/learning_node:/home/mraurora/Learning_ROS2_21/install/learning_launch:/home/mraurora/Learning_ROS2_21/install/learning_action:/home/mraurora/Learning_ROS2_21/install/learning_gazebo_harmonic:/home/mraurora/Learning_ROS2_21/install/learning_gazebo:/home/mraurora/Learning_ROS2_21/install/learning_cv:/opt/ros/humble CONDA_PROMPT_MODIFIER=(base) /usr/bin/cmake --install /home/mraurora/Learning_ROS2_21/build/learning_action_cpp
[6.668s] -- Install configuration: ""
[6.669s] -- Installing: /home/mraurora/Learning_ROS2_21/install/learning_action_cpp/lib/learning_action_cpp/action_move_server
[6.669s] -- Set runtime path of "/home/mraurora/Learning_ROS2_21/install/learning_action_cpp/lib/learning_action_cpp/action_move_server" to ""
[6.670s] -- Installing: /home/mraurora/Learning_ROS2_21/install/learning_action_cpp/lib/learning_action_cpp/action_move_client
[6.670s] -- Set runtime path of "/home/mraurora/Learning_ROS2_21/install/learning_action_cpp/lib/learning_action_cpp/action_move_client" to ""
[6.671s] -- Up-to-date: /home/mraurora/Learning_ROS2_21/install/learning_action_cpp/share/ament_index/resource_index/package_run_dependencies/learning_action_cpp
[6.671s] -- Installing: /home/mraurora/Learning_ROS2_21/install/learning_action_cpp/share/ament_index/resource_index/parent_prefix_path/learning_action_cpp
[6.671s] -- Up-to-date: /home/mraurora/Learning_ROS2_21/install/learning_action_cpp/share/learning_action_cpp/environment/ament_prefix_path.sh
[6.671s] -- Installing: /home/mraurora/Learning_ROS2_21/install/learning_action_cpp/share/learning_action_cpp/environment/ament_prefix_path.dsv
[6.671s] -- Up-to-date: /home/mraurora/Learning_ROS2_21/install/learning_action_cpp/share/learning_action_cpp/environment/path.sh
[6.671s] -- Installing: /home/mraurora/Learning_ROS2_21/install/learning_action_cpp/share/learning_action_cpp/environment/path.dsv
[6.671s] -- Up-to-date: /home/mraurora/Learning_ROS2_21/install/learning_action_cpp/share/learning_action_cpp/local_setup.bash
[6.671s] -- Up-to-date: /home/mraurora/Learning_ROS2_21/install/learning_action_cpp/share/learning_action_cpp/local_setup.sh
[6.671s] -- Up-to-date: /home/mraurora/Learning_ROS2_21/install/learning_action_cpp/share/learning_action_cpp/local_setup.zsh
[6.671s] -- Installing: /home/mraurora/Learning_ROS2_21/install/learning_action_cpp/share/learning_action_cpp/local_setup.dsv
[6.671s] -- Installing: /home/mraurora/Learning_ROS2_21/install/learning_action_cpp/share/learning_action_cpp/package.dsv
[6.671s] -- Up-to-date: /home/mraurora/Learning_ROS2_21/install/learning_action_cpp/share/ament_index/resource_index/packages/learning_action_cpp
[6.671s] -- Up-to-date: /home/mraurora/Learning_ROS2_21/install/learning_action_cpp/share/learning_action_cpp/cmake/learning_action_cppConfig.cmake
[6.671s] -- Up-to-date: /home/mraurora/Learning_ROS2_21/install/learning_action_cpp/share/learning_action_cpp/cmake/learning_action_cppConfig-version.cmake
[6.671s] -- Up-to-date: /home/mraurora/Learning_ROS2_21/install/learning_action_cpp/share/learning_action_cpp/package.xml
[6.674s] Invoked command in '/home/mraurora/Learning_ROS2_21/build/learning_action_cpp' returned '0': CMAKE_PREFIX_PATH=/home/mraurora/Learning_ROS2_21/install/learning_interface:/home/mraurora/Learning_ROS2_21/install/learning_topic_cpp:/home/mraurora/Learning_ROS2_21/install/learning_tf_cpp:/home/mraurora/Learning_ROS2_21/install/learning_service_cpp:/home/mraurora/Learning_ROS2_21/install/learning_pkg_c:/home/mraurora/Learning_ROS2_21/install/learning_parameter_cpp:/home/mraurora/Learning_ROS2_21/install/learning_node_cpp:/home/mraurora/Learning_ROS2_21/install/learning_action_cpp:/home/mraurora/Learning_ROS2_21/install/learning_urdf:/home/mraurora/Learning_ROS2_21/install/learning_topic:/home/mraurora/Learning_ROS2_21/install/learning_tf:/home/mraurora/Learning_ROS2_21/install/learning_service:/home/mraurora/Learning_ROS2_21/install/learning_qos:/home/mraurora/Learning_ROS2_21/install/learning_pkg_python:/home/mraurora/Learning_ROS2_21/install/learning_parameter:/home/mraurora/Learning_ROS2_21/install/learning_node:/home/mraurora/Learning_ROS2_21/install/learning_launch:/home/mraurora/Learning_ROS2_21/install/learning_action:/home/mraurora/Learning_ROS2_21/install/learning_gazebo_harmonic:/home/mraurora/Learning_ROS2_21/install/learning_gazebo:/home/mraurora/Learning_ROS2_21/install/learning_cv:/opt/ros/humble CONDA_PROMPT_MODIFIER=(base) /usr/bin/cmake --install /home/mraurora/Learning_ROS2_21/build/learning_action_cpp
