[0.874s] Invoking command in '/home/mraurora/Learning_ROS2_21/build/learning_node_cpp': CMAKE_PREFIX_PATH=${CMAKE_PREFIX_PATH}:/home/mraurora/Learning_ROS2_21/install/learning_urdf:/home/mraurora/Learning_ROS2_21/install/learning_topic:/home/mraurora/Learning_ROS2_21/install/learning_tf:/home/mraurora/Learning_ROS2_21/install/learning_service:/home/mraurora/Learning_ROS2_21/install/learning_qos:/home/mraurora/Learning_ROS2_21/install/learning_pkg_python:/home/mraurora/Learning_ROS2_21/install/learning_parameter:/home/mraurora/Learning_ROS2_21/install/learning_node:/home/mraurora/Learning_ROS2_21/install/learning_launch:/home/mraurora/Learning_ROS2_21/install/learning_action:/home/mraurora/Learning_ROS2_21/install/learning_gazebo_harmonic:/home/mraurora/Learning_ROS2_21/install/learning_gazebo:/home/mraurora/Learning_ROS2_21/install/learning_cv:/opt/ros/humble CONDA_PROMPT_MODIFIER=(base) /usr/bin/cmake --build /home/mraurora/Learning_ROS2_21/build/learning_node_cpp -- -j20 -l20
[1.698s] [100%] Built target node_helloworld_class
[1.717s] Invoked command in '/home/mraurora/Learning_ROS2_21/build/learning_node_cpp' returned '0': CMAKE_PREFIX_PATH=${CMAKE_PREFIX_PATH}:/home/mraurora/Learning_ROS2_21/install/learning_urdf:/home/mraurora/Learning_ROS2_21/install/learning_topic:/home/mraurora/Learning_ROS2_21/install/learning_tf:/home/mraurora/Learning_ROS2_21/install/learning_service:/home/mraurora/Learning_ROS2_21/install/learning_qos:/home/mraurora/Learning_ROS2_21/install/learning_pkg_python:/home/mraurora/Learning_ROS2_21/install/learning_parameter:/home/mraurora/Learning_ROS2_21/install/learning_node:/home/mraurora/Learning_ROS2_21/install/learning_launch:/home/mraurora/Learning_ROS2_21/install/learning_action:/home/mraurora/Learning_ROS2_21/install/learning_gazebo_harmonic:/home/mraurora/Learning_ROS2_21/install/learning_gazebo:/home/mraurora/Learning_ROS2_21/install/learning_cv:/opt/ros/humble CONDA_PROMPT_MODIFIER=(base) /usr/bin/cmake --build /home/mraurora/Learning_ROS2_21/build/learning_node_cpp -- -j20 -l20
[1.718s] Invoking command in '/home/mraurora/Learning_ROS2_21/build/learning_node_cpp': CMAKE_PREFIX_PATH=${CMAKE_PREFIX_PATH}:/home/mraurora/Learning_ROS2_21/install/learning_urdf:/home/mraurora/Learning_ROS2_21/install/learning_topic:/home/mraurora/Learning_ROS2_21/install/learning_tf:/home/mraurora/Learning_ROS2_21/install/learning_service:/home/mraurora/Learning_ROS2_21/install/learning_qos:/home/mraurora/Learning_ROS2_21/install/learning_pkg_python:/home/mraurora/Learning_ROS2_21/install/learning_parameter:/home/mraurora/Learning_ROS2_21/install/learning_node:/home/mraurora/Learning_ROS2_21/install/learning_launch:/home/mraurora/Learning_ROS2_21/install/learning_action:/home/mraurora/Learning_ROS2_21/install/learning_gazebo_harmonic:/home/mraurora/Learning_ROS2_21/install/learning_gazebo:/home/mraurora/Learning_ROS2_21/install/learning_cv:/opt/ros/humble CONDA_PROMPT_MODIFIER=(base) /usr/bin/cmake --install /home/mraurora/Learning_ROS2_21/build/learning_node_cpp
[1.779s] -- Install configuration: ""
[1.779s] -- Up-to-date: /home/mraurora/Learning_ROS2_21/install/learning_node_cpp/lib/learning_node_cpp/node_helloworld_class
[1.779s] -- Up-to-date: /home/mraurora/Learning_ROS2_21/install/learning_node_cpp/share/ament_index/resource_index/package_run_dependencies/learning_node_cpp
[1.779s] -- Up-to-date: /home/mraurora/Learning_ROS2_21/install/learning_node_cpp/share/ament_index/resource_index/parent_prefix_path/learning_node_cpp
[1.779s] -- Up-to-date: /home/mraurora/Learning_ROS2_21/install/learning_node_cpp/share/learning_node_cpp/environment/ament_prefix_path.sh
[1.779s] -- Up-to-date: /home/mraurora/Learning_ROS2_21/install/learning_node_cpp/share/learning_node_cpp/environment/ament_prefix_path.dsv
[1.780s] -- Up-to-date: /home/mraurora/Learning_ROS2_21/install/learning_node_cpp/share/learning_node_cpp/environment/path.sh
[1.781s] -- Up-to-date: /home/mraurora/Learning_ROS2_21/install/learning_node_cpp/share/learning_node_cpp/environment/path.dsv
[1.781s] -- Up-to-date: /home/mraurora/Learning_ROS2_21/install/learning_node_cpp/share/learning_node_cpp/local_setup.bash
[1.781s] -- Up-to-date: /home/mraurora/Learning_ROS2_21/install/learning_node_cpp/share/learning_node_cpp/local_setup.sh
[1.781s] -- Up-to-date: /home/mraurora/Learning_ROS2_21/install/learning_node_cpp/share/learning_node_cpp/local_setup.zsh
[1.781s] -- Up-to-date: /home/mraurora/Learning_ROS2_21/install/learning_node_cpp/share/learning_node_cpp/local_setup.dsv
[1.781s] -- Installing: /home/mraurora/Learning_ROS2_21/install/learning_node_cpp/share/learning_node_cpp/package.dsv
[1.781s] -- Up-to-date: /home/mraurora/Learning_ROS2_21/install/learning_node_cpp/share/ament_index/resource_index/packages/learning_node_cpp
[1.781s] -- Up-to-date: /home/mraurora/Learning_ROS2_21/install/learning_node_cpp/share/learning_node_cpp/cmake/learning_node_cppConfig.cmake
[1.781s] -- Up-to-date: /home/mraurora/Learning_ROS2_21/install/learning_node_cpp/share/learning_node_cpp/cmake/learning_node_cppConfig-version.cmake
[1.781s] -- Up-to-date: /home/mraurora/Learning_ROS2_21/install/learning_node_cpp/share/learning_node_cpp/package.xml
[1.810s] Invoked command in '/home/mraurora/Learning_ROS2_21/build/learning_node_cpp' returned '0': CMAKE_PREFIX_PATH=${CMAKE_PREFIX_PATH}:/home/mraurora/Learning_ROS2_21/install/learning_urdf:/home/mraurora/Learning_ROS2_21/install/learning_topic:/home/mraurora/Learning_ROS2_21/install/learning_tf:/home/mraurora/Learning_ROS2_21/install/learning_service:/home/mraurora/Learning_ROS2_21/install/learning_qos:/home/mraurora/Learning_ROS2_21/install/learning_pkg_python:/home/mraurora/Learning_ROS2_21/install/learning_parameter:/home/mraurora/Learning_ROS2_21/install/learning_node:/home/mraurora/Learning_ROS2_21/install/learning_launch:/home/mraurora/Learning_ROS2_21/install/learning_action:/home/mraurora/Learning_ROS2_21/install/learning_gazebo_harmonic:/home/mraurora/Learning_ROS2_21/install/learning_gazebo:/home/mraurora/Learning_ROS2_21/install/learning_cv:/opt/ros/humble CONDA_PROMPT_MODIFIER=(base) /usr/bin/cmake --install /home/mraurora/Learning_ROS2_21/build/learning_node_cpp
