[2.763s] Invoking command in '/home/mraurora/Learning_ROS2_21/src/ros2_21_tutorials/learning_pkg_python': CONDA_PROMPT_MODIFIER=(base) PYTHONPATH=/home/mraurora/Learning_ROS2_21/build/learning_pkg_python/prefix_override:/usr/lib/python3/dist-packages/colcon_core/task/python/colcon_distutils_commands:/home/mraurora/Learning_ROS2_21/install/learning_pkg_python/lib/python3.10/site-packages:${PYTHONPATH} /usr/bin/python3 -W ignore:setup.py install is deprecated -W ignore:easy_install command is deprecated setup.py egg_info --egg-base ../../../build/learning_pkg_python build --build-base /home/mraurora/Learning_ROS2_21/build/learning_pkg_python/build install --record /home/mraurora/Learning_ROS2_21/build/learning_pkg_python/install.log --single-version-externally-managed install_data
[3.224s] running egg_info
[3.231s] writing ../../../build/learning_pkg_python/learning_pkg_python.egg-info/PKG-INFO
[3.232s] writing dependency_links to ../../../build/learning_pkg_python/learning_pkg_python.egg-info/dependency_links.txt
[3.232s] writing entry points to ../../../build/learning_pkg_python/learning_pkg_python.egg-info/entry_points.txt
[3.232s] writing requirements to ../../../build/learning_pkg_python/learning_pkg_python.egg-info/requires.txt
[3.232s] writing top-level names to ../../../build/learning_pkg_python/learning_pkg_python.egg-info/top_level.txt
[3.232s] reading manifest file '../../../build/learning_pkg_python/learning_pkg_python.egg-info/SOURCES.txt'
[3.236s] writing manifest file '../../../build/learning_pkg_python/learning_pkg_python.egg-info/SOURCES.txt'
[3.237s] running build
[3.237s] running build_py
[3.238s] running install
[3.238s] running install_lib
[3.241s] running install_data
[3.241s] running install_egg_info
[3.255s] removing '/home/mraurora/Learning_ROS2_21/install/learning_pkg_python/lib/python3.10/site-packages/learning_pkg_python-0.0.0-py3.10.egg-info' (and everything under it)
[3.255s] Copying ../../../build/learning_pkg_python/learning_pkg_python.egg-info to /home/mraurora/Learning_ROS2_21/install/learning_pkg_python/lib/python3.10/site-packages/learning_pkg_python-0.0.0-py3.10.egg-info
[3.255s] running install_scripts
[3.281s] writing list of installed files to '/home/mraurora/Learning_ROS2_21/build/learning_pkg_python/install.log'
[3.383s] Invoked command in '/home/mraurora/Learning_ROS2_21/src/ros2_21_tutorials/learning_pkg_python' returned '0': CONDA_PROMPT_MODIFIER=(base) PYTHONPATH=/home/mraurora/Learning_ROS2_21/build/learning_pkg_python/prefix_override:/usr/lib/python3/dist-packages/colcon_core/task/python/colcon_distutils_commands:/home/mraurora/Learning_ROS2_21/install/learning_pkg_python/lib/python3.10/site-packages:${PYTHONPATH} /usr/bin/python3 -W ignore:setup.py install is deprecated -W ignore:easy_install command is deprecated setup.py egg_info --egg-base ../../../build/learning_pkg_python build --build-base /home/mraurora/Learning_ROS2_21/build/learning_pkg_python/build install --record /home/mraurora/Learning_ROS2_21/build/learning_pkg_python/install.log --single-version-externally-managed install_data
