[1.049s] Invoking command in '/home/mraurora/Learning_ROS2_21/build/learning_pkg_c': CMAKE_PREFIX_PATH=${CMAKE_PREFIX_PATH}:/home/mraurora/Learning_ROS2_21/install/learning_urdf:/home/mraurora/Learning_ROS2_21/install/learning_topic:/home/mraurora/Learning_ROS2_21/install/learning_tf:/home/mraurora/Learning_ROS2_21/install/learning_service:/home/mraurora/Learning_ROS2_21/install/learning_qos:/home/mraurora/Learning_ROS2_21/install/learning_pkg_python:/home/mraurora/Learning_ROS2_21/install/learning_parameter:/home/mraurora/Learning_ROS2_21/install/learning_node:/home/mraurora/Learning_ROS2_21/install/learning_launch:/home/mraurora/Learning_ROS2_21/install/learning_action:/home/mraurora/Learning_ROS2_21/install/learning_gazebo_harmonic:/home/mraurora/Learning_ROS2_21/install/learning_gazebo:/home/mraurora/Learning_ROS2_21/install/learning_cv:/opt/ros/humble CONDA_PROMPT_MODIFIER=(base) /usr/bin/cmake --build /home/mraurora/Learning_ROS2_21/build/learning_pkg_c -- -j20 -l20
[1.744s] Invoked command in '/home/mraurora/Learning_ROS2_21/build/learning_pkg_c' returned '0': CMAKE_PREFIX_PATH=${CMAKE_PREFIX_PATH}:/home/mraurora/Learning_ROS2_21/install/learning_urdf:/home/mraurora/Learning_ROS2_21/install/learning_topic:/home/mraurora/Learning_ROS2_21/install/learning_tf:/home/mraurora/Learning_ROS2_21/install/learning_service:/home/mraurora/Learning_ROS2_21/install/learning_qos:/home/mraurora/Learning_ROS2_21/install/learning_pkg_python:/home/mraurora/Learning_ROS2_21/install/learning_parameter:/home/mraurora/Learning_ROS2_21/install/learning_node:/home/mraurora/Learning_ROS2_21/install/learning_launch:/home/mraurora/Learning_ROS2_21/install/learning_action:/home/mraurora/Learning_ROS2_21/install/learning_gazebo_harmonic:/home/mraurora/Learning_ROS2_21/install/learning_gazebo:/home/mraurora/Learning_ROS2_21/install/learning_cv:/opt/ros/humble CONDA_PROMPT_MODIFIER=(base) /usr/bin/cmake --build /home/mraurora/Learning_ROS2_21/build/learning_pkg_c -- -j20 -l20
[1.746s] Invoking command in '/home/mraurora/Learning_ROS2_21/build/learning_pkg_c': CMAKE_PREFIX_PATH=${CMAKE_PREFIX_PATH}:/home/mraurora/Learning_ROS2_21/install/learning_urdf:/home/mraurora/Learning_ROS2_21/install/learning_topic:/home/mraurora/Learning_ROS2_21/install/learning_tf:/home/mraurora/Learning_ROS2_21/install/learning_service:/home/mraurora/Learning_ROS2_21/install/learning_qos:/home/mraurora/Learning_ROS2_21/install/learning_pkg_python:/home/mraurora/Learning_ROS2_21/install/learning_parameter:/home/mraurora/Learning_ROS2_21/install/learning_node:/home/mraurora/Learning_ROS2_21/install/learning_launch:/home/mraurora/Learning_ROS2_21/install/learning_action:/home/mraurora/Learning_ROS2_21/install/learning_gazebo_harmonic:/home/mraurora/Learning_ROS2_21/install/learning_gazebo:/home/mraurora/Learning_ROS2_21/install/learning_cv:/opt/ros/humble CONDA_PROMPT_MODIFIER=(base) /usr/bin/cmake --install /home/mraurora/Learning_ROS2_21/build/learning_pkg_c
[1.770s] -- Install configuration: ""
[1.771s] -- Up-to-date: /home/mraurora/Learning_ROS2_21/install/learning_pkg_c/share/ament_index/resource_index/package_run_dependencies/learning_pkg_c
[1.771s] -- Up-to-date: /home/mraurora/Learning_ROS2_21/install/learning_pkg_c/share/ament_index/resource_index/parent_prefix_path/learning_pkg_c
[1.771s] -- Up-to-date: /home/mraurora/Learning_ROS2_21/install/learning_pkg_c/share/learning_pkg_c/environment/ament_prefix_path.sh
[1.771s] -- Up-to-date: /home/mraurora/Learning_ROS2_21/install/learning_pkg_c/share/learning_pkg_c/environment/ament_prefix_path.dsv
[1.771s] -- Up-to-date: /home/mraurora/Learning_ROS2_21/install/learning_pkg_c/share/learning_pkg_c/environment/path.sh
[1.771s] -- Up-to-date: /home/mraurora/Learning_ROS2_21/install/learning_pkg_c/share/learning_pkg_c/environment/path.dsv
[1.771s] -- Up-to-date: /home/mraurora/Learning_ROS2_21/install/learning_pkg_c/share/learning_pkg_c/local_setup.bash
[1.771s] -- Up-to-date: /home/mraurora/Learning_ROS2_21/install/learning_pkg_c/share/learning_pkg_c/local_setup.sh
[1.771s] -- Up-to-date: /home/mraurora/Learning_ROS2_21/install/learning_pkg_c/share/learning_pkg_c/local_setup.zsh
[1.771s] -- Up-to-date: /home/mraurora/Learning_ROS2_21/install/learning_pkg_c/share/learning_pkg_c/local_setup.dsv
[1.771s] -- Installing: /home/mraurora/Learning_ROS2_21/install/learning_pkg_c/share/learning_pkg_c/package.dsv
[1.771s] -- Up-to-date: /home/mraurora/Learning_ROS2_21/install/learning_pkg_c/share/ament_index/resource_index/packages/learning_pkg_c
[1.771s] -- Up-to-date: /home/mraurora/Learning_ROS2_21/install/learning_pkg_c/share/learning_pkg_c/cmake/learning_pkg_cConfig.cmake
[1.771s] -- Up-to-date: /home/mraurora/Learning_ROS2_21/install/learning_pkg_c/share/learning_pkg_c/cmake/learning_pkg_cConfig-version.cmake
[1.771s] -- Up-to-date: /home/mraurora/Learning_ROS2_21/install/learning_pkg_c/share/learning_pkg_c/package.xml
[1.804s] Invoked command in '/home/mraurora/Learning_ROS2_21/build/learning_pkg_c' returned '0': CMAKE_PREFIX_PATH=${CMAKE_PREFIX_PATH}:/home/mraurora/Learning_ROS2_21/install/learning_urdf:/home/mraurora/Learning_ROS2_21/install/learning_topic:/home/mraurora/Learning_ROS2_21/install/learning_tf:/home/mraurora/Learning_ROS2_21/install/learning_service:/home/mraurora/Learning_ROS2_21/install/learning_qos:/home/mraurora/Learning_ROS2_21/install/learning_pkg_python:/home/mraurora/Learning_ROS2_21/install/learning_parameter:/home/mraurora/Learning_ROS2_21/install/learning_node:/home/mraurora/Learning_ROS2_21/install/learning_launch:/home/mraurora/Learning_ROS2_21/install/learning_action:/home/mraurora/Learning_ROS2_21/install/learning_gazebo_harmonic:/home/mraurora/Learning_ROS2_21/install/learning_gazebo:/home/mraurora/Learning_ROS2_21/install/learning_cv:/opt/ros/humble CONDA_PROMPT_MODIFIER=(base) /usr/bin/cmake --install /home/mraurora/Learning_ROS2_21/build/learning_pkg_c
