[2.261s] Invoking command in '/home/mraurora/Learning_ROS2_21/src/ros2_21_tutorials/learning_gazebo': PYTHONPATH=/home/mraurora/Learning_ROS2_21/build/learning_gazebo/prefix_override:/usr/lib/python3/dist-packages/colcon_core/task/python/colcon_distutils_commands:/home/mraurora/Learning_ROS2_21/install/learning_gazebo/lib/python3.10/site-packages:${PYTHONPATH} /usr/bin/python3 -W ignore:setup.py install is deprecated -W ignore:easy_install command is deprecated setup.py egg_info --egg-base ../../../build/learning_gazebo build --build-base /home/mraurora/Learning_ROS2_21/build/learning_gazebo/build install --record /home/mraurora/Learning_ROS2_21/build/learning_gazebo/install.log --single-version-externally-managed install_data
[2.411s] running egg_info
[2.411s] writing ../../../build/learning_gazebo/learning_gazebo.egg-info/PKG-INFO
[2.412s] writing dependency_links to ../../../build/learning_gazebo/learning_gazebo.egg-info/dependency_links.txt
[2.412s] writing entry points to ../../../build/learning_gazebo/learning_gazebo.egg-info/entry_points.txt
[2.412s] writing requirements to ../../../build/learning_gazebo/learning_gazebo.egg-info/requires.txt
[2.412s] writing top-level names to ../../../build/learning_gazebo/learning_gazebo.egg-info/top_level.txt
[2.413s] reading manifest file '../../../build/learning_gazebo/learning_gazebo.egg-info/SOURCES.txt'
[2.414s] writing manifest file '../../../build/learning_gazebo/learning_gazebo.egg-info/SOURCES.txt'
[2.414s] running build
[2.414s] running build_py
[2.414s] running install
[2.414s] running install_lib
[2.415s] running install_data
[2.415s] running install_egg_info
[2.416s] removing '/home/mraurora/Learning_ROS2_21/install/learning_gazebo/lib/python3.10/site-packages/learning_gazebo-0.0.0-py3.10.egg-info' (and everything under it)
[2.416s] Copying ../../../build/learning_gazebo/learning_gazebo.egg-info to /home/mraurora/Learning_ROS2_21/install/learning_gazebo/lib/python3.10/site-packages/learning_gazebo-0.0.0-py3.10.egg-info
[2.417s] running install_scripts
[2.433s] writing list of installed files to '/home/mraurora/Learning_ROS2_21/build/learning_gazebo/install.log'
[2.463s] Invoked command in '/home/mraurora/Learning_ROS2_21/src/ros2_21_tutorials/learning_gazebo' returned '0': PYTHONPATH=/home/mraurora/Learning_ROS2_21/build/learning_gazebo/prefix_override:/usr/lib/python3/dist-packages/colcon_core/task/python/colcon_distutils_commands:/home/mraurora/Learning_ROS2_21/install/learning_gazebo/lib/python3.10/site-packages:${PYTHONPATH} /usr/bin/python3 -W ignore:setup.py install is deprecated -W ignore:easy_install command is deprecated setup.py egg_info --egg-base ../../../build/learning_gazebo build --build-base /home/mraurora/Learning_ROS2_21/build/learning_gazebo/build install --record /home/mraurora/Learning_ROS2_21/build/learning_gazebo/install.log --single-version-externally-managed install_data
