[0.318s] Invoking command in '/home/mraurora/Learning_ROS2_21/build/learning_service_cpp': AMENT_PREFIX_PATH=/home/mraurora/Learning_ROS2_21/install/learning_interface:${AMENT_PREFIX_PATH} CMAKE_PREFIX_PATH=/home/mraurora/Learning_ROS2_21/install/learning_interface:/opt/ros/humble LD_LIBRARY_PATH=/home/mraurora/Learning_ROS2_21/install/learning_interface/lib:${LD_LIBRARY_PATH} PYTHONPATH=/home/mraurora/Learning_ROS2_21/install/learning_interface/local/lib/python3.10/dist-packages:${PYTHONPATH} /usr/bin/cmake /home/mraurora/Learning_ROS2_21/src/ros2_21_tutorials/learning_service_cpp -DCMAKE_INSTALL_PREFIX=/home/mraurora/Learning_ROS2_21/install/learning_service_cpp
[0.365s] -- The C compiler identification is GNU 11.4.0
[0.424s] -- The CXX compiler identification is GNU 11.4.0
[0.430s] -- Detecting C compiler ABI info
[0.501s] -- Detecting C compiler ABI info - done
[0.510s] -- Check for working C compiler: /usr/bin/cc - skipped
[0.510s] -- Detecting C compile features
[0.510s] -- Detecting C compile features - done
[0.514s] -- Detecting CXX compiler ABI info
[0.598s] -- Detecting CXX compiler ABI info - done
[0.607s] -- Check for working CXX compiler: /usr/bin/c++ - skipped
[0.607s] -- Detecting CXX compile features
[0.608s] -- Detecting CXX compile features - done
[0.610s] -- Found ament_cmake: 1.3.12 (/opt/ros/humble/share/ament_cmake/cmake)
[0.769s] -- Found Python3: /usr/bin/python3 (found version "3.10.12") found components: Interpreter 
[0.844s] -- Found rclcpp: 16.0.15 (/opt/ros/humble/share/rclcpp/cmake)
[0.884s] -- Found rosidl_generator_c: 3.1.7 (/opt/ros/humble/share/rosidl_generator_c/cmake)
[0.887s] -- Found rosidl_adapter: 3.1.7 (/opt/ros/humble/share/rosidl_adapter/cmake)
[0.892s] -- Found rosidl_generator_cpp: 3.1.7 (/opt/ros/humble/share/rosidl_generator_cpp/cmake)
[0.899s] -- Using all available rosidl_typesupport_c: rosidl_typesupport_fastrtps_c;rosidl_typesupport_introspection_c
[0.909s] -- Using all available rosidl_typesupport_cpp: rosidl_typesupport_fastrtps_cpp;rosidl_typesupport_introspection_cpp
[0.935s] -- Found rmw_implementation_cmake: 6.1.2 (/opt/ros/humble/share/rmw_implementation_cmake/cmake)
[0.936s] -- Found rmw_fastrtps_cpp: 6.2.9 (/opt/ros/humble/share/rmw_fastrtps_cpp/cmake)
[1.003s] -- Found OpenSSL: /usr/lib/x86_64-linux-gnu/libcrypto.so (found version "3.0.2")  
[1.028s] -- Found FastRTPS: /opt/ros/humble/include  
[1.070s] -- Using RMW implementation 'rmw_fastrtps_cpp' as default
[1.078s] -- Looking for pthread.h
[1.147s] -- Looking for pthread.h - found
[1.147s] -- Performing Test CMAKE_HAVE_LIBC_PTHREAD
[1.206s] -- Performing Test CMAKE_HAVE_LIBC_PTHREAD - Success
[1.208s] -- Found Threads: TRUE  
[1.247s] -- Found learning_interface: 0.0.0 (/home/mraurora/Learning_ROS2_21/install/learning_interface/share/learning_interface/cmake)
[1.273s] -- Found ament_lint_auto: 0.12.14 (/opt/ros/humble/share/ament_lint_auto/cmake)
[1.324s] -- Added test 'cppcheck' to perform static code analysis on C / C++ code
[1.324s] -- Configured cppcheck include dirs: 
[1.324s] -- Configured cppcheck exclude dirs and/or files: 
[1.324s] -- Added test 'lint_cmake' to check CMake code style
[1.324s] -- Added test 'uncrustify' to check C / C++ code style
[1.325s] -- Configured uncrustify additional arguments: 
[1.325s] -- Added test 'xmllint' to check XML markup files
[1.325s] -- Configuring done
[1.333s] -- Generating done
[1.336s] -- Build files have been written to: /home/mraurora/Learning_ROS2_21/build/learning_service_cpp
[1.344s] Invoked command in '/home/mraurora/Learning_ROS2_21/build/learning_service_cpp' returned '0': AMENT_PREFIX_PATH=/home/mraurora/Learning_ROS2_21/install/learning_interface:${AMENT_PREFIX_PATH} CMAKE_PREFIX_PATH=/home/mraurora/Learning_ROS2_21/install/learning_interface:/opt/ros/humble LD_LIBRARY_PATH=/home/mraurora/Learning_ROS2_21/install/learning_interface/lib:${LD_LIBRARY_PATH} PYTHONPATH=/home/mraurora/Learning_ROS2_21/install/learning_interface/local/lib/python3.10/dist-packages:${PYTHONPATH} /usr/bin/cmake /home/mraurora/Learning_ROS2_21/src/ros2_21_tutorials/learning_service_cpp -DCMAKE_INSTALL_PREFIX=/home/mraurora/Learning_ROS2_21/install/learning_service_cpp
[1.345s] Invoking command in '/home/mraurora/Learning_ROS2_21/build/learning_service_cpp': AMENT_PREFIX_PATH=/home/mraurora/Learning_ROS2_21/install/learning_interface:${AMENT_PREFIX_PATH} CMAKE_PREFIX_PATH=/home/mraurora/Learning_ROS2_21/install/learning_interface:/opt/ros/humble LD_LIBRARY_PATH=/home/mraurora/Learning_ROS2_21/install/learning_interface/lib:${LD_LIBRARY_PATH} PYTHONPATH=/home/mraurora/Learning_ROS2_21/install/learning_interface/local/lib/python3.10/dist-packages:${PYTHONPATH} /usr/bin/cmake --build /home/mraurora/Learning_ROS2_21/build/learning_service_cpp -- -j20 -l20
[1.389s] [ 50%] [32mBuilding CXX object CMakeFiles/service_adder_server.dir/src/service_adder_server.cpp.o[0m
[1.389s] [ 50%] [32mBuilding CXX object CMakeFiles/service_adder_client.dir/src/service_adder_client.cpp.o[0m
[3.571s] [ 75%] [32m[1mLinking CXX executable service_adder_server[0m
[3.634s] [100%] [32m[1mLinking CXX executable service_adder_client[0m
[3.671s] [100%] Built target service_adder_server
[3.744s] [100%] Built target service_adder_client
[3.756s] Invoked command in '/home/mraurora/Learning_ROS2_21/build/learning_service_cpp' returned '0': AMENT_PREFIX_PATH=/home/mraurora/Learning_ROS2_21/install/learning_interface:${AMENT_PREFIX_PATH} CMAKE_PREFIX_PATH=/home/mraurora/Learning_ROS2_21/install/learning_interface:/opt/ros/humble LD_LIBRARY_PATH=/home/mraurora/Learning_ROS2_21/install/learning_interface/lib:${LD_LIBRARY_PATH} PYTHONPATH=/home/mraurora/Learning_ROS2_21/install/learning_interface/local/lib/python3.10/dist-packages:${PYTHONPATH} /usr/bin/cmake --build /home/mraurora/Learning_ROS2_21/build/learning_service_cpp -- -j20 -l20
[3.758s] Invoking command in '/home/mraurora/Learning_ROS2_21/build/learning_service_cpp': AMENT_PREFIX_PATH=/home/mraurora/Learning_ROS2_21/install/learning_interface:${AMENT_PREFIX_PATH} CMAKE_PREFIX_PATH=/home/mraurora/Learning_ROS2_21/install/learning_interface:/opt/ros/humble LD_LIBRARY_PATH=/home/mraurora/Learning_ROS2_21/install/learning_interface/lib:${LD_LIBRARY_PATH} PYTHONPATH=/home/mraurora/Learning_ROS2_21/install/learning_interface/local/lib/python3.10/dist-packages:${PYTHONPATH} /usr/bin/cmake --install /home/mraurora/Learning_ROS2_21/build/learning_service_cpp
[3.765s] -- Install configuration: ""
[3.765s] -- Installing: /home/mraurora/Learning_ROS2_21/install/learning_service_cpp/lib/learning_service_cpp/service_adder_server
[3.765s] -- Set runtime path of "/home/mraurora/Learning_ROS2_21/install/learning_service_cpp/lib/learning_service_cpp/service_adder_server" to ""
[3.765s] -- Installing: /home/mraurora/Learning_ROS2_21/install/learning_service_cpp/lib/learning_service_cpp/service_adder_client
[3.765s] -- Set runtime path of "/home/mraurora/Learning_ROS2_21/install/learning_service_cpp/lib/learning_service_cpp/service_adder_client" to ""
[3.766s] -- Installing: /home/mraurora/Learning_ROS2_21/install/learning_service_cpp/share/ament_index/resource_index/package_run_dependencies/learning_service_cpp
[3.766s] -- Installing: /home/mraurora/Learning_ROS2_21/install/learning_service_cpp/share/ament_index/resource_index/parent_prefix_path/learning_service_cpp
[3.766s] -- Installing: /home/mraurora/Learning_ROS2_21/install/learning_service_cpp/share/learning_service_cpp/environment/ament_prefix_path.sh
[3.766s] -- Installing: /home/mraurora/Learning_ROS2_21/install/learning_service_cpp/share/learning_service_cpp/environment/ament_prefix_path.dsv
[3.766s] -- Installing: /home/mraurora/Learning_ROS2_21/install/learning_service_cpp/share/learning_service_cpp/environment/path.sh
[3.766s] -- Installing: /home/mraurora/Learning_ROS2_21/install/learning_service_cpp/share/learning_service_cpp/environment/path.dsv
[3.766s] -- Installing: /home/mraurora/Learning_ROS2_21/install/learning_service_cpp/share/learning_service_cpp/local_setup.bash
[3.766s] -- Installing: /home/mraurora/Learning_ROS2_21/install/learning_service_cpp/share/learning_service_cpp/local_setup.sh
[3.766s] -- Installing: /home/mraurora/Learning_ROS2_21/install/learning_service_cpp/share/learning_service_cpp/local_setup.zsh
[3.766s] -- Installing: /home/mraurora/Learning_ROS2_21/install/learning_service_cpp/share/learning_service_cpp/local_setup.dsv
[3.766s] -- Installing: /home/mraurora/Learning_ROS2_21/install/learning_service_cpp/share/learning_service_cpp/package.dsv
[3.767s] -- Installing: /home/mraurora/Learning_ROS2_21/install/learning_service_cpp/share/ament_index/resource_index/packages/learning_service_cpp
[3.767s] -- Installing: /home/mraurora/Learning_ROS2_21/install/learning_service_cpp/share/learning_service_cpp/cmake/learning_service_cppConfig.cmake
[3.767s] -- Installing: /home/mraurora/Learning_ROS2_21/install/learning_service_cpp/share/learning_service_cpp/cmake/learning_service_cppConfig-version.cmake
[3.767s] -- Installing: /home/mraurora/Learning_ROS2_21/install/learning_service_cpp/share/learning_service_cpp/package.xml
[3.768s] Invoked command in '/home/mraurora/Learning_ROS2_21/build/learning_service_cpp' returned '0': AMENT_PREFIX_PATH=/home/mraurora/Learning_ROS2_21/install/learning_interface:${AMENT_PREFIX_PATH} CMAKE_PREFIX_PATH=/home/mraurora/Learning_ROS2_21/install/learning_interface:/opt/ros/humble LD_LIBRARY_PATH=/home/mraurora/Learning_ROS2_21/install/learning_interface/lib:${LD_LIBRARY_PATH} PYTHONPATH=/home/mraurora/Learning_ROS2_21/install/learning_interface/local/lib/python3.10/dist-packages:${PYTHONPATH} /usr/bin/cmake --install /home/mraurora/Learning_ROS2_21/build/learning_service_cpp
