[2.781s] Invoking command in '/home/mraurora/Learning_ROS2_21/src/ros2_21_tutorials/learning_launch': CONDA_PROMPT_MODIFIER=(base) PYTHONPATH=/home/mraurora/Learning_ROS2_21/build/learning_launch/prefix_override:/usr/lib/python3/dist-packages/colcon_core/task/python/colcon_distutils_commands:/home/mraurora/Learning_ROS2_21/install/learning_launch/lib/python3.10/site-packages:${PYTHONPATH} /usr/bin/python3 -W ignore:setup.py install is deprecated -W ignore:easy_install command is deprecated setup.py egg_info --egg-base ../../../build/learning_launch build --build-base /home/mraurora/Learning_ROS2_21/build/learning_launch/build install --record /home/mraurora/Learning_ROS2_21/build/learning_launch/install.log --single-version-externally-managed install_data
[3.192s] running egg_info
[3.192s] writing ../../../build/learning_launch/learning_launch.egg-info/PKG-INFO
[3.197s] writing dependency_links to ../../../build/learning_launch/learning_launch.egg-info/dependency_links.txt
[3.197s] writing entry points to ../../../build/learning_launch/learning_launch.egg-info/entry_points.txt
[3.197s] writing requirements to ../../../build/learning_launch/learning_launch.egg-info/requires.txt
[3.197s] writing top-level names to ../../../build/learning_launch/learning_launch.egg-info/top_level.txt
[3.199s] reading manifest file '../../../build/learning_launch/learning_launch.egg-info/SOURCES.txt'
[3.204s] writing manifest file '../../../build/learning_launch/learning_launch.egg-info/SOURCES.txt'
[3.204s] running build
[3.204s] running build_py
[3.204s] running install
[3.205s] running install_lib
[3.213s] running install_data
[3.213s] running install_egg_info
[3.217s] removing '/home/mraurora/Learning_ROS2_21/install/learning_launch/lib/python3.10/site-packages/learning_launch-0.0.0-py3.10.egg-info' (and everything under it)
[3.217s] Copying ../../../build/learning_launch/learning_launch.egg-info to /home/mraurora/Learning_ROS2_21/install/learning_launch/lib/python3.10/site-packages/learning_launch-0.0.0-py3.10.egg-info
[3.218s] running install_scripts
[3.284s] writing list of installed files to '/home/mraurora/Learning_ROS2_21/build/learning_launch/install.log'
[3.416s] Invoked command in '/home/mraurora/Learning_ROS2_21/src/ros2_21_tutorials/learning_launch' returned '0': CONDA_PROMPT_MODIFIER=(base) PYTHONPATH=/home/mraurora/Learning_ROS2_21/build/learning_launch/prefix_override:/usr/lib/python3/dist-packages/colcon_core/task/python/colcon_distutils_commands:/home/mraurora/Learning_ROS2_21/install/learning_launch/lib/python3.10/site-packages:${PYTHONPATH} /usr/bin/python3 -W ignore:setup.py install is deprecated -W ignore:easy_install command is deprecated setup.py egg_info --egg-base ../../../build/learning_launch build --build-base /home/mraurora/Learning_ROS2_21/build/learning_launch/build install --record /home/mraurora/Learning_ROS2_21/build/learning_launch/install.log --single-version-externally-managed install_data
