[1.506s] Invoking command in '/home/mraurora/Learning_ROS2_21/build/learning_topic_cpp': CMAKE_PREFIX_PATH=${CMAKE_PREFIX_PATH}:/home/mraurora/Learning_ROS2_21/install/learning_urdf:/home/mraurora/Learning_ROS2_21/install/learning_topic:/home/mraurora/Learning_ROS2_21/install/learning_tf:/home/mraurora/Learning_ROS2_21/install/learning_service:/home/mraurora/Learning_ROS2_21/install/learning_qos:/home/mraurora/Learning_ROS2_21/install/learning_pkg_python:/home/mraurora/Learning_ROS2_21/install/learning_parameter:/home/mraurora/Learning_ROS2_21/install/learning_node:/home/mraurora/Learning_ROS2_21/install/learning_launch:/home/mraurora/Learning_ROS2_21/install/learning_action:/home/mraurora/Learning_ROS2_21/install/learning_gazebo_harmonic:/home/mraurora/Learning_ROS2_21/install/learning_gazebo:/home/mraurora/Learning_ROS2_21/install/learning_cv:/opt/ros/humble CONDA_PROMPT_MODIFIER=(base) /usr/bin/cmake --build /home/mraurora/Learning_ROS2_21/build/learning_topic_cpp -- -j20 -l20
[1.677s] [ 50%] Built target topic_helloworld_sub
[1.677s] [100%] Built target topic_helloworld_pub
[1.697s] Invoked command in '/home/mraurora/Learning_ROS2_21/build/learning_topic_cpp' returned '0': CMAKE_PREFIX_PATH=${CMAKE_PREFIX_PATH}:/home/mraurora/Learning_ROS2_21/install/learning_urdf:/home/mraurora/Learning_ROS2_21/install/learning_topic:/home/mraurora/Learning_ROS2_21/install/learning_tf:/home/mraurora/Learning_ROS2_21/install/learning_service:/home/mraurora/Learning_ROS2_21/install/learning_qos:/home/mraurora/Learning_ROS2_21/install/learning_pkg_python:/home/mraurora/Learning_ROS2_21/install/learning_parameter:/home/mraurora/Learning_ROS2_21/install/learning_node:/home/mraurora/Learning_ROS2_21/install/learning_launch:/home/mraurora/Learning_ROS2_21/install/learning_action:/home/mraurora/Learning_ROS2_21/install/learning_gazebo_harmonic:/home/mraurora/Learning_ROS2_21/install/learning_gazebo:/home/mraurora/Learning_ROS2_21/install/learning_cv:/opt/ros/humble CONDA_PROMPT_MODIFIER=(base) /usr/bin/cmake --build /home/mraurora/Learning_ROS2_21/build/learning_topic_cpp -- -j20 -l20
[1.698s] Invoking command in '/home/mraurora/Learning_ROS2_21/build/learning_topic_cpp': CMAKE_PREFIX_PATH=${CMAKE_PREFIX_PATH}:/home/mraurora/Learning_ROS2_21/install/learning_urdf:/home/mraurora/Learning_ROS2_21/install/learning_topic:/home/mraurora/Learning_ROS2_21/install/learning_tf:/home/mraurora/Learning_ROS2_21/install/learning_service:/home/mraurora/Learning_ROS2_21/install/learning_qos:/home/mraurora/Learning_ROS2_21/install/learning_pkg_python:/home/mraurora/Learning_ROS2_21/install/learning_parameter:/home/mraurora/Learning_ROS2_21/install/learning_node:/home/mraurora/Learning_ROS2_21/install/learning_launch:/home/mraurora/Learning_ROS2_21/install/learning_action:/home/mraurora/Learning_ROS2_21/install/learning_gazebo_harmonic:/home/mraurora/Learning_ROS2_21/install/learning_gazebo:/home/mraurora/Learning_ROS2_21/install/learning_cv:/opt/ros/humble CONDA_PROMPT_MODIFIER=(base) /usr/bin/cmake --install /home/mraurora/Learning_ROS2_21/build/learning_topic_cpp
[1.751s] -- Install configuration: ""
[1.752s] -- Up-to-date: /home/mraurora/Learning_ROS2_21/install/learning_topic_cpp/lib/learning_topic_cpp/topic_helloworld_pub
[1.752s] -- Up-to-date: /home/mraurora/Learning_ROS2_21/install/learning_topic_cpp/lib/learning_topic_cpp/topic_helloworld_sub
[1.752s] -- Up-to-date: /home/mraurora/Learning_ROS2_21/install/learning_topic_cpp/share/ament_index/resource_index/package_run_dependencies/learning_topic_cpp
[1.753s] -- Up-to-date: /home/mraurora/Learning_ROS2_21/install/learning_topic_cpp/share/ament_index/resource_index/parent_prefix_path/learning_topic_cpp
[1.754s] -- Up-to-date: /home/mraurora/Learning_ROS2_21/install/learning_topic_cpp/share/learning_topic_cpp/environment/ament_prefix_path.sh
[1.755s] -- Up-to-date: /home/mraurora/Learning_ROS2_21/install/learning_topic_cpp/share/learning_topic_cpp/environment/ament_prefix_path.dsv
[1.755s] -- Up-to-date: /home/mraurora/Learning_ROS2_21/install/learning_topic_cpp/share/learning_topic_cpp/environment/path.sh
[1.755s] -- Up-to-date: /home/mraurora/Learning_ROS2_21/install/learning_topic_cpp/share/learning_topic_cpp/environment/path.dsv
[1.755s] -- Up-to-date: /home/mraurora/Learning_ROS2_21/install/learning_topic_cpp/share/learning_topic_cpp/local_setup.bash
[1.756s] -- Up-to-date: /home/mraurora/Learning_ROS2_21/install/learning_topic_cpp/share/learning_topic_cpp/local_setup.sh
[1.756s] -- Up-to-date: /home/mraurora/Learning_ROS2_21/install/learning_topic_cpp/share/learning_topic_cpp/local_setup.zsh
[1.756s] -- Up-to-date: /home/mraurora/Learning_ROS2_21/install/learning_topic_cpp/share/learning_topic_cpp/local_setup.dsv
[1.756s] -- Installing: /home/mraurora/Learning_ROS2_21/install/learning_topic_cpp/share/learning_topic_cpp/package.dsv
[1.756s] -- Up-to-date: /home/mraurora/Learning_ROS2_21/install/learning_topic_cpp/share/ament_index/resource_index/packages/learning_topic_cpp
[1.756s] -- Up-to-date: /home/mraurora/Learning_ROS2_21/install/learning_topic_cpp/share/learning_topic_cpp/cmake/learning_topic_cppConfig.cmake
[1.756s] -- Up-to-date: /home/mraurora/Learning_ROS2_21/install/learning_topic_cpp/share/learning_topic_cpp/cmake/learning_topic_cppConfig-version.cmake
[1.756s] -- Up-to-date: /home/mraurora/Learning_ROS2_21/install/learning_topic_cpp/share/learning_topic_cpp/package.xml
[1.798s] Invoked command in '/home/mraurora/Learning_ROS2_21/build/learning_topic_cpp' returned '0': CMAKE_PREFIX_PATH=${CMAKE_PREFIX_PATH}:/home/mraurora/Learning_ROS2_21/install/learning_urdf:/home/mraurora/Learning_ROS2_21/install/learning_topic:/home/mraurora/Learning_ROS2_21/install/learning_tf:/home/mraurora/Learning_ROS2_21/install/learning_service:/home/mraurora/Learning_ROS2_21/install/learning_qos:/home/mraurora/Learning_ROS2_21/install/learning_pkg_python:/home/mraurora/Learning_ROS2_21/install/learning_parameter:/home/mraurora/Learning_ROS2_21/install/learning_node:/home/mraurora/Learning_ROS2_21/install/learning_launch:/home/mraurora/Learning_ROS2_21/install/learning_action:/home/mraurora/Learning_ROS2_21/install/learning_gazebo_harmonic:/home/mraurora/Learning_ROS2_21/install/learning_gazebo:/home/mraurora/Learning_ROS2_21/install/learning_cv:/opt/ros/humble CONDA_PROMPT_MODIFIER=(base) /usr/bin/cmake --install /home/mraurora/Learning_ROS2_21/build/learning_topic_cpp
