[0.530s] Invoking command in '/home/mraurora/Learning_ROS2_21/build/learning_service_cpp': CMAKE_PREFIX_PATH=/home/mraurora/Learning_ROS2_21/install/learning_interface:/home/mraurora/Learning_ROS2_21/install/learning_topic_cpp:/home/mraurora/Learning_ROS2_21/install/learning_tf_cpp:/home/mraurora/Learning_ROS2_21/install/learning_service_cpp:/home/mraurora/Learning_ROS2_21/install/learning_pkg_c:/home/mraurora/Learning_ROS2_21/install/learning_parameter_cpp:/home/mraurora/Learning_ROS2_21/install/learning_node_cpp:/home/mraurora/Learning_ROS2_21/install/learning_action_cpp:/home/mraurora/Learning_ROS2_21/install/learning_urdf:/home/mraurora/Learning_ROS2_21/install/learning_topic:/home/mraurora/Learning_ROS2_21/install/learning_tf:/home/mraurora/Learning_ROS2_21/install/learning_service:/home/mraurora/Learning_ROS2_21/install/learning_qos:/home/mraurora/Learning_ROS2_21/install/learning_pkg_python:/home/mraurora/Learning_ROS2_21/install/learning_parameter:/home/mraurora/Learning_ROS2_21/install/learning_node:/home/mraurora/Learning_ROS2_21/install/learning_launch:/home/mraurora/Learning_ROS2_21/install/learning_action:/home/mraurora/Learning_ROS2_21/install/learning_gazebo_harmonic:/home/mraurora/Learning_ROS2_21/install/learning_gazebo:/home/mraurora/Learning_ROS2_21/install/learning_cv:/opt/ros/humble CONDA_PROMPT_MODIFIER=(base) /usr/bin/cmake --build /home/mraurora/Learning_ROS2_21/build/learning_service_cpp -- -j20 -l20
[0.562s] -- Found ament_cmake: 1.3.12 (/opt/ros/humble/share/ament_cmake/cmake)
[0.750s] -- Found rclcpp: 16.0.16 (/opt/ros/humble/share/rclcpp/cmake)
[0.809s] -- Found rosidl_generator_c: 3.1.7 (/opt/ros/humble/share/rosidl_generator_c/cmake)
[0.812s] -- Found rosidl_adapter: 3.1.7 (/opt/ros/humble/share/rosidl_adapter/cmake)
[0.826s] -- Found rosidl_generator_cpp: 3.1.7 (/opt/ros/humble/share/rosidl_generator_cpp/cmake)
[0.841s] -- Using all available rosidl_typesupport_c: rosidl_typesupport_fastrtps_c;rosidl_typesupport_introspection_c
[0.859s] -- Using all available rosidl_typesupport_cpp: rosidl_typesupport_fastrtps_cpp;rosidl_typesupport_introspection_cpp
[0.902s] -- Found rmw_implementation_cmake: 6.1.2 (/opt/ros/humble/share/rmw_implementation_cmake/cmake)
[0.905s] -- Found rmw_fastrtps_cpp: 6.2.9 (/opt/ros/humble/share/rmw_fastrtps_cpp/cmake)
[1.107s] -- Using RMW implementation 'rmw_fastrtps_cpp' as default
[1.176s] -- Found learning_interface: 0.0.0 (/home/mraurora/Learning_ROS2_21/install/learning_interface/share/learning_interface/cmake)
[1.238s] -- Found ament_lint_auto: 0.12.14 (/opt/ros/humble/share/ament_lint_auto/cmake)
[1.361s] -- Added test 'cppcheck' to perform static code analysis on C / C++ code
[1.362s] -- Configured cppcheck include dirs: 
[1.362s] -- Configured cppcheck exclude dirs and/or files: 
[1.362s] -- Added test 'lint_cmake' to check CMake code style
[1.366s] -- Added test 'uncrustify' to check C / C++ code style
[1.366s] -- Configured uncrustify additional arguments: 
[1.366s] -- Added test 'xmllint' to check XML markup files
[1.367s] -- Configuring done
[1.394s] -- Generating done
[1.400s] -- Build files have been written to: /home/mraurora/Learning_ROS2_21/build/learning_service_cpp
[1.445s] [35m[1mConsolidate compiler generated dependencies of target service_adder_client[0m
[1.452s] [35m[1mConsolidate compiler generated dependencies of target service_adder_server[0m
[1.471s] [ 25%] [32mBuilding CXX object CMakeFiles/service_adder_client.dir/src/service_adder_client.cpp.o[0m
[1.473s] [ 50%] [32mBuilding CXX object CMakeFiles/service_adder_server.dir/src/service_adder_server.cpp.o[0m
[5.420s] [ 75%] [32m[1mLinking CXX executable service_adder_client[0m
[5.578s] [100%] [32m[1mLinking CXX executable service_adder_server[0m
[5.611s] [100%] Built target service_adder_client
[5.721s] [100%] Built target service_adder_server
[5.736s] Invoked command in '/home/mraurora/Learning_ROS2_21/build/learning_service_cpp' returned '0': CMAKE_PREFIX_PATH=/home/mraurora/Learning_ROS2_21/install/learning_interface:/home/mraurora/Learning_ROS2_21/install/learning_topic_cpp:/home/mraurora/Learning_ROS2_21/install/learning_tf_cpp:/home/mraurora/Learning_ROS2_21/install/learning_service_cpp:/home/mraurora/Learning_ROS2_21/install/learning_pkg_c:/home/mraurora/Learning_ROS2_21/install/learning_parameter_cpp:/home/mraurora/Learning_ROS2_21/install/learning_node_cpp:/home/mraurora/Learning_ROS2_21/install/learning_action_cpp:/home/mraurora/Learning_ROS2_21/install/learning_urdf:/home/mraurora/Learning_ROS2_21/install/learning_topic:/home/mraurora/Learning_ROS2_21/install/learning_tf:/home/mraurora/Learning_ROS2_21/install/learning_service:/home/mraurora/Learning_ROS2_21/install/learning_qos:/home/mraurora/Learning_ROS2_21/install/learning_pkg_python:/home/mraurora/Learning_ROS2_21/install/learning_parameter:/home/mraurora/Learning_ROS2_21/install/learning_node:/home/mraurora/Learning_ROS2_21/install/learning_launch:/home/mraurora/Learning_ROS2_21/install/learning_action:/home/mraurora/Learning_ROS2_21/install/learning_gazebo_harmonic:/home/mraurora/Learning_ROS2_21/install/learning_gazebo:/home/mraurora/Learning_ROS2_21/install/learning_cv:/opt/ros/humble CONDA_PROMPT_MODIFIER=(base) /usr/bin/cmake --build /home/mraurora/Learning_ROS2_21/build/learning_service_cpp -- -j20 -l20
[5.738s] Invoking command in '/home/mraurora/Learning_ROS2_21/build/learning_service_cpp': CMAKE_PREFIX_PATH=/home/mraurora/Learning_ROS2_21/install/learning_interface:/home/mraurora/Learning_ROS2_21/install/learning_topic_cpp:/home/mraurora/Learning_ROS2_21/install/learning_tf_cpp:/home/mraurora/Learning_ROS2_21/install/learning_service_cpp:/home/mraurora/Learning_ROS2_21/install/learning_pkg_c:/home/mraurora/Learning_ROS2_21/install/learning_parameter_cpp:/home/mraurora/Learning_ROS2_21/install/learning_node_cpp:/home/mraurora/Learning_ROS2_21/install/learning_action_cpp:/home/mraurora/Learning_ROS2_21/install/learning_urdf:/home/mraurora/Learning_ROS2_21/install/learning_topic:/home/mraurora/Learning_ROS2_21/install/learning_tf:/home/mraurora/Learning_ROS2_21/install/learning_service:/home/mraurora/Learning_ROS2_21/install/learning_qos:/home/mraurora/Learning_ROS2_21/install/learning_pkg_python:/home/mraurora/Learning_ROS2_21/install/learning_parameter:/home/mraurora/Learning_ROS2_21/install/learning_node:/home/mraurora/Learning_ROS2_21/install/learning_launch:/home/mraurora/Learning_ROS2_21/install/learning_action:/home/mraurora/Learning_ROS2_21/install/learning_gazebo_harmonic:/home/mraurora/Learning_ROS2_21/install/learning_gazebo:/home/mraurora/Learning_ROS2_21/install/learning_cv:/opt/ros/humble CONDA_PROMPT_MODIFIER=(base) /usr/bin/cmake --install /home/mraurora/Learning_ROS2_21/build/learning_service_cpp
[5.749s] -- Install configuration: ""
[5.750s] -- Installing: /home/mraurora/Learning_ROS2_21/install/learning_service_cpp/lib/learning_service_cpp/service_adder_server
[5.751s] -- Set runtime path of "/home/mraurora/Learning_ROS2_21/install/learning_service_cpp/lib/learning_service_cpp/service_adder_server" to ""
[5.751s] -- Installing: /home/mraurora/Learning_ROS2_21/install/learning_service_cpp/lib/learning_service_cpp/service_adder_client
[5.752s] -- Set runtime path of "/home/mraurora/Learning_ROS2_21/install/learning_service_cpp/lib/learning_service_cpp/service_adder_client" to ""
[5.753s] -- Up-to-date: /home/mraurora/Learning_ROS2_21/install/learning_service_cpp/share/ament_index/resource_index/package_run_dependencies/learning_service_cpp
[5.753s] -- Installing: /home/mraurora/Learning_ROS2_21/install/learning_service_cpp/share/ament_index/resource_index/parent_prefix_path/learning_service_cpp
[5.753s] -- Up-to-date: /home/mraurora/Learning_ROS2_21/install/learning_service_cpp/share/learning_service_cpp/environment/ament_prefix_path.sh
[5.753s] -- Installing: /home/mraurora/Learning_ROS2_21/install/learning_service_cpp/share/learning_service_cpp/environment/ament_prefix_path.dsv
[5.753s] -- Up-to-date: /home/mraurora/Learning_ROS2_21/install/learning_service_cpp/share/learning_service_cpp/environment/path.sh
[5.753s] -- Installing: /home/mraurora/Learning_ROS2_21/install/learning_service_cpp/share/learning_service_cpp/environment/path.dsv
[5.753s] -- Up-to-date: /home/mraurora/Learning_ROS2_21/install/learning_service_cpp/share/learning_service_cpp/local_setup.bash
[5.753s] -- Up-to-date: /home/mraurora/Learning_ROS2_21/install/learning_service_cpp/share/learning_service_cpp/local_setup.sh
[5.754s] -- Up-to-date: /home/mraurora/Learning_ROS2_21/install/learning_service_cpp/share/learning_service_cpp/local_setup.zsh
[5.754s] -- Installing: /home/mraurora/Learning_ROS2_21/install/learning_service_cpp/share/learning_service_cpp/local_setup.dsv
[5.754s] -- Installing: /home/mraurora/Learning_ROS2_21/install/learning_service_cpp/share/learning_service_cpp/package.dsv
[5.754s] -- Up-to-date: /home/mraurora/Learning_ROS2_21/install/learning_service_cpp/share/ament_index/resource_index/packages/learning_service_cpp
[5.754s] -- Up-to-date: /home/mraurora/Learning_ROS2_21/install/learning_service_cpp/share/learning_service_cpp/cmake/learning_service_cppConfig.cmake
[5.754s] -- Up-to-date: /home/mraurora/Learning_ROS2_21/install/learning_service_cpp/share/learning_service_cpp/cmake/learning_service_cppConfig-version.cmake
[5.755s] -- Up-to-date: /home/mraurora/Learning_ROS2_21/install/learning_service_cpp/share/learning_service_cpp/package.xml
[5.757s] Invoked command in '/home/mraurora/Learning_ROS2_21/build/learning_service_cpp' returned '0': CMAKE_PREFIX_PATH=/home/mraurora/Learning_ROS2_21/install/learning_interface:/home/mraurora/Learning_ROS2_21/install/learning_topic_cpp:/home/mraurora/Learning_ROS2_21/install/learning_tf_cpp:/home/mraurora/Learning_ROS2_21/install/learning_service_cpp:/home/mraurora/Learning_ROS2_21/install/learning_pkg_c:/home/mraurora/Learning_ROS2_21/install/learning_parameter_cpp:/home/mraurora/Learning_ROS2_21/install/learning_node_cpp:/home/mraurora/Learning_ROS2_21/install/learning_action_cpp:/home/mraurora/Learning_ROS2_21/install/learning_urdf:/home/mraurora/Learning_ROS2_21/install/learning_topic:/home/mraurora/Learning_ROS2_21/install/learning_tf:/home/mraurora/Learning_ROS2_21/install/learning_service:/home/mraurora/Learning_ROS2_21/install/learning_qos:/home/mraurora/Learning_ROS2_21/install/learning_pkg_python:/home/mraurora/Learning_ROS2_21/install/learning_parameter:/home/mraurora/Learning_ROS2_21/install/learning_node:/home/mraurora/Learning_ROS2_21/install/learning_launch:/home/mraurora/Learning_ROS2_21/install/learning_action:/home/mraurora/Learning_ROS2_21/install/learning_gazebo_harmonic:/home/mraurora/Learning_ROS2_21/install/learning_gazebo:/home/mraurora/Learning_ROS2_21/install/learning_cv:/opt/ros/humble CONDA_PROMPT_MODIFIER=(base) /usr/bin/cmake --install /home/mraurora/Learning_ROS2_21/build/learning_service_cpp
