[2.262s] Invoking command in '/home/mraurora/Learning_ROS2_21/src/ros2_21_tutorials/learning_launch': PYTHONPATH=/home/mraurora/Learning_ROS2_21/build/learning_launch/prefix_override:/usr/lib/python3/dist-packages/colcon_core/task/python/colcon_distutils_commands:/home/mraurora/Learning_ROS2_21/install/learning_launch/lib/python3.10/site-packages:${PYTHONPATH} /usr/bin/python3 -W ignore:setup.py install is deprecated -W ignore:easy_install command is deprecated setup.py egg_info --egg-base ../../../build/learning_launch build --build-base /home/mraurora/Learning_ROS2_21/build/learning_launch/build install --record /home/mraurora/Learning_ROS2_21/build/learning_launch/install.log --single-version-externally-managed install_data
[2.497s] running egg_info
[2.497s] writing ../../../build/learning_launch/learning_launch.egg-info/PKG-INFO
[2.498s] writing dependency_links to ../../../build/learning_launch/learning_launch.egg-info/dependency_links.txt
[2.498s] writing entry points to ../../../build/learning_launch/learning_launch.egg-info/entry_points.txt
[2.498s] writing requirements to ../../../build/learning_launch/learning_launch.egg-info/requires.txt
[2.498s] writing top-level names to ../../../build/learning_launch/learning_launch.egg-info/top_level.txt
[2.499s] reading manifest file '../../../build/learning_launch/learning_launch.egg-info/SOURCES.txt'
[2.499s] writing manifest file '../../../build/learning_launch/learning_launch.egg-info/SOURCES.txt'
[2.499s] running build
[2.500s] running build_py
[2.500s] running install
[2.500s] running install_lib
[2.500s] running install_data
[2.501s] running install_egg_info
[2.502s] removing '/home/mraurora/Learning_ROS2_21/install/learning_launch/lib/python3.10/site-packages/learning_launch-0.0.0-py3.10.egg-info' (and everything under it)
[2.502s] Copying ../../../build/learning_launch/learning_launch.egg-info to /home/mraurora/Learning_ROS2_21/install/learning_launch/lib/python3.10/site-packages/learning_launch-0.0.0-py3.10.egg-info
[2.502s] running install_scripts
[2.518s] writing list of installed files to '/home/mraurora/Learning_ROS2_21/build/learning_launch/install.log'
[2.543s] Invoked command in '/home/mraurora/Learning_ROS2_21/src/ros2_21_tutorials/learning_launch' returned '0': PYTHONPATH=/home/mraurora/Learning_ROS2_21/build/learning_launch/prefix_override:/usr/lib/python3/dist-packages/colcon_core/task/python/colcon_distutils_commands:/home/mraurora/Learning_ROS2_21/install/learning_launch/lib/python3.10/site-packages:${PYTHONPATH} /usr/bin/python3 -W ignore:setup.py install is deprecated -W ignore:easy_install command is deprecated setup.py egg_info --egg-base ../../../build/learning_launch build --build-base /home/mraurora/Learning_ROS2_21/build/learning_launch/build install --record /home/mraurora/Learning_ROS2_21/build/learning_launch/install.log --single-version-externally-managed install_data
