[2.416s] Invoking command in '/home/mraurora/Learning_ROS2_21/src/ros2_21_tutorials/learning_gazebo_harmonic': CONDA_PROMPT_MODIFIER=(base) PYTHONPATH=/home/mraurora/Learning_ROS2_21/build/learning_gazebo_harmonic/prefix_override:/usr/lib/python3/dist-packages/colcon_core/task/python/colcon_distutils_commands:/home/mraurora/Learning_ROS2_21/install/learning_gazebo_harmonic/lib/python3.10/site-packages:${PYTHONPATH} /usr/bin/python3 -W ignore:setup.py install is deprecated -W ignore:easy_install command is deprecated setup.py egg_info --egg-base ../../../build/learning_gazebo_harmonic build --build-base /home/mraurora/Learning_ROS2_21/build/learning_gazebo_harmonic/build install --record /home/mraurora/Learning_ROS2_21/build/learning_gazebo_harmonic/install.log --single-version-externally-managed install_data
[2.644s] running egg_info
[2.645s] writing ../../../build/learning_gazebo_harmonic/learning_gazebo_harmonic.egg-info/PKG-INFO
[2.645s] writing dependency_links to ../../../build/learning_gazebo_harmonic/learning_gazebo_harmonic.egg-info/dependency_links.txt
[2.645s] writing entry points to ../../../build/learning_gazebo_harmonic/learning_gazebo_harmonic.egg-info/entry_points.txt
[2.645s] writing requirements to ../../../build/learning_gazebo_harmonic/learning_gazebo_harmonic.egg-info/requires.txt
[2.645s] writing top-level names to ../../../build/learning_gazebo_harmonic/learning_gazebo_harmonic.egg-info/top_level.txt
[2.647s] reading manifest file '../../../build/learning_gazebo_harmonic/learning_gazebo_harmonic.egg-info/SOURCES.txt'
[2.647s] writing manifest file '../../../build/learning_gazebo_harmonic/learning_gazebo_harmonic.egg-info/SOURCES.txt'
[2.647s] running build
[2.647s] running build_py
[2.648s] running install
[2.648s] running install_lib
[2.648s] running install_data
[2.649s] running install_egg_info
[2.650s] removing '/home/mraurora/Learning_ROS2_21/install/learning_gazebo_harmonic/lib/python3.10/site-packages/learning_gazebo_harmonic-0.0.0-py3.10.egg-info' (and everything under it)
[2.650s] Copying ../../../build/learning_gazebo_harmonic/learning_gazebo_harmonic.egg-info to /home/mraurora/Learning_ROS2_21/install/learning_gazebo_harmonic/lib/python3.10/site-packages/learning_gazebo_harmonic-0.0.0-py3.10.egg-info
[2.651s] running install_scripts
[2.666s] writing list of installed files to '/home/mraurora/Learning_ROS2_21/build/learning_gazebo_harmonic/install.log'
[2.685s] Invoked command in '/home/mraurora/Learning_ROS2_21/src/ros2_21_tutorials/learning_gazebo_harmonic' returned '0': CONDA_PROMPT_MODIFIER=(base) PYTHONPATH=/home/mraurora/Learning_ROS2_21/build/learning_gazebo_harmonic/prefix_override:/usr/lib/python3/dist-packages/colcon_core/task/python/colcon_distutils_commands:/home/mraurora/Learning_ROS2_21/install/learning_gazebo_harmonic/lib/python3.10/site-packages:${PYTHONPATH} /usr/bin/python3 -W ignore:setup.py install is deprecated -W ignore:easy_install command is deprecated setup.py egg_info --egg-base ../../../build/learning_gazebo_harmonic build --build-base /home/mraurora/Learning_ROS2_21/build/learning_gazebo_harmonic/build install --record /home/mraurora/Learning_ROS2_21/build/learning_gazebo_harmonic/install.log --single-version-externally-managed install_data
