[2.432s] Invoking command in '/home/mraurora/Learning_ROS2_21/src/ros2_21_tutorials/learning_pkg_python': CONDA_PROMPT_MODIFIER=(base) PYTHONPATH=/home/mraurora/Learning_ROS2_21/build/learning_pkg_python/prefix_override:/usr/lib/python3/dist-packages/colcon_core/task/python/colcon_distutils_commands:/home/mraurora/Learning_ROS2_21/install/learning_pkg_python/lib/python3.10/site-packages:${PYTHONPATH} /usr/bin/python3 -W ignore:setup.py install is deprecated -W ignore:easy_install command is deprecated setup.py egg_info --egg-base ../../../build/learning_pkg_python build --build-base /home/mraurora/Learning_ROS2_21/build/learning_pkg_python/build install --record /home/mraurora/Learning_ROS2_21/build/learning_pkg_python/install.log --single-version-externally-managed install_data
[2.719s] running egg_info
[2.720s] writing ../../../build/learning_pkg_python/learning_pkg_python.egg-info/PKG-INFO
[2.720s] writing dependency_links to ../../../build/learning_pkg_python/learning_pkg_python.egg-info/dependency_links.txt
[2.722s] writing entry points to ../../../build/learning_pkg_python/learning_pkg_python.egg-info/entry_points.txt
[2.722s] writing requirements to ../../../build/learning_pkg_python/learning_pkg_python.egg-info/requires.txt
[2.722s] writing top-level names to ../../../build/learning_pkg_python/learning_pkg_python.egg-info/top_level.txt
[2.722s] reading manifest file '../../../build/learning_pkg_python/learning_pkg_python.egg-info/SOURCES.txt'
[2.723s] writing manifest file '../../../build/learning_pkg_python/learning_pkg_python.egg-info/SOURCES.txt'
[2.724s] running build
[2.724s] running build_py
[2.724s] running install
[2.725s] running install_lib
[2.725s] running install_data
[2.726s] running install_egg_info
[2.728s] removing '/home/mraurora/Learning_ROS2_21/install/learning_pkg_python/lib/python3.10/site-packages/learning_pkg_python-0.0.0-py3.10.egg-info' (and everything under it)
[2.728s] Copying ../../../build/learning_pkg_python/learning_pkg_python.egg-info to /home/mraurora/Learning_ROS2_21/install/learning_pkg_python/lib/python3.10/site-packages/learning_pkg_python-0.0.0-py3.10.egg-info
[2.729s] running install_scripts
[2.746s] writing list of installed files to '/home/mraurora/Learning_ROS2_21/build/learning_pkg_python/install.log'
[2.762s] Invoked command in '/home/mraurora/Learning_ROS2_21/src/ros2_21_tutorials/learning_pkg_python' returned '0': CONDA_PROMPT_MODIFIER=(base) PYTHONPATH=/home/mraurora/Learning_ROS2_21/build/learning_pkg_python/prefix_override:/usr/lib/python3/dist-packages/colcon_core/task/python/colcon_distutils_commands:/home/mraurora/Learning_ROS2_21/install/learning_pkg_python/lib/python3.10/site-packages:${PYTHONPATH} /usr/bin/python3 -W ignore:setup.py install is deprecated -W ignore:easy_install command is deprecated setup.py egg_info --egg-base ../../../build/learning_pkg_python build --build-base /home/mraurora/Learning_ROS2_21/build/learning_pkg_python/build install --record /home/mraurora/Learning_ROS2_21/build/learning_pkg_python/install.log --single-version-externally-managed install_data
