[2.763s] Invoking command in '/home/mraurora/Learning_ROS2_21/src/ros2_21_tutorials/learning_tf': CONDA_PROMPT_MODIFIER=(base) PYTHONPATH=/home/mraurora/Learning_ROS2_21/build/learning_tf/prefix_override:/usr/lib/python3/dist-packages/colcon_core/task/python/colcon_distutils_commands:/home/mraurora/Learning_ROS2_21/install/learning_tf/lib/python3.10/site-packages:${PYTHONPATH} /usr/bin/python3 -W ignore:setup.py install is deprecated -W ignore:easy_install command is deprecated setup.py egg_info --egg-base ../../../build/learning_tf build --build-base /home/mraurora/Learning_ROS2_21/build/learning_tf/build install --record /home/mraurora/Learning_ROS2_21/build/learning_tf/install.log --single-version-externally-managed install_data
[3.075s] running egg_info
[3.077s] writing ../../../build/learning_tf/learning_tf.egg-info/PKG-INFO
[3.081s] writing dependency_links to ../../../build/learning_tf/learning_tf.egg-info/dependency_links.txt
[3.081s] writing entry points to ../../../build/learning_tf/learning_tf.egg-info/entry_points.txt
[3.082s] writing requirements to ../../../build/learning_tf/learning_tf.egg-info/requires.txt
[3.082s] writing top-level names to ../../../build/learning_tf/learning_tf.egg-info/top_level.txt
[3.087s] reading manifest file '../../../build/learning_tf/learning_tf.egg-info/SOURCES.txt'
[3.090s] writing manifest file '../../../build/learning_tf/learning_tf.egg-info/SOURCES.txt'
[3.090s] running build
[3.094s] running build_py
[3.094s] running install
[3.094s] running install_lib
[3.102s] running install_data
[3.102s] running install_egg_info
[3.105s] removing '/home/mraurora/Learning_ROS2_21/install/learning_tf/lib/python3.10/site-packages/learning_tf-0.0.0-py3.10.egg-info' (and everything under it)
[3.106s] Copying ../../../build/learning_tf/learning_tf.egg-info to /home/mraurora/Learning_ROS2_21/install/learning_tf/lib/python3.10/site-packages/learning_tf-0.0.0-py3.10.egg-info
[3.112s] running install_scripts
[3.145s] Installing static_tf_broadcaster script to /home/mraurora/Learning_ROS2_21/install/learning_tf/lib/learning_tf
[3.146s] Installing tf_listener script to /home/mraurora/Learning_ROS2_21/install/learning_tf/lib/learning_tf
[3.146s] Installing turtle_following script to /home/mraurora/Learning_ROS2_21/install/learning_tf/lib/learning_tf
[3.146s] Installing turtle_tf_broadcaster script to /home/mraurora/Learning_ROS2_21/install/learning_tf/lib/learning_tf
[3.146s] writing list of installed files to '/home/mraurora/Learning_ROS2_21/build/learning_tf/install.log'
[3.218s] Invoked command in '/home/mraurora/Learning_ROS2_21/src/ros2_21_tutorials/learning_tf' returned '0': CONDA_PROMPT_MODIFIER=(base) PYTHONPATH=/home/mraurora/Learning_ROS2_21/build/learning_tf/prefix_override:/usr/lib/python3/dist-packages/colcon_core/task/python/colcon_distutils_commands:/home/mraurora/Learning_ROS2_21/install/learning_tf/lib/python3.10/site-packages:${PYTHONPATH} /usr/bin/python3 -W ignore:setup.py install is deprecated -W ignore:easy_install command is deprecated setup.py egg_info --egg-base ../../../build/learning_tf build --build-base /home/mraurora/Learning_ROS2_21/build/learning_tf/build install --record /home/mraurora/Learning_ROS2_21/build/learning_tf/install.log --single-version-externally-managed install_data
