[0.040s] Invoking command in '/home/mraurora/Learning_ROS2_21/build/learning_interface': CMAKE_PREFIX_PATH=/opt/ros/humble /usr/bin/cmake /home/mraurora/Learning_ROS2_21/src/ros2_21_tutorials/learning_interface -DCMAKE_INSTALL_PREFIX=/home/mraurora/Learning_ROS2_21/install/learning_interface
[1.498s] -- The C compiler identification is GNU 11.4.0
[1.498s] -- The CXX compiler identification is GNU 11.4.0
[1.498s] -- Detecting C compiler ABI info
[1.498s] -- Detecting C compiler ABI info - done
[1.499s] -- Check for working C compiler: /usr/bin/cc - skipped
[1.499s] -- Detecting C compile features
[1.499s] -- Detecting C compile features - done
[1.499s] -- Detecting CXX compiler ABI info
[1.499s] -- Detecting CXX compiler ABI info - done
[1.499s] -- Check for working CXX compiler: /usr/bin/c++ - skipped
[1.499s] -- Detecting CXX compile features
[1.499s] -- Detecting CXX compile features - done
[1.499s] -- Found ament_cmake: 1.3.12 (/opt/ros/humble/share/ament_cmake/cmake)
[1.499s] -- Found Python3: /usr/bin/python3 (found version "3.10.12") found components: Interpreter 
[1.499s] -- Found rosidl_default_generators: 1.2.0 (/opt/ros/humble/share/rosidl_default_generators/cmake)
[1.499s] -- Using all available rosidl_typesupport_c: rosidl_typesupport_fastrtps_c;rosidl_typesupport_introspection_c
[1.499s] -- Found rosidl_adapter: 3.1.7 (/opt/ros/humble/share/rosidl_adapter/cmake)
[1.499s] -- Using all available rosidl_typesupport_cpp: rosidl_typesupport_fastrtps_cpp;rosidl_typesupport_introspection_cpp
[1.500s] -- Found ament_cmake_ros: 0.10.0 (/opt/ros/humble/share/ament_cmake_ros/cmake)
[1.500s] -- Using all available rosidl_typesupport_c: rosidl_typesupport_fastrtps_c;rosidl_typesupport_introspection_c
[1.500s] -- Using all available rosidl_typesupport_cpp: rosidl_typesupport_fastrtps_cpp;rosidl_typesupport_introspection_cpp
[1.500s] -- Found PythonInterp: /usr/bin/python3 (found suitable version "3.10.12", minimum required is "3.6") 
[1.500s] -- Found python_cmake_module: 0.10.0 (/opt/ros/humble/share/python_cmake_module/cmake)
[1.500s] -- Found PythonLibs: /usr/lib/x86_64-linux-gnu/libpython3.10.so (found suitable version "3.10.12", minimum required is "3.5") 
[1.500s] -- Using PYTHON_EXECUTABLE: /usr/bin/python3
[1.500s] -- Using PYTHON_INCLUDE_DIRS: /usr/include/python3.10
[1.500s] -- Using PYTHON_LIBRARIES: /usr/lib/x86_64-linux-gnu/libpython3.10.so
[1.500s] -- Found PythonExtra: .so  
[1.500s] -- Found ament_lint_auto: 0.12.14 (/opt/ros/humble/share/ament_lint_auto/cmake)
[1.501s] -- Added test 'copyright' to check source files copyright and LICENSE
[1.501s] -- Added test 'lint_cmake' to check CMake code style
[1.501s] -- Added test 'xmllint' to check XML markup files
[1.501s] -- Configuring done
[1.501s] -- Generating done
[1.501s] -- Build files have been written to: /home/mraurora/Learning_ROS2_21/build/learning_interface
[1.515s] Invoked command in '/home/mraurora/Learning_ROS2_21/build/learning_interface' returned '0': CMAKE_PREFIX_PATH=/opt/ros/humble /usr/bin/cmake /home/mraurora/Learning_ROS2_21/src/ros2_21_tutorials/learning_interface -DCMAKE_INSTALL_PREFIX=/home/mraurora/Learning_ROS2_21/install/learning_interface
[1.515s] Invoking command in '/home/mraurora/Learning_ROS2_21/build/learning_interface': CMAKE_PREFIX_PATH=/opt/ros/humble /usr/bin/cmake --build /home/mraurora/Learning_ROS2_21/build/learning_interface -- -j20 -l20
[1.546s] [  1%] [34m[1mGenerating C code for ROS interfaces[0m
[1.555s] [  3%] [34m[1mGenerating C++ code for ROS interfaces[0m
[1.563s] [  3%] Built target ament_cmake_python_copy_learning_interface
[1.731s] running egg_info
[1.732s] creating learning_interface.egg-info
[1.732s] writing learning_interface.egg-info/PKG-INFO
[1.732s] writing dependency_links to learning_interface.egg-info/dependency_links.txt
[1.732s] writing top-level names to learning_interface.egg-info/top_level.txt
[1.733s] writing manifest file 'learning_interface.egg-info/SOURCES.txt'
[1.734s] reading manifest file 'learning_interface.egg-info/SOURCES.txt'
[1.734s] writing manifest file 'learning_interface.egg-info/SOURCES.txt'
[1.756s] [  3%] Built target ament_cmake_python_build_learning_interface_egg
[2.252s] [  7%] [32mBuilding C object CMakeFiles/learning_interface__rosidl_generator_c.dir/rosidl_generator_c/learning_interface/srv/detail/add_two_ints__functions.c.o[0m
[2.252s] [  7%] [32mBuilding C object CMakeFiles/learning_interface__rosidl_generator_c.dir/rosidl_generator_c/learning_interface/action/detail/move_circle__functions.c.o[0m
[2.255s] [ 10%] [32mBuilding C object CMakeFiles/learning_interface__rosidl_generator_c.dir/rosidl_generator_c/learning_interface/srv/detail/get_object_position__functions.c.o[0m
[2.255s] [ 10%] [32mBuilding C object CMakeFiles/learning_interface__rosidl_generator_c.dir/rosidl_generator_c/learning_interface/msg/detail/object_position__functions.c.o[0m
[2.284s] [ 10%] Built target learning_interface__cpp
[2.291s] [ 12%] [34m[1mGenerating C++ introspection for ROS interfaces[0m
[2.291s] [ 14%] [34m[1mGenerating C++ type support dispatch for ROS interfaces[0m
[2.294s] [ 16%] [34m[1mGenerating C++ type support for eProsima Fast-RTPS[0m
[2.372s] [ 18%] [32m[1mLinking C shared library liblearning_interface__rosidl_generator_c.so[0m
[2.419s] [ 18%] Built target learning_interface__rosidl_generator_c
[2.426s] [ 20%] [34m[1mGenerating C introspection for ROS interfaces[0m
[2.429s] [ 23%] [34m[1mGenerating C type support dispatch for ROS interfaces[0m
[2.429s] [ 23%] [34m[1mGenerating C type support for eProsima Fast-RTPS[0m
[2.617s] [ 25%] [32mBuilding CXX object CMakeFiles/learning_interface__rosidl_typesupport_cpp.dir/rosidl_typesupport_cpp/learning_interface/srv/get_object_position__type_support.cpp.o[0m
[2.618s] [ 27%] [32mBuilding CXX object CMakeFiles/learning_interface__rosidl_typesupport_cpp.dir/rosidl_typesupport_cpp/learning_interface/srv/add_two_ints__type_support.cpp.o[0m
[2.619s] [ 29%] [32mBuilding CXX object CMakeFiles/learning_interface__rosidl_typesupport_cpp.dir/rosidl_typesupport_cpp/learning_interface/action/move_circle__type_support.cpp.o[0m
[2.620s] [ 30%] [32mBuilding CXX object CMakeFiles/learning_interface__rosidl_typesupport_cpp.dir/rosidl_typesupport_cpp/learning_interface/msg/object_position__type_support.cpp.o[0m
[2.752s] [ 32%] [32mBuilding CXX object CMakeFiles/learning_interface__rosidl_typesupport_fastrtps_cpp.dir/rosidl_typesupport_fastrtps_cpp/learning_interface/msg/detail/dds_fastrtps/object_position__type_support.cpp.o[0m
[2.756s] [ 36%] [32mBuilding CXX object CMakeFiles/learning_interface__rosidl_typesupport_fastrtps_cpp.dir/rosidl_typesupport_fastrtps_cpp/learning_interface/srv/detail/dds_fastrtps/add_two_ints__type_support.cpp.o[0m
[2.756s] [ 36%] [32mBuilding CXX object CMakeFiles/learning_interface__rosidl_typesupport_fastrtps_cpp.dir/rosidl_typesupport_fastrtps_cpp/learning_interface/srv/detail/dds_fastrtps/get_object_position__type_support.cpp.o[0m
[2.756s] [ 38%] [32mBuilding CXX object CMakeFiles/learning_interface__rosidl_typesupport_fastrtps_cpp.dir/rosidl_typesupport_fastrtps_cpp/learning_interface/action/detail/dds_fastrtps/move_circle__type_support.cpp.o[0m
[2.767s] [ 41%] [32mBuilding CXX object CMakeFiles/learning_interface__rosidl_typesupport_c.dir/rosidl_typesupport_c/learning_interface/srv/add_two_ints__type_support.cpp.o[0m
[2.767s] [ 41%] [32mBuilding CXX object CMakeFiles/learning_interface__rosidl_typesupport_c.dir/rosidl_typesupport_c/learning_interface/msg/object_position__type_support.cpp.o[0m
[2.776s] [ 43%] [32mBuilding CXX object CMakeFiles/learning_interface__rosidl_typesupport_c.dir/rosidl_typesupport_c/learning_interface/srv/get_object_position__type_support.cpp.o[0m
[2.779s] [ 45%] [32mBuilding CXX object CMakeFiles/learning_interface__rosidl_typesupport_c.dir/rosidl_typesupport_c/learning_interface/action/move_circle__type_support.cpp.o[0m
[2.850s] [ 47%] [32m[1mLinking CXX shared library liblearning_interface__rosidl_typesupport_c.so[0m
[2.892s] [ 49%] [32mBuilding CXX object CMakeFiles/learning_interface__rosidl_typesupport_fastrtps_c.dir/rosidl_typesupport_fastrtps_c/learning_interface/msg/detail/object_position__type_support_c.cpp.o[0m
[2.900s] [ 50%] [32mBuilding CXX object CMakeFiles/learning_interface__rosidl_typesupport_fastrtps_c.dir/rosidl_typesupport_fastrtps_c/learning_interface/srv/detail/add_two_ints__type_support_c.cpp.o[0m
[2.901s] [ 52%] [32mBuilding CXX object CMakeFiles/learning_interface__rosidl_typesupport_fastrtps_c.dir/rosidl_typesupport_fastrtps_c/learning_interface/srv/detail/get_object_position__type_support_c.cpp.o[0m
[2.903s] [ 54%] [32mBuilding CXX object CMakeFiles/learning_interface__rosidl_typesupport_fastrtps_c.dir/rosidl_typesupport_fastrtps_c/learning_interface/action/detail/move_circle__type_support_c.cpp.o[0m
[2.923s] [ 54%] Built target learning_interface__rosidl_typesupport_c
[2.951s] [ 56%] [32mBuilding CXX object CMakeFiles/learning_interface__rosidl_typesupport_introspection_cpp.dir/rosidl_typesupport_introspection_cpp/learning_interface/msg/detail/object_position__type_support.cpp.o[0m
[2.952s] [ 60%] [32mBuilding CXX object CMakeFiles/learning_interface__rosidl_typesupport_introspection_cpp.dir/rosidl_typesupport_introspection_cpp/learning_interface/action/detail/move_circle__type_support.cpp.o[0m
[2.952s] [ 60%] [32mBuilding CXX object CMakeFiles/learning_interface__rosidl_typesupport_introspection_cpp.dir/rosidl_typesupport_introspection_cpp/learning_interface/srv/detail/add_two_ints__type_support.cpp.o[0m
[2.957s] [ 61%] [32mBuilding CXX object CMakeFiles/learning_interface__rosidl_typesupport_introspection_cpp.dir/rosidl_typesupport_introspection_cpp/learning_interface/srv/detail/get_object_position__type_support.cpp.o[0m
[3.104s] [ 63%] [32m[1mLinking CXX shared library liblearning_interface__rosidl_typesupport_cpp.so[0m
[3.164s] [ 67%] [32mBuilding C object CMakeFiles/learning_interface__rosidl_typesupport_introspection_c.dir/rosidl_typesupport_introspection_c/learning_interface/msg/detail/object_position__type_support.c.o[0m
[3.164s] [ 67%] [32mBuilding C object CMakeFiles/learning_interface__rosidl_typesupport_introspection_c.dir/rosidl_typesupport_introspection_c/learning_interface/srv/detail/add_two_ints__type_support.c.o[0m
[3.165s] [ 69%] [32mBuilding C object CMakeFiles/learning_interface__rosidl_typesupport_introspection_c.dir/rosidl_typesupport_introspection_c/learning_interface/action/detail/move_circle__type_support.c.o[0m
[3.169s] [ 70%] [32mBuilding C object CMakeFiles/learning_interface__rosidl_typesupport_introspection_c.dir/rosidl_typesupport_introspection_c/learning_interface/srv/detail/get_object_position__type_support.c.o[0m
[3.206s] [ 70%] Built target learning_interface__rosidl_typesupport_cpp
[3.276s] [ 72%] [32m[1mLinking C shared library liblearning_interface__rosidl_typesupport_introspection_c.so[0m
[3.320s] [ 72%] Built target learning_interface__rosidl_typesupport_introspection_c
[3.442s] [ 74%] [32m[1mLinking CXX shared library liblearning_interface__rosidl_typesupport_fastrtps_c.so[0m
[3.454s] [ 76%] [32m[1mLinking CXX shared library liblearning_interface__rosidl_typesupport_fastrtps_cpp.so[0m
[3.497s] [ 78%] [32m[1mLinking CXX shared library liblearning_interface__rosidl_typesupport_introspection_cpp.so[0m
[3.538s] [ 78%] Built target learning_interface__rosidl_typesupport_fastrtps_c
[3.552s] [ 78%] Built target learning_interface__rosidl_typesupport_fastrtps_cpp
[3.590s] [ 78%] Built target learning_interface__rosidl_typesupport_introspection_cpp
[3.611s] [ 78%] Built target learning_interface
[3.634s] [ 80%] [34m[1mGenerating Python code for ROS interfaces[0m
[4.678s] [ 80%] Built target learning_interface__py
[4.695s] [ 83%] [32mBuilding C object CMakeFiles/learning_interface__rosidl_generator_py.dir/rosidl_generator_py/learning_interface/srv/_get_object_position_s.c.o[0m
[4.695s] [ 83%] [32mBuilding C object CMakeFiles/learning_interface__rosidl_generator_py.dir/rosidl_generator_py/learning_interface/srv/_add_two_ints_s.c.o[0m
[4.698s] [ 85%] [32mBuilding C object CMakeFiles/learning_interface__rosidl_generator_py.dir/rosidl_generator_py/learning_interface/action/_move_circle_s.c.o[0m
[4.698s] [ 87%] [32mBuilding C object CMakeFiles/learning_interface__rosidl_generator_py.dir/rosidl_generator_py/learning_interface/msg/_object_position_s.c.o[0m
[5.048s] [ 89%] [32m[1mLinking C shared library rosidl_generator_py/learning_interface/liblearning_interface__rosidl_generator_py.so[0m
[5.097s] [ 89%] Built target learning_interface__rosidl_generator_py
[5.121s] [ 94%] [32mBuilding C object CMakeFiles/learning_interface__rosidl_typesupport_fastrtps_c__pyext.dir/rosidl_generator_py/learning_interface/_learning_interface_s.ep.rosidl_typesupport_fastrtps_c.c.o[0m
[5.121s] [ 94%] [32mBuilding C object CMakeFiles/learning_interface__rosidl_typesupport_introspection_c__pyext.dir/rosidl_generator_py/learning_interface/_learning_interface_s.ep.rosidl_typesupport_introspection_c.c.o[0m
[5.121s] [ 94%] [32mBuilding C object CMakeFiles/learning_interface__rosidl_typesupport_c__pyext.dir/rosidl_generator_py/learning_interface/_learning_interface_s.ep.rosidl_typesupport_c.c.o[0m
[5.222s] [ 96%] [32m[1mLinking C shared library rosidl_generator_py/learning_interface/learning_interface_s__rosidl_typesupport_introspection_c.cpython-310-x86_64-linux-gnu.so[0m
[5.263s] [ 96%] Built target learning_interface__rosidl_typesupport_introspection_c__pyext
[5.270s] [ 98%] [32m[1mLinking C shared library rosidl_generator_py/learning_interface/learning_interface_s__rosidl_typesupport_fastrtps_c.cpython-310-x86_64-linux-gnu.so[0m
[5.271s] [100%] [32m[1mLinking C shared library rosidl_generator_py/learning_interface/learning_interface_s__rosidl_typesupport_c.cpython-310-x86_64-linux-gnu.so[0m
[5.307s] [100%] Built target learning_interface__rosidl_typesupport_c__pyext
[5.315s] [100%] Built target learning_interface__rosidl_typesupport_fastrtps_c__pyext
[5.329s] Invoked command in '/home/mraurora/Learning_ROS2_21/build/learning_interface' returned '0': CMAKE_PREFIX_PATH=/opt/ros/humble /usr/bin/cmake --build /home/mraurora/Learning_ROS2_21/build/learning_interface -- -j20 -l20
[5.331s] Invoking command in '/home/mraurora/Learning_ROS2_21/build/learning_interface': CMAKE_PREFIX_PATH=/opt/ros/humble /usr/bin/cmake --install /home/mraurora/Learning_ROS2_21/build/learning_interface
[5.341s] -- Install configuration: ""
[5.341s] -- Installing: /home/mraurora/Learning_ROS2_21/install/learning_interface/share/ament_index/resource_index/rosidl_interfaces/learning_interface
[5.341s] -- Installing: /home/mraurora/Learning_ROS2_21/install/learning_interface/include/learning_interface/learning_interface
[5.341s] -- Installing: /home/mraurora/Learning_ROS2_21/install/learning_interface/include/learning_interface/learning_interface/srv
[5.342s] -- Installing: /home/mraurora/Learning_ROS2_21/install/learning_interface/include/learning_interface/learning_interface/srv/add_two_ints.h
[5.342s] -- Installing: /home/mraurora/Learning_ROS2_21/install/learning_interface/include/learning_interface/learning_interface/srv/get_object_position.h
[5.342s] -- Installing: /home/mraurora/Learning_ROS2_21/install/learning_interface/include/learning_interface/learning_interface/srv/detail
[5.342s] -- Installing: /home/mraurora/Learning_ROS2_21/install/learning_interface/include/learning_interface/learning_interface/srv/detail/get_object_position__type_support.h
[5.342s] -- Installing: /home/mraurora/Learning_ROS2_21/install/learning_interface/include/learning_interface/learning_interface/srv/detail/add_two_ints__struct.h
[5.342s] -- Installing: /home/mraurora/Learning_ROS2_21/install/learning_interface/include/learning_interface/learning_interface/srv/detail/get_object_position__functions.h
[5.342s] -- Installing: /home/mraurora/Learning_ROS2_21/install/learning_interface/include/learning_interface/learning_interface/srv/detail/get_object_position__functions.c
[5.342s] -- Installing: /home/mraurora/Learning_ROS2_21/install/learning_interface/include/learning_interface/learning_interface/srv/detail/add_two_ints__functions.c
[5.342s] -- Installing: /home/mraurora/Learning_ROS2_21/install/learning_interface/include/learning_interface/learning_interface/srv/detail/add_two_ints__functions.h
[5.343s] -- Installing: /home/mraurora/Learning_ROS2_21/install/learning_interface/include/learning_interface/learning_interface/srv/detail/get_object_position__struct.h
[5.343s] -- Installing: /home/mraurora/Learning_ROS2_21/install/learning_interface/include/learning_interface/learning_interface/srv/detail/add_two_ints__type_support.h
[5.343s] -- Installing: /home/mraurora/Learning_ROS2_21/install/learning_interface/include/learning_interface/learning_interface/action
[5.343s] -- Installing: /home/mraurora/Learning_ROS2_21/install/learning_interface/include/learning_interface/learning_interface/action/move_circle.h
[5.343s] -- Installing: /home/mraurora/Learning_ROS2_21/install/learning_interface/include/learning_interface/learning_interface/action/detail
[5.343s] -- Installing: /home/mraurora/Learning_ROS2_21/install/learning_interface/include/learning_interface/learning_interface/action/detail/move_circle__struct.h
[5.343s] -- Installing: /home/mraurora/Learning_ROS2_21/install/learning_interface/include/learning_interface/learning_interface/action/detail/move_circle__functions.c
[5.343s] -- Installing: /home/mraurora/Learning_ROS2_21/install/learning_interface/include/learning_interface/learning_interface/action/detail/move_circle__type_support.h
[5.343s] -- Installing: /home/mraurora/Learning_ROS2_21/install/learning_interface/include/learning_interface/learning_interface/action/detail/move_circle__functions.h
[5.343s] -- Installing: /home/mraurora/Learning_ROS2_21/install/learning_interface/include/learning_interface/learning_interface/msg
[5.344s] -- Installing: /home/mraurora/Learning_ROS2_21/install/learning_interface/include/learning_interface/learning_interface/msg/object_position.h
[5.344s] -- Installing: /home/mraurora/Learning_ROS2_21/install/learning_interface/include/learning_interface/learning_interface/msg/rosidl_generator_c__visibility_control.h
[5.344s] -- Installing: /home/mraurora/Learning_ROS2_21/install/learning_interface/include/learning_interface/learning_interface/msg/detail
[5.344s] -- Installing: /home/mraurora/Learning_ROS2_21/install/learning_interface/include/learning_interface/learning_interface/msg/detail/object_position__functions.h
[5.344s] -- Installing: /home/mraurora/Learning_ROS2_21/install/learning_interface/include/learning_interface/learning_interface/msg/detail/object_position__type_support.h
[5.344s] -- Installing: /home/mraurora/Learning_ROS2_21/install/learning_interface/include/learning_interface/learning_interface/msg/detail/object_position__struct.h
[5.344s] -- Installing: /home/mraurora/Learning_ROS2_21/install/learning_interface/include/learning_interface/learning_interface/msg/detail/object_position__functions.c
[5.344s] -- Installing: /home/mraurora/Learning_ROS2_21/install/learning_interface/share/learning_interface/environment/library_path.sh
[5.344s] -- Installing: /home/mraurora/Learning_ROS2_21/install/learning_interface/share/learning_interface/environment/library_path.dsv
[5.345s] -- Installing: /home/mraurora/Learning_ROS2_21/install/learning_interface/lib/liblearning_interface__rosidl_generator_c.so
[5.345s] -- Set runtime path of "/home/mraurora/Learning_ROS2_21/install/learning_interface/lib/liblearning_interface__rosidl_generator_c.so" to ""
[5.345s] -- Up-to-date: /home/mraurora/Learning_ROS2_21/install/learning_interface/include/learning_interface/learning_interface
[5.345s] -- Up-to-date: /home/mraurora/Learning_ROS2_21/install/learning_interface/include/learning_interface/learning_interface/srv
[5.345s] -- Up-to-date: /home/mraurora/Learning_ROS2_21/install/learning_interface/include/learning_interface/learning_interface/srv/detail
[5.345s] -- Installing: /home/mraurora/Learning_ROS2_21/install/learning_interface/include/learning_interface/learning_interface/srv/detail/add_two_ints__rosidl_typesupport_fastrtps_c.h
[5.345s] -- Installing: /home/mraurora/Learning_ROS2_21/install/learning_interface/include/learning_interface/learning_interface/srv/detail/get_object_position__rosidl_typesupport_fastrtps_c.h
[5.346s] -- Up-to-date: /home/mraurora/Learning_ROS2_21/install/learning_interface/include/learning_interface/learning_interface/action
[5.346s] -- Up-to-date: /home/mraurora/Learning_ROS2_21/install/learning_interface/include/learning_interface/learning_interface/action/detail
[5.346s] -- Installing: /home/mraurora/Learning_ROS2_21/install/learning_interface/include/learning_interface/learning_interface/action/detail/move_circle__rosidl_typesupport_fastrtps_c.h
[5.346s] -- Up-to-date: /home/mraurora/Learning_ROS2_21/install/learning_interface/include/learning_interface/learning_interface/msg
[5.346s] -- Installing: /home/mraurora/Learning_ROS2_21/install/learning_interface/include/learning_interface/learning_interface/msg/rosidl_typesupport_fastrtps_c__visibility_control.h
[5.346s] -- Up-to-date: /home/mraurora/Learning_ROS2_21/install/learning_interface/include/learning_interface/learning_interface/msg/detail
[5.346s] -- Installing: /home/mraurora/Learning_ROS2_21/install/learning_interface/include/learning_interface/learning_interface/msg/detail/object_position__rosidl_typesupport_fastrtps_c.h
[5.346s] -- Installing: /home/mraurora/Learning_ROS2_21/install/learning_interface/lib/liblearning_interface__rosidl_typesupport_fastrtps_c.so
[5.346s] -- Set runtime path of "/home/mraurora/Learning_ROS2_21/install/learning_interface/lib/liblearning_interface__rosidl_typesupport_fastrtps_c.so" to ""
[5.346s] -- Up-to-date: /home/mraurora/Learning_ROS2_21/install/learning_interface/include/learning_interface/learning_interface
[5.347s] -- Up-to-date: /home/mraurora/Learning_ROS2_21/install/learning_interface/include/learning_interface/learning_interface/srv
[5.347s] -- Up-to-date: /home/mraurora/Learning_ROS2_21/install/learning_interface/include/learning_interface/learning_interface/srv/detail
[5.347s] -- Installing: /home/mraurora/Learning_ROS2_21/install/learning_interface/include/learning_interface/learning_interface/srv/detail/get_object_position__type_support.c
[5.347s] -- Installing: /home/mraurora/Learning_ROS2_21/install/learning_interface/include/learning_interface/learning_interface/srv/detail/get_object_position__rosidl_typesupport_introspection_c.h
[5.347s] -- Installing: /home/mraurora/Learning_ROS2_21/install/learning_interface/include/learning_interface/learning_interface/srv/detail/add_two_ints__type_support.c
[5.347s] -- Installing: /home/mraurora/Learning_ROS2_21/install/learning_interface/include/learning_interface/learning_interface/srv/detail/add_two_ints__rosidl_typesupport_introspection_c.h
[5.347s] -- Up-to-date: /home/mraurora/Learning_ROS2_21/install/learning_interface/include/learning_interface/learning_interface/action
[5.347s] -- Up-to-date: /home/mraurora/Learning_ROS2_21/install/learning_interface/include/learning_interface/learning_interface/action/detail
[5.347s] -- Installing: /home/mraurora/Learning_ROS2_21/install/learning_interface/include/learning_interface/learning_interface/action/detail/move_circle__rosidl_typesupport_introspection_c.h
[5.347s] -- Installing: /home/mraurora/Learning_ROS2_21/install/learning_interface/include/learning_interface/learning_interface/action/detail/move_circle__type_support.c
[5.348s] -- Up-to-date: /home/mraurora/Learning_ROS2_21/install/learning_interface/include/learning_interface/learning_interface/msg
[5.348s] -- Installing: /home/mraurora/Learning_ROS2_21/install/learning_interface/include/learning_interface/learning_interface/msg/rosidl_typesupport_introspection_c__visibility_control.h
[5.348s] -- Up-to-date: /home/mraurora/Learning_ROS2_21/install/learning_interface/include/learning_interface/learning_interface/msg/detail
[5.348s] -- Installing: /home/mraurora/Learning_ROS2_21/install/learning_interface/include/learning_interface/learning_interface/msg/detail/object_position__rosidl_typesupport_introspection_c.h
[5.348s] -- Installing: /home/mraurora/Learning_ROS2_21/install/learning_interface/include/learning_interface/learning_interface/msg/detail/object_position__type_support.c
[5.348s] -- Installing: /home/mraurora/Learning_ROS2_21/install/learning_interface/lib/liblearning_interface__rosidl_typesupport_introspection_c.so
[5.348s] -- Set runtime path of "/home/mraurora/Learning_ROS2_21/install/learning_interface/lib/liblearning_interface__rosidl_typesupport_introspection_c.so" to ""
[5.348s] -- Installing: /home/mraurora/Learning_ROS2_21/install/learning_interface/lib/liblearning_interface__rosidl_typesupport_c.so
[5.348s] -- Set runtime path of "/home/mraurora/Learning_ROS2_21/install/learning_interface/lib/liblearning_interface__rosidl_typesupport_c.so" to ""
[5.348s] -- Up-to-date: /home/mraurora/Learning_ROS2_21/install/learning_interface/include/learning_interface/learning_interface
[5.349s] -- Up-to-date: /home/mraurora/Learning_ROS2_21/install/learning_interface/include/learning_interface/learning_interface/srv
[5.349s] -- Installing: /home/mraurora/Learning_ROS2_21/install/learning_interface/include/learning_interface/learning_interface/srv/add_two_ints.hpp
[5.349s] -- Installing: /home/mraurora/Learning_ROS2_21/install/learning_interface/include/learning_interface/learning_interface/srv/get_object_position.hpp
[5.349s] -- Up-to-date: /home/mraurora/Learning_ROS2_21/install/learning_interface/include/learning_interface/learning_interface/srv/detail
[5.349s] -- Installing: /home/mraurora/Learning_ROS2_21/install/learning_interface/include/learning_interface/learning_interface/srv/detail/get_object_position__traits.hpp
[5.349s] -- Installing: /home/mraurora/Learning_ROS2_21/install/learning_interface/include/learning_interface/learning_interface/srv/detail/add_two_ints__type_support.hpp
[5.349s] -- Installing: /home/mraurora/Learning_ROS2_21/install/learning_interface/include/learning_interface/learning_interface/srv/detail/get_object_position__struct.hpp
[5.349s] -- Installing: /home/mraurora/Learning_ROS2_21/install/learning_interface/include/learning_interface/learning_interface/srv/detail/add_two_ints__builder.hpp
[5.349s] -- Installing: /home/mraurora/Learning_ROS2_21/install/learning_interface/include/learning_interface/learning_interface/srv/detail/add_two_ints__struct.hpp
[5.349s] -- Installing: /home/mraurora/Learning_ROS2_21/install/learning_interface/include/learning_interface/learning_interface/srv/detail/add_two_ints__traits.hpp
[5.349s] -- Installing: /home/mraurora/Learning_ROS2_21/install/learning_interface/include/learning_interface/learning_interface/srv/detail/get_object_position__type_support.hpp
[5.350s] -- Installing: /home/mraurora/Learning_ROS2_21/install/learning_interface/include/learning_interface/learning_interface/srv/detail/get_object_position__builder.hpp
[5.350s] -- Up-to-date: /home/mraurora/Learning_ROS2_21/install/learning_interface/include/learning_interface/learning_interface/action
[5.350s] -- Installing: /home/mraurora/Learning_ROS2_21/install/learning_interface/include/learning_interface/learning_interface/action/move_circle.hpp
[5.350s] -- Up-to-date: /home/mraurora/Learning_ROS2_21/install/learning_interface/include/learning_interface/learning_interface/action/detail
[5.350s] -- Installing: /home/mraurora/Learning_ROS2_21/install/learning_interface/include/learning_interface/learning_interface/action/detail/move_circle__builder.hpp
[5.350s] -- Installing: /home/mraurora/Learning_ROS2_21/install/learning_interface/include/learning_interface/learning_interface/action/detail/move_circle__traits.hpp
[5.350s] -- Installing: /home/mraurora/Learning_ROS2_21/install/learning_interface/include/learning_interface/learning_interface/action/detail/move_circle__type_support.hpp
[5.350s] -- Installing: /home/mraurora/Learning_ROS2_21/install/learning_interface/include/learning_interface/learning_interface/action/detail/move_circle__struct.hpp
[5.350s] -- Up-to-date: /home/mraurora/Learning_ROS2_21/install/learning_interface/include/learning_interface/learning_interface/msg
[5.350s] -- Installing: /home/mraurora/Learning_ROS2_21/install/learning_interface/include/learning_interface/learning_interface/msg/object_position.hpp
[5.351s] -- Installing: /home/mraurora/Learning_ROS2_21/install/learning_interface/include/learning_interface/learning_interface/msg/rosidl_generator_cpp__visibility_control.hpp
[5.351s] -- Up-to-date: /home/mraurora/Learning_ROS2_21/install/learning_interface/include/learning_interface/learning_interface/msg/detail
[5.351s] -- Installing: /home/mraurora/Learning_ROS2_21/install/learning_interface/include/learning_interface/learning_interface/msg/detail/object_position__type_support.hpp
[5.351s] -- Installing: /home/mraurora/Learning_ROS2_21/install/learning_interface/include/learning_interface/learning_interface/msg/detail/object_position__struct.hpp
[5.351s] -- Installing: /home/mraurora/Learning_ROS2_21/install/learning_interface/include/learning_interface/learning_interface/msg/detail/object_position__traits.hpp
[5.351s] -- Installing: /home/mraurora/Learning_ROS2_21/install/learning_interface/include/learning_interface/learning_interface/msg/detail/object_position__builder.hpp
[5.351s] -- Up-to-date: /home/mraurora/Learning_ROS2_21/install/learning_interface/include/learning_interface/learning_interface
[5.351s] -- Up-to-date: /home/mraurora/Learning_ROS2_21/install/learning_interface/include/learning_interface/learning_interface/srv
[5.351s] -- Up-to-date: /home/mraurora/Learning_ROS2_21/install/learning_interface/include/learning_interface/learning_interface/srv/detail
[5.352s] -- Installing: /home/mraurora/Learning_ROS2_21/install/learning_interface/include/learning_interface/learning_interface/srv/detail/get_object_position__rosidl_typesupport_fastrtps_cpp.hpp
[5.352s] -- Installing: /home/mraurora/Learning_ROS2_21/install/learning_interface/include/learning_interface/learning_interface/srv/detail/add_two_ints__rosidl_typesupport_fastrtps_cpp.hpp
[5.352s] -- Installing: /home/mraurora/Learning_ROS2_21/install/learning_interface/include/learning_interface/learning_interface/srv/detail/dds_fastrtps
[5.352s] -- Up-to-date: /home/mraurora/Learning_ROS2_21/install/learning_interface/include/learning_interface/learning_interface/action
[5.352s] -- Up-to-date: /home/mraurora/Learning_ROS2_21/install/learning_interface/include/learning_interface/learning_interface/action/detail
[5.352s] -- Installing: /home/mraurora/Learning_ROS2_21/install/learning_interface/include/learning_interface/learning_interface/action/detail/move_circle__rosidl_typesupport_fastrtps_cpp.hpp
[5.352s] -- Installing: /home/mraurora/Learning_ROS2_21/install/learning_interface/include/learning_interface/learning_interface/action/detail/dds_fastrtps
[5.352s] -- Up-to-date: /home/mraurora/Learning_ROS2_21/install/learning_interface/include/learning_interface/learning_interface/msg
[5.352s] -- Installing: /home/mraurora/Learning_ROS2_21/install/learning_interface/include/learning_interface/learning_interface/msg/rosidl_typesupport_fastrtps_cpp__visibility_control.h
[5.352s] -- Up-to-date: /home/mraurora/Learning_ROS2_21/install/learning_interface/include/learning_interface/learning_interface/msg/detail
[5.352s] -- Installing: /home/mraurora/Learning_ROS2_21/install/learning_interface/include/learning_interface/learning_interface/msg/detail/object_position__rosidl_typesupport_fastrtps_cpp.hpp
[5.353s] -- Installing: /home/mraurora/Learning_ROS2_21/install/learning_interface/include/learning_interface/learning_interface/msg/detail/dds_fastrtps
[5.353s] -- Installing: /home/mraurora/Learning_ROS2_21/install/learning_interface/lib/liblearning_interface__rosidl_typesupport_fastrtps_cpp.so
[5.353s] -- Set runtime path of "/home/mraurora/Learning_ROS2_21/install/learning_interface/lib/liblearning_interface__rosidl_typesupport_fastrtps_cpp.so" to ""
[5.353s] -- Up-to-date: /home/mraurora/Learning_ROS2_21/install/learning_interface/include/learning_interface/learning_interface
[5.353s] -- Up-to-date: /home/mraurora/Learning_ROS2_21/install/learning_interface/include/learning_interface/learning_interface/srv
[5.353s] -- Up-to-date: /home/mraurora/Learning_ROS2_21/install/learning_interface/include/learning_interface/learning_interface/srv/detail
[5.353s] -- Installing: /home/mraurora/Learning_ROS2_21/install/learning_interface/include/learning_interface/learning_interface/srv/detail/add_two_ints__type_support.cpp
[5.353s] -- Installing: /home/mraurora/Learning_ROS2_21/install/learning_interface/include/learning_interface/learning_interface/srv/detail/add_two_ints__rosidl_typesupport_introspection_cpp.hpp
[5.353s] -- Installing: /home/mraurora/Learning_ROS2_21/install/learning_interface/include/learning_interface/learning_interface/srv/detail/get_object_position__type_support.cpp
[5.353s] -- Installing: /home/mraurora/Learning_ROS2_21/install/learning_interface/include/learning_interface/learning_interface/srv/detail/get_object_position__rosidl_typesupport_introspection_cpp.hpp
[5.353s] -- Up-to-date: /home/mraurora/Learning_ROS2_21/install/learning_interface/include/learning_interface/learning_interface/action
[5.353s] -- Up-to-date: /home/mraurora/Learning_ROS2_21/install/learning_interface/include/learning_interface/learning_interface/action/detail
[5.354s] -- Installing: /home/mraurora/Learning_ROS2_21/install/learning_interface/include/learning_interface/learning_interface/action/detail/move_circle__rosidl_typesupport_introspection_cpp.hpp
[5.354s] -- Installing: /home/mraurora/Learning_ROS2_21/install/learning_interface/include/learning_interface/learning_interface/action/detail/move_circle__type_support.cpp
[5.354s] -- Up-to-date: /home/mraurora/Learning_ROS2_21/install/learning_interface/include/learning_interface/learning_interface/msg
[5.354s] -- Up-to-date: /home/mraurora/Learning_ROS2_21/install/learning_interface/include/learning_interface/learning_interface/msg/detail
[5.354s] -- Installing: /home/mraurora/Learning_ROS2_21/install/learning_interface/include/learning_interface/learning_interface/msg/detail/object_position__type_support.cpp
[5.354s] -- Installing: /home/mraurora/Learning_ROS2_21/install/learning_interface/include/learning_interface/learning_interface/msg/detail/object_position__rosidl_typesupport_introspection_cpp.hpp
[5.354s] -- Installing: /home/mraurora/Learning_ROS2_21/install/learning_interface/lib/liblearning_interface__rosidl_typesupport_introspection_cpp.so
[5.354s] -- Set runtime path of "/home/mraurora/Learning_ROS2_21/install/learning_interface/lib/liblearning_interface__rosidl_typesupport_introspection_cpp.so" to ""
[5.354s] -- Installing: /home/mraurora/Learning_ROS2_21/install/learning_interface/lib/liblearning_interface__rosidl_typesupport_cpp.so
[5.354s] -- Set runtime path of "/home/mraurora/Learning_ROS2_21/install/learning_interface/lib/liblearning_interface__rosidl_typesupport_cpp.so" to ""
[5.354s] -- Installing: /home/mraurora/Learning_ROS2_21/install/learning_interface/share/learning_interface/environment/pythonpath.sh
[5.354s] -- Installing: /home/mraurora/Learning_ROS2_21/install/learning_interface/share/learning_interface/environment/pythonpath.dsv
[5.354s] -- Installing: /home/mraurora/Learning_ROS2_21/install/learning_interface/local/lib/python3.10/dist-packages/learning_interface-0.0.0-py3.10.egg-info
[5.355s] -- Installing: /home/mraurora/Learning_ROS2_21/install/learning_interface/local/lib/python3.10/dist-packages/learning_interface-0.0.0-py3.10.egg-info/dependency_links.txt
[5.355s] -- Installing: /home/mraurora/Learning_ROS2_21/install/learning_interface/local/lib/python3.10/dist-packages/learning_interface-0.0.0-py3.10.egg-info/top_level.txt
[5.355s] -- Installing: /home/mraurora/Learning_ROS2_21/install/learning_interface/local/lib/python3.10/dist-packages/learning_interface-0.0.0-py3.10.egg-info/SOURCES.txt
[5.355s] -- Installing: /home/mraurora/Learning_ROS2_21/install/learning_interface/local/lib/python3.10/dist-packages/learning_interface-0.0.0-py3.10.egg-info/PKG-INFO
[5.355s] -- Installing: /home/mraurora/Learning_ROS2_21/install/learning_interface/local/lib/python3.10/dist-packages/learning_interface
[5.355s] -- Installing: /home/mraurora/Learning_ROS2_21/install/learning_interface/local/lib/python3.10/dist-packages/learning_interface/liblearning_interface__rosidl_generator_py.so
[5.355s] -- Installing: /home/mraurora/Learning_ROS2_21/install/learning_interface/local/lib/python3.10/dist-packages/learning_interface/learning_interface_s__rosidl_typesupport_introspection_c.cpython-310-x86_64-linux-gnu.so
[5.355s] -- Installing: /home/mraurora/Learning_ROS2_21/install/learning_interface/local/lib/python3.10/dist-packages/learning_interface/srv
[5.355s] -- Installing: /home/mraurora/Learning_ROS2_21/install/learning_interface/local/lib/python3.10/dist-packages/learning_interface/srv/_get_object_position_s.c
[5.355s] -- Installing: /home/mraurora/Learning_ROS2_21/install/learning_interface/local/lib/python3.10/dist-packages/learning_interface/srv/_add_two_ints_s.c
[5.355s] -- Installing: /home/mraurora/Learning_ROS2_21/install/learning_interface/local/lib/python3.10/dist-packages/learning_interface/srv/__init__.py
[5.355s] -- Installing: /home/mraurora/Learning_ROS2_21/install/learning_interface/local/lib/python3.10/dist-packages/learning_interface/srv/_add_two_ints.py
[5.355s] -- Installing: /home/mraurora/Learning_ROS2_21/install/learning_interface/local/lib/python3.10/dist-packages/learning_interface/srv/_get_object_position.py
[5.356s] -- Installing: /home/mraurora/Learning_ROS2_21/install/learning_interface/local/lib/python3.10/dist-packages/learning_interface/learning_interface_s__rosidl_typesupport_fastrtps_c.cpython-310-x86_64-linux-gnu.so
[5.356s] -- Installing: /home/mraurora/Learning_ROS2_21/install/learning_interface/local/lib/python3.10/dist-packages/learning_interface/_learning_interface_s.ep.rosidl_typesupport_c.c
[5.356s] -- Installing: /home/mraurora/Learning_ROS2_21/install/learning_interface/local/lib/python3.10/dist-packages/learning_interface/action
[5.356s] -- Installing: /home/mraurora/Learning_ROS2_21/install/learning_interface/local/lib/python3.10/dist-packages/learning_interface/action/_move_circle.py
[5.356s] -- Installing: /home/mraurora/Learning_ROS2_21/install/learning_interface/local/lib/python3.10/dist-packages/learning_interface/action/_move_circle_s.c
[5.356s] -- Installing: /home/mraurora/Learning_ROS2_21/install/learning_interface/local/lib/python3.10/dist-packages/learning_interface/action/__init__.py
[5.356s] -- Installing: /home/mraurora/Learning_ROS2_21/install/learning_interface/local/lib/python3.10/dist-packages/learning_interface/msg
[5.356s] -- Installing: /home/mraurora/Learning_ROS2_21/install/learning_interface/local/lib/python3.10/dist-packages/learning_interface/msg/_object_position_s.c
[5.356s] -- Installing: /home/mraurora/Learning_ROS2_21/install/learning_interface/local/lib/python3.10/dist-packages/learning_interface/msg/_object_position.py
[5.356s] -- Installing: /home/mraurora/Learning_ROS2_21/install/learning_interface/local/lib/python3.10/dist-packages/learning_interface/msg/__init__.py
[5.356s] -- Installing: /home/mraurora/Learning_ROS2_21/install/learning_interface/local/lib/python3.10/dist-packages/learning_interface/_learning_interface_s.ep.rosidl_typesupport_fastrtps_c.c
[5.356s] -- Installing: /home/mraurora/Learning_ROS2_21/install/learning_interface/local/lib/python3.10/dist-packages/learning_interface/learning_interface_s__rosidl_typesupport_c.cpython-310-x86_64-linux-gnu.so
[5.357s] -- Installing: /home/mraurora/Learning_ROS2_21/install/learning_interface/local/lib/python3.10/dist-packages/learning_interface/__init__.py
[5.357s] -- Installing: /home/mraurora/Learning_ROS2_21/install/learning_interface/local/lib/python3.10/dist-packages/learning_interface/_learning_interface_s.ep.rosidl_typesupport_introspection_c.c
[5.381s] Listing '/home/mraurora/Learning_ROS2_21/install/learning_interface/local/lib/python3.10/dist-packages/learning_interface'...
[5.381s] Compiling '/home/mraurora/Learning_ROS2_21/install/learning_interface/local/lib/python3.10/dist-packages/learning_interface/__init__.py'...
[5.381s] Listing '/home/mraurora/Learning_ROS2_21/install/learning_interface/local/lib/python3.10/dist-packages/learning_interface/action'...
[5.382s] Compiling '/home/mraurora/Learning_ROS2_21/install/learning_interface/local/lib/python3.10/dist-packages/learning_interface/action/__init__.py'...
[5.382s] Compiling '/home/mraurora/Learning_ROS2_21/install/learning_interface/local/lib/python3.10/dist-packages/learning_interface/action/_move_circle.py'...
[5.382s] Listing '/home/mraurora/Learning_ROS2_21/install/learning_interface/local/lib/python3.10/dist-packages/learning_interface/msg'...
[5.382s] Compiling '/home/mraurora/Learning_ROS2_21/install/learning_interface/local/lib/python3.10/dist-packages/learning_interface/msg/__init__.py'...
[5.382s] Compiling '/home/mraurora/Learning_ROS2_21/install/learning_interface/local/lib/python3.10/dist-packages/learning_interface/msg/_object_position.py'...
[5.382s] Listing '/home/mraurora/Learning_ROS2_21/install/learning_interface/local/lib/python3.10/dist-packages/learning_interface/srv'...
[5.382s] Compiling '/home/mraurora/Learning_ROS2_21/install/learning_interface/local/lib/python3.10/dist-packages/learning_interface/srv/__init__.py'...
[5.382s] Compiling '/home/mraurora/Learning_ROS2_21/install/learning_interface/local/lib/python3.10/dist-packages/learning_interface/srv/_add_two_ints.py'...
[5.382s] Compiling '/home/mraurora/Learning_ROS2_21/install/learning_interface/local/lib/python3.10/dist-packages/learning_interface/srv/_get_object_position.py'...
[5.385s] -- Installing: /home/mraurora/Learning_ROS2_21/install/learning_interface/local/lib/python3.10/dist-packages/learning_interface/learning_interface_s__rosidl_typesupport_fastrtps_c.cpython-310-x86_64-linux-gnu.so
[5.385s] -- Set runtime path of "/home/mraurora/Learning_ROS2_21/install/learning_interface/local/lib/python3.10/dist-packages/learning_interface/learning_interface_s__rosidl_typesupport_fastrtps_c.cpython-310-x86_64-linux-gnu.so" to ""
[5.385s] -- Installing: /home/mraurora/Learning_ROS2_21/install/learning_interface/local/lib/python3.10/dist-packages/learning_interface/learning_interface_s__rosidl_typesupport_introspection_c.cpython-310-x86_64-linux-gnu.so
[5.385s] -- Set runtime path of "/home/mraurora/Learning_ROS2_21/install/learning_interface/local/lib/python3.10/dist-packages/learning_interface/learning_interface_s__rosidl_typesupport_introspection_c.cpython-310-x86_64-linux-gnu.so" to ""
[5.386s] -- Installing: /home/mraurora/Learning_ROS2_21/install/learning_interface/local/lib/python3.10/dist-packages/learning_interface/learning_interface_s__rosidl_typesupport_c.cpython-310-x86_64-linux-gnu.so
[5.386s] -- Set runtime path of "/home/mraurora/Learning_ROS2_21/install/learning_interface/local/lib/python3.10/dist-packages/learning_interface/learning_interface_s__rosidl_typesupport_c.cpython-310-x86_64-linux-gnu.so" to ""
[5.386s] -- Installing: /home/mraurora/Learning_ROS2_21/install/learning_interface/lib/liblearning_interface__rosidl_generator_py.so
[5.386s] -- Set runtime path of "/home/mraurora/Learning_ROS2_21/install/learning_interface/lib/liblearning_interface__rosidl_generator_py.so" to ""
[5.386s] -- Installing: /home/mraurora/Learning_ROS2_21/install/learning_interface/share/learning_interface/msg/ObjectPosition.idl
[5.386s] -- Installing: /home/mraurora/Learning_ROS2_21/install/learning_interface/share/learning_interface/srv/AddTwoInts.idl
[5.386s] -- Installing: /home/mraurora/Learning_ROS2_21/install/learning_interface/share/learning_interface/srv/GetObjectPosition.idl
[5.386s] -- Installing: /home/mraurora/Learning_ROS2_21/install/learning_interface/share/learning_interface/action/MoveCircle.idl
[5.386s] -- Installing: /home/mraurora/Learning_ROS2_21/install/learning_interface/share/learning_interface/msg/ObjectPosition.msg
[5.387s] -- Installing: /home/mraurora/Learning_ROS2_21/install/learning_interface/share/learning_interface/srv/AddTwoInts.srv
[5.387s] -- Installing: /home/mraurora/Learning_ROS2_21/install/learning_interface/share/learning_interface/srv/AddTwoInts_Request.msg
[5.387s] -- Installing: /home/mraurora/Learning_ROS2_21/install/learning_interface/share/learning_interface/srv/AddTwoInts_Response.msg
[5.387s] -- Installing: /home/mraurora/Learning_ROS2_21/install/learning_interface/share/learning_interface/srv/GetObjectPosition.srv
[5.387s] -- Installing: /home/mraurora/Learning_ROS2_21/install/learning_interface/share/learning_interface/srv/GetObjectPosition_Request.msg
[5.387s] -- Installing: /home/mraurora/Learning_ROS2_21/install/learning_interface/share/learning_interface/srv/GetObjectPosition_Response.msg
[5.387s] -- Installing: /home/mraurora/Learning_ROS2_21/install/learning_interface/share/learning_interface/action/MoveCircle.action
[5.387s] -- Installing: /home/mraurora/Learning_ROS2_21/install/learning_interface/share/ament_index/resource_index/package_run_dependencies/learning_interface
[5.387s] -- Installing: /home/mraurora/Learning_ROS2_21/install/learning_interface/share/ament_index/resource_index/parent_prefix_path/learning_interface
[5.387s] -- Installing: /home/mraurora/Learning_ROS2_21/install/learning_interface/share/learning_interface/environment/ament_prefix_path.sh
[5.387s] -- Installing: /home/mraurora/Learning_ROS2_21/install/learning_interface/share/learning_interface/environment/ament_prefix_path.dsv
[5.387s] -- Installing: /home/mraurora/Learning_ROS2_21/install/learning_interface/share/learning_interface/environment/path.sh
[5.388s] -- Installing: /home/mraurora/Learning_ROS2_21/install/learning_interface/share/learning_interface/environment/path.dsv
[5.388s] -- Installing: /home/mraurora/Learning_ROS2_21/install/learning_interface/share/learning_interface/local_setup.bash
[5.388s] -- Installing: /home/mraurora/Learning_ROS2_21/install/learning_interface/share/learning_interface/local_setup.sh
[5.388s] -- Installing: /home/mraurora/Learning_ROS2_21/install/learning_interface/share/learning_interface/local_setup.zsh
[5.388s] -- Installing: /home/mraurora/Learning_ROS2_21/install/learning_interface/share/learning_interface/local_setup.dsv
[5.388s] -- Installing: /home/mraurora/Learning_ROS2_21/install/learning_interface/share/learning_interface/package.dsv
[5.388s] -- Installing: /home/mraurora/Learning_ROS2_21/install/learning_interface/share/ament_index/resource_index/packages/learning_interface
[5.388s] -- Installing: /home/mraurora/Learning_ROS2_21/install/learning_interface/share/learning_interface/cmake/export_learning_interface__rosidl_generator_cExport.cmake
[5.388s] -- Installing: /home/mraurora/Learning_ROS2_21/install/learning_interface/share/learning_interface/cmake/export_learning_interface__rosidl_generator_cExport-noconfig.cmake
[5.388s] -- Installing: /home/mraurora/Learning_ROS2_21/install/learning_interface/share/learning_interface/cmake/export_learning_interface__rosidl_typesupport_fastrtps_cExport.cmake
[5.388s] -- Installing: /home/mraurora/Learning_ROS2_21/install/learning_interface/share/learning_interface/cmake/export_learning_interface__rosidl_typesupport_fastrtps_cExport-noconfig.cmake
[5.388s] -- Installing: /home/mraurora/Learning_ROS2_21/install/learning_interface/share/learning_interface/cmake/learning_interface__rosidl_typesupport_introspection_cExport.cmake
[5.389s] -- Installing: /home/mraurora/Learning_ROS2_21/install/learning_interface/share/learning_interface/cmake/learning_interface__rosidl_typesupport_introspection_cExport-noconfig.cmake
[5.389s] -- Installing: /home/mraurora/Learning_ROS2_21/install/learning_interface/share/learning_interface/cmake/learning_interface__rosidl_typesupport_cExport.cmake
[5.389s] -- Installing: /home/mraurora/Learning_ROS2_21/install/learning_interface/share/learning_interface/cmake/learning_interface__rosidl_typesupport_cExport-noconfig.cmake
[5.389s] -- Installing: /home/mraurora/Learning_ROS2_21/install/learning_interface/share/learning_interface/cmake/export_learning_interface__rosidl_generator_cppExport.cmake
[5.389s] -- Installing: /home/mraurora/Learning_ROS2_21/install/learning_interface/share/learning_interface/cmake/export_learning_interface__rosidl_typesupport_fastrtps_cppExport.cmake
[5.389s] -- Installing: /home/mraurora/Learning_ROS2_21/install/learning_interface/share/learning_interface/cmake/export_learning_interface__rosidl_typesupport_fastrtps_cppExport-noconfig.cmake
[5.389s] -- Installing: /home/mraurora/Learning_ROS2_21/install/learning_interface/share/learning_interface/cmake/learning_interface__rosidl_typesupport_introspection_cppExport.cmake
[5.389s] -- Installing: /home/mraurora/Learning_ROS2_21/install/learning_interface/share/learning_interface/cmake/learning_interface__rosidl_typesupport_introspection_cppExport-noconfig.cmake
[5.389s] -- Installing: /home/mraurora/Learning_ROS2_21/install/learning_interface/share/learning_interface/cmake/learning_interface__rosidl_typesupport_cppExport.cmake
[5.389s] -- Installing: /home/mraurora/Learning_ROS2_21/install/learning_interface/share/learning_interface/cmake/learning_interface__rosidl_typesupport_cppExport-noconfig.cmake
[5.389s] -- Installing: /home/mraurora/Learning_ROS2_21/install/learning_interface/share/learning_interface/cmake/export_learning_interface__rosidl_generator_pyExport.cmake
[5.389s] -- Installing: /home/mraurora/Learning_ROS2_21/install/learning_interface/share/learning_interface/cmake/export_learning_interface__rosidl_generator_pyExport-noconfig.cmake
[5.389s] -- Installing: /home/mraurora/Learning_ROS2_21/install/learning_interface/share/learning_interface/cmake/rosidl_cmake-extras.cmake
[5.389s] -- Installing: /home/mraurora/Learning_ROS2_21/install/learning_interface/share/learning_interface/cmake/ament_cmake_export_dependencies-extras.cmake
[5.390s] -- Installing: /home/mraurora/Learning_ROS2_21/install/learning_interface/share/learning_interface/cmake/ament_cmake_export_include_directories-extras.cmake
[5.390s] -- Installing: /home/mraurora/Learning_ROS2_21/install/learning_interface/share/learning_interface/cmake/ament_cmake_export_libraries-extras.cmake
[5.390s] -- Installing: /home/mraurora/Learning_ROS2_21/install/learning_interface/share/learning_interface/cmake/ament_cmake_export_targets-extras.cmake
[5.390s] -- Installing: /home/mraurora/Learning_ROS2_21/install/learning_interface/share/learning_interface/cmake/rosidl_cmake_export_typesupport_targets-extras.cmake
[5.390s] -- Installing: /home/mraurora/Learning_ROS2_21/install/learning_interface/share/learning_interface/cmake/rosidl_cmake_export_typesupport_libraries-extras.cmake
[5.390s] -- Installing: /home/mraurora/Learning_ROS2_21/install/learning_interface/share/learning_interface/cmake/learning_interfaceConfig.cmake
[5.390s] -- Installing: /home/mraurora/Learning_ROS2_21/install/learning_interface/share/learning_interface/cmake/learning_interfaceConfig-version.cmake
[5.390s] -- Installing: /home/mraurora/Learning_ROS2_21/install/learning_interface/share/learning_interface/package.xml
[5.392s] Invoked command in '/home/mraurora/Learning_ROS2_21/build/learning_interface' returned '0': CMAKE_PREFIX_PATH=/opt/ros/humble /usr/bin/cmake --install /home/mraurora/Learning_ROS2_21/build/learning_interface
