[1.662s] Invoking command in '/home/mraurora/Learning_ROS2_21/build/learning_tf_cpp': CMAKE_PREFIX_PATH=${CMAKE_PREFIX_PATH}:/home/mraurora/Learning_ROS2_21/install/learning_urdf:/home/mraurora/Learning_ROS2_21/install/learning_topic:/home/mraurora/Learning_ROS2_21/install/learning_tf:/home/mraurora/Learning_ROS2_21/install/learning_service:/home/mraurora/Learning_ROS2_21/install/learning_qos:/home/mraurora/Learning_ROS2_21/install/learning_pkg_python:/home/mraurora/Learning_ROS2_21/install/learning_parameter:/home/mraurora/Learning_ROS2_21/install/learning_node:/home/mraurora/Learning_ROS2_21/install/learning_launch:/home/mraurora/Learning_ROS2_21/install/learning_action:/home/mraurora/Learning_ROS2_21/install/learning_gazebo_harmonic:/home/mraurora/Learning_ROS2_21/install/learning_gazebo:/home/mraurora/Learning_ROS2_21/install/learning_cv:/opt/ros/humble CONDA_PROMPT_MODIFIER=(base) /usr/bin/cmake --build /home/mraurora/Learning_ROS2_21/build/learning_tf_cpp -- -j20 -l20
[1.858s] -- Found ament_cmake: 1.3.12 (/opt/ros/humble/share/ament_cmake/cmake)
[1.858s] -- Found geometry_msgs: 4.9.0 (/opt/ros/humble/share/geometry_msgs/cmake)
[1.859s] -- Found rosidl_generator_c: 3.1.7 (/opt/ros/humble/share/rosidl_generator_c/cmake)
[1.859s] -- Found rosidl_adapter: 3.1.7 (/opt/ros/humble/share/rosidl_adapter/cmake)
[1.859s] -- Found rosidl_generator_cpp: 3.1.7 (/opt/ros/humble/share/rosidl_generator_cpp/cmake)
[1.859s] -- Using all available rosidl_typesupport_c: rosidl_typesupport_fastrtps_c;rosidl_typesupport_introspection_c
[1.859s] -- Using all available rosidl_typesupport_cpp: rosidl_typesupport_fastrtps_cpp;rosidl_typesupport_introspection_cpp
[1.876s] -- Found rclcpp: 16.0.16 (/opt/ros/humble/share/rclcpp/cmake)
[1.910s] -- Found rmw_implementation_cmake: 6.1.2 (/opt/ros/humble/share/rmw_implementation_cmake/cmake)
[1.911s] -- Found rmw_fastrtps_cpp: 6.2.9 (/opt/ros/humble/share/rmw_fastrtps_cpp/cmake)
[2.007s] -- Using RMW implementation 'rmw_fastrtps_cpp' as default
[2.051s] -- Found tf2: 0.25.17 (/opt/ros/humble/share/tf2/cmake)
[2.056s] -- Found tf2_ros: 0.25.17 (/opt/ros/humble/share/tf2_ros/cmake)
[2.168s] -- Found turtlesim: 1.4.3 (/opt/ros/humble/share/turtlesim/cmake)
[2.199s] -- Found ament_lint_auto: 0.12.14 (/opt/ros/humble/share/ament_lint_auto/cmake)
[2.290s] -- Added test 'cppcheck' to perform static code analysis on C / C++ code
[2.291s] -- Configured cppcheck include dirs: 
[2.291s] -- Configured cppcheck exclude dirs and/or files: 
[2.291s] -- Added test 'flake8' to check Python code syntax and style conventions
[2.291s] -- Added test 'lint_cmake' to check CMake code style
[2.291s] -- Added test 'pep257' to check Python code against some of the docstring style conventions in PEP 257
[2.292s] -- Added test 'uncrustify' to check C / C++ code style
[2.292s] -- Configured uncrustify additional arguments: 
[2.292s] -- Added test 'xmllint' to check XML markup files
[2.293s] -- Configuring done
[2.319s] -- Generating done
[2.332s] -- Build files have been written to: /home/mraurora/Learning_ROS2_21/build/learning_tf_cpp
[2.370s] [35m[1mConsolidate compiler generated dependencies of target turtle_tf_broadcaster[0m
[2.370s] [35m[1mConsolidate compiler generated dependencies of target turtle_following[0m
[2.371s] [35m[1mConsolidate compiler generated dependencies of target static_tf_broadcaster[0m
[2.371s] [35m[1mConsolidate compiler generated dependencies of target tf_listener[0m
[2.386s] [ 25%] [32mBuilding CXX object CMakeFiles/tf_listener.dir/src/tf_listener.cpp.o[0m
[2.386s] [ 25%] [32mBuilding CXX object CMakeFiles/static_tf_broadcaster.dir/src/static_tf_broadcaster.cpp.o[0m
[2.386s] [ 37%] [32mBuilding CXX object CMakeFiles/turtle_following.dir/src/turtle_following.cpp.o[0m
[2.386s] [ 50%] [32mBuilding CXX object CMakeFiles/turtle_tf_broadcaster.dir/src/turtle_tf_broadcaster.cpp.o[0m
[6.032s] [ 62%] [32m[1mLinking CXX executable tf_listener[0m
[6.281s] [ 62%] Built target tf_listener
[7.288s] [ 75%] [32m[1mLinking CXX executable static_tf_broadcaster[0m
[7.557s] [ 75%] Built target static_tf_broadcaster
[8.821s] [ 87%] [32m[1mLinking CXX executable turtle_following[0m
[9.058s] [ 87%] Built target turtle_following
[11.071s] [100%] [32m[1mLinking CXX executable turtle_tf_broadcaster[0m
[11.359s] [100%] Built target turtle_tf_broadcaster
[11.370s] Invoked command in '/home/mraurora/Learning_ROS2_21/build/learning_tf_cpp' returned '0': CMAKE_PREFIX_PATH=${CMAKE_PREFIX_PATH}:/home/mraurora/Learning_ROS2_21/install/learning_urdf:/home/mraurora/Learning_ROS2_21/install/learning_topic:/home/mraurora/Learning_ROS2_21/install/learning_tf:/home/mraurora/Learning_ROS2_21/install/learning_service:/home/mraurora/Learning_ROS2_21/install/learning_qos:/home/mraurora/Learning_ROS2_21/install/learning_pkg_python:/home/mraurora/Learning_ROS2_21/install/learning_parameter:/home/mraurora/Learning_ROS2_21/install/learning_node:/home/mraurora/Learning_ROS2_21/install/learning_launch:/home/mraurora/Learning_ROS2_21/install/learning_action:/home/mraurora/Learning_ROS2_21/install/learning_gazebo_harmonic:/home/mraurora/Learning_ROS2_21/install/learning_gazebo:/home/mraurora/Learning_ROS2_21/install/learning_cv:/opt/ros/humble CONDA_PROMPT_MODIFIER=(base) /usr/bin/cmake --build /home/mraurora/Learning_ROS2_21/build/learning_tf_cpp -- -j20 -l20
[11.371s] Invoking command in '/home/mraurora/Learning_ROS2_21/build/learning_tf_cpp': CMAKE_PREFIX_PATH=${CMAKE_PREFIX_PATH}:/home/mraurora/Learning_ROS2_21/install/learning_urdf:/home/mraurora/Learning_ROS2_21/install/learning_topic:/home/mraurora/Learning_ROS2_21/install/learning_tf:/home/mraurora/Learning_ROS2_21/install/learning_service:/home/mraurora/Learning_ROS2_21/install/learning_qos:/home/mraurora/Learning_ROS2_21/install/learning_pkg_python:/home/mraurora/Learning_ROS2_21/install/learning_parameter:/home/mraurora/Learning_ROS2_21/install/learning_node:/home/mraurora/Learning_ROS2_21/install/learning_launch:/home/mraurora/Learning_ROS2_21/install/learning_action:/home/mraurora/Learning_ROS2_21/install/learning_gazebo_harmonic:/home/mraurora/Learning_ROS2_21/install/learning_gazebo:/home/mraurora/Learning_ROS2_21/install/learning_cv:/opt/ros/humble CONDA_PROMPT_MODIFIER=(base) /usr/bin/cmake --install /home/mraurora/Learning_ROS2_21/build/learning_tf_cpp
[11.377s] -- Install configuration: ""
[11.377s] -- Installing: /home/mraurora/Learning_ROS2_21/install/learning_tf_cpp/lib/learning_tf_cpp/static_tf_broadcaster
[11.378s] -- Set runtime path of "/home/mraurora/Learning_ROS2_21/install/learning_tf_cpp/lib/learning_tf_cpp/static_tf_broadcaster" to ""
[11.378s] -- Installing: /home/mraurora/Learning_ROS2_21/install/learning_tf_cpp/lib/learning_tf_cpp/turtle_tf_broadcaster
[11.380s] -- Set runtime path of "/home/mraurora/Learning_ROS2_21/install/learning_tf_cpp/lib/learning_tf_cpp/turtle_tf_broadcaster" to ""
[11.381s] -- Installing: /home/mraurora/Learning_ROS2_21/install/learning_tf_cpp/lib/learning_tf_cpp/tf_listener
[11.381s] -- Set runtime path of "/home/mraurora/Learning_ROS2_21/install/learning_tf_cpp/lib/learning_tf_cpp/tf_listener" to ""
[11.381s] -- Installing: /home/mraurora/Learning_ROS2_21/install/learning_tf_cpp/lib/learning_tf_cpp/turtle_following
[11.382s] -- Set runtime path of "/home/mraurora/Learning_ROS2_21/install/learning_tf_cpp/lib/learning_tf_cpp/turtle_following" to ""
[11.382s] -- Up-to-date: /home/mraurora/Learning_ROS2_21/install/learning_tf_cpp/share/learning_tf_cpp//launch
[11.382s] -- Up-to-date: /home/mraurora/Learning_ROS2_21/install/learning_tf_cpp/share/learning_tf_cpp//launch/turtle_following_demo.launch.py
[11.382s] -- Up-to-date: /home/mraurora/Learning_ROS2_21/install/learning_tf_cpp/share/ament_index/resource_index/package_run_dependencies/learning_tf_cpp
[11.382s] -- Installing: /home/mraurora/Learning_ROS2_21/install/learning_tf_cpp/share/ament_index/resource_index/parent_prefix_path/learning_tf_cpp
[11.382s] -- Up-to-date: /home/mraurora/Learning_ROS2_21/install/learning_tf_cpp/share/learning_tf_cpp/environment/ament_prefix_path.sh
[11.382s] -- Installing: /home/mraurora/Learning_ROS2_21/install/learning_tf_cpp/share/learning_tf_cpp/environment/ament_prefix_path.dsv
[11.382s] -- Up-to-date: /home/mraurora/Learning_ROS2_21/install/learning_tf_cpp/share/learning_tf_cpp/environment/path.sh
[11.382s] -- Installing: /home/mraurora/Learning_ROS2_21/install/learning_tf_cpp/share/learning_tf_cpp/environment/path.dsv
[11.382s] -- Up-to-date: /home/mraurora/Learning_ROS2_21/install/learning_tf_cpp/share/learning_tf_cpp/local_setup.bash
[11.382s] -- Up-to-date: /home/mraurora/Learning_ROS2_21/install/learning_tf_cpp/share/learning_tf_cpp/local_setup.sh
[11.382s] -- Up-to-date: /home/mraurora/Learning_ROS2_21/install/learning_tf_cpp/share/learning_tf_cpp/local_setup.zsh
[11.383s] -- Installing: /home/mraurora/Learning_ROS2_21/install/learning_tf_cpp/share/learning_tf_cpp/local_setup.dsv
[11.383s] -- Installing: /home/mraurora/Learning_ROS2_21/install/learning_tf_cpp/share/learning_tf_cpp/package.dsv
[11.383s] -- Up-to-date: /home/mraurora/Learning_ROS2_21/install/learning_tf_cpp/share/ament_index/resource_index/packages/learning_tf_cpp
[11.383s] -- Up-to-date: /home/mraurora/Learning_ROS2_21/install/learning_tf_cpp/share/learning_tf_cpp/cmake/learning_tf_cppConfig.cmake
[11.383s] -- Up-to-date: /home/mraurora/Learning_ROS2_21/install/learning_tf_cpp/share/learning_tf_cpp/cmake/learning_tf_cppConfig-version.cmake
[11.383s] -- Up-to-date: /home/mraurora/Learning_ROS2_21/install/learning_tf_cpp/share/learning_tf_cpp/package.xml
[11.384s] Invoked command in '/home/mraurora/Learning_ROS2_21/build/learning_tf_cpp' returned '0': CMAKE_PREFIX_PATH=${CMAKE_PREFIX_PATH}:/home/mraurora/Learning_ROS2_21/install/learning_urdf:/home/mraurora/Learning_ROS2_21/install/learning_topic:/home/mraurora/Learning_ROS2_21/install/learning_tf:/home/mraurora/Learning_ROS2_21/install/learning_service:/home/mraurora/Learning_ROS2_21/install/learning_qos:/home/mraurora/Learning_ROS2_21/install/learning_pkg_python:/home/mraurora/Learning_ROS2_21/install/learning_parameter:/home/mraurora/Learning_ROS2_21/install/learning_node:/home/mraurora/Learning_ROS2_21/install/learning_launch:/home/mraurora/Learning_ROS2_21/install/learning_action:/home/mraurora/Learning_ROS2_21/install/learning_gazebo_harmonic:/home/mraurora/Learning_ROS2_21/install/learning_gazebo:/home/mraurora/Learning_ROS2_21/install/learning_cv:/opt/ros/humble CONDA_PROMPT_MODIFIER=(base) /usr/bin/cmake --install /home/mraurora/Learning_ROS2_21/build/learning_tf_cpp
