[2.762s] Invoking command in '/home/mraurora/Learning_ROS2_21/src/ros2_21_tutorials/learning_qos': CONDA_PROMPT_MODIFIER=(base) PYTHONPATH=/home/mraurora/Learning_ROS2_21/build/learning_qos/prefix_override:/usr/lib/python3/dist-packages/colcon_core/task/python/colcon_distutils_commands:/home/mraurora/Learning_ROS2_21/install/learning_qos/lib/python3.10/site-packages:${PYTHONPATH} /usr/bin/python3 -W ignore:setup.py install is deprecated -W ignore:easy_install command is deprecated setup.py egg_info --egg-base ../../../build/learning_qos build --build-base /home/mraurora/Learning_ROS2_21/build/learning_qos/build install --record /home/mraurora/Learning_ROS2_21/build/learning_qos/install.log --single-version-externally-managed install_data
[3.209s] running egg_info
[3.210s] writing ../../../build/learning_qos/learning_qos.egg-info/PKG-INFO
[3.210s] writing dependency_links to ../../../build/learning_qos/learning_qos.egg-info/dependency_links.txt
[3.210s] writing entry points to ../../../build/learning_qos/learning_qos.egg-info/entry_points.txt
[3.210s] writing requirements to ../../../build/learning_qos/learning_qos.egg-info/requires.txt
[3.210s] writing top-level names to ../../../build/learning_qos/learning_qos.egg-info/top_level.txt
[3.227s] reading manifest file '../../../build/learning_qos/learning_qos.egg-info/SOURCES.txt'
[3.231s] writing manifest file '../../../build/learning_qos/learning_qos.egg-info/SOURCES.txt'
[3.231s] running build
[3.231s] running build_py
[3.231s] running install
[3.232s] running install_lib
[3.236s] running install_data
[3.237s] running install_egg_info
[3.250s] removing '/home/mraurora/Learning_ROS2_21/install/learning_qos/lib/python3.10/site-packages/learning_qos-0.0.0-py3.10.egg-info' (and everything under it)
[3.250s] Copying ../../../build/learning_qos/learning_qos.egg-info to /home/mraurora/Learning_ROS2_21/install/learning_qos/lib/python3.10/site-packages/learning_qos-0.0.0-py3.10.egg-info
[3.253s] running install_scripts
[3.279s] Installing qos_helloworld_pub script to /home/mraurora/Learning_ROS2_21/install/learning_qos/lib/learning_qos
[3.282s] Installing qos_helloworld_sub script to /home/mraurora/Learning_ROS2_21/install/learning_qos/lib/learning_qos
[3.284s] writing list of installed files to '/home/mraurora/Learning_ROS2_21/build/learning_qos/install.log'
[3.399s] Invoked command in '/home/mraurora/Learning_ROS2_21/src/ros2_21_tutorials/learning_qos' returned '0': CONDA_PROMPT_MODIFIER=(base) PYTHONPATH=/home/mraurora/Learning_ROS2_21/build/learning_qos/prefix_override:/usr/lib/python3/dist-packages/colcon_core/task/python/colcon_distutils_commands:/home/mraurora/Learning_ROS2_21/install/learning_qos/lib/python3.10/site-packages:${PYTHONPATH} /usr/bin/python3 -W ignore:setup.py install is deprecated -W ignore:easy_install command is deprecated setup.py egg_info --egg-base ../../../build/learning_qos build --build-base /home/mraurora/Learning_ROS2_21/build/learning_qos/build install --record /home/mraurora/Learning_ROS2_21/build/learning_qos/install.log --single-version-externally-managed install_data
