[2.418s] Invoking command in '/home/mraurora/Learning_ROS2_21/src/ros2_21_tutorials/learning_urdf': CONDA_PROMPT_MODIFIER=(base) PYTHONPATH=/home/mraurora/Learning_ROS2_21/build/learning_urdf/prefix_override:/usr/lib/python3/dist-packages/colcon_core/task/python/colcon_distutils_commands:/home/mraurora/Learning_ROS2_21/install/learning_urdf/lib/python3.10/site-packages:${PYTHONPATH} /usr/bin/python3 -W ignore:setup.py install is deprecated -W ignore:easy_install command is deprecated setup.py egg_info --egg-base ../../../build/learning_urdf build --build-base /home/mraurora/Learning_ROS2_21/build/learning_urdf/build install --record /home/mraurora/Learning_ROS2_21/build/learning_urdf/install.log --single-version-externally-managed install_data
[2.567s] running egg_info
[2.567s] writing ../../../build/learning_urdf/learning_urdf.egg-info/PKG-INFO
[2.567s] writing dependency_links to ../../../build/learning_urdf/learning_urdf.egg-info/dependency_links.txt
[2.568s] writing entry points to ../../../build/learning_urdf/learning_urdf.egg-info/entry_points.txt
[2.568s] writing requirements to ../../../build/learning_urdf/learning_urdf.egg-info/requires.txt
[2.568s] writing top-level names to ../../../build/learning_urdf/learning_urdf.egg-info/top_level.txt
[2.569s] reading manifest file '../../../build/learning_urdf/learning_urdf.egg-info/SOURCES.txt'
[2.570s] writing manifest file '../../../build/learning_urdf/learning_urdf.egg-info/SOURCES.txt'
[2.570s] running build
[2.570s] running build_py
[2.570s] running install
[2.570s] running install_lib
[2.571s] running install_data
[2.571s] running install_egg_info
[2.573s] removing '/home/mraurora/Learning_ROS2_21/install/learning_urdf/lib/python3.10/site-packages/learning_urdf-0.0.0-py3.10.egg-info' (and everything under it)
[2.573s] Copying ../../../build/learning_urdf/learning_urdf.egg-info to /home/mraurora/Learning_ROS2_21/install/learning_urdf/lib/python3.10/site-packages/learning_urdf-0.0.0-py3.10.egg-info
[2.573s] running install_scripts
[2.589s] writing list of installed files to '/home/mraurora/Learning_ROS2_21/build/learning_urdf/install.log'
[2.618s] Invoked command in '/home/mraurora/Learning_ROS2_21/src/ros2_21_tutorials/learning_urdf' returned '0': CONDA_PROMPT_MODIFIER=(base) PYTHONPATH=/home/mraurora/Learning_ROS2_21/build/learning_urdf/prefix_override:/usr/lib/python3/dist-packages/colcon_core/task/python/colcon_distutils_commands:/home/mraurora/Learning_ROS2_21/install/learning_urdf/lib/python3.10/site-packages:${PYTHONPATH} /usr/bin/python3 -W ignore:setup.py install is deprecated -W ignore:easy_install command is deprecated setup.py egg_info --egg-base ../../../build/learning_urdf build --build-base /home/mraurora/Learning_ROS2_21/build/learning_urdf/build install --record /home/mraurora/Learning_ROS2_21/build/learning_urdf/install.log --single-version-externally-managed install_data
