[2.807s] Invoking command in '/home/mraurora/Learning_ROS2_21/src/ros2_21_tutorials/learning_gazebo': CONDA_PROMPT_MODIFIER=(base) PYTHONPATH=/home/mraurora/Learning_ROS2_21/build/learning_gazebo/prefix_override:/usr/lib/python3/dist-packages/colcon_core/task/python/colcon_distutils_commands:/home/mraurora/Learning_ROS2_21/install/learning_gazebo/lib/python3.10/site-packages:${PYTHONPATH} /usr/bin/python3 -W ignore:setup.py install is deprecated -W ignore:easy_install command is deprecated setup.py egg_info --egg-base ../../../build/learning_gazebo build --build-base /home/mraurora/Learning_ROS2_21/build/learning_gazebo/build install --record /home/mraurora/Learning_ROS2_21/build/learning_gazebo/install.log --single-version-externally-managed install_data
[3.279s] running egg_info
[3.279s] writing ../../../build/learning_gazebo/learning_gazebo.egg-info/PKG-INFO
[3.279s] writing dependency_links to ../../../build/learning_gazebo/learning_gazebo.egg-info/dependency_links.txt
[3.279s] writing entry points to ../../../build/learning_gazebo/learning_gazebo.egg-info/entry_points.txt
[3.279s] writing requirements to ../../../build/learning_gazebo/learning_gazebo.egg-info/requires.txt
[3.279s] writing top-level names to ../../../build/learning_gazebo/learning_gazebo.egg-info/top_level.txt
[3.279s] reading manifest file '../../../build/learning_gazebo/learning_gazebo.egg-info/SOURCES.txt'
[3.279s] writing manifest file '../../../build/learning_gazebo/learning_gazebo.egg-info/SOURCES.txt'
[3.279s] running build
[3.280s] running build_py
[3.280s] running install
[3.280s] running install_lib
[3.280s] running install_data
[3.280s] running install_egg_info
[3.280s] removing '/home/mraurora/Learning_ROS2_21/install/learning_gazebo/lib/python3.10/site-packages/learning_gazebo-0.0.0-py3.10.egg-info' (and everything under it)
[3.280s] Copying ../../../build/learning_gazebo/learning_gazebo.egg-info to /home/mraurora/Learning_ROS2_21/install/learning_gazebo/lib/python3.10/site-packages/learning_gazebo-0.0.0-py3.10.egg-info
[3.280s] running install_scripts
[3.280s] writing list of installed files to '/home/mraurora/Learning_ROS2_21/build/learning_gazebo/install.log'
[3.321s] Invoked command in '/home/mraurora/Learning_ROS2_21/src/ros2_21_tutorials/learning_gazebo' returned '0': CONDA_PROMPT_MODIFIER=(base) PYTHONPATH=/home/mraurora/Learning_ROS2_21/build/learning_gazebo/prefix_override:/usr/lib/python3/dist-packages/colcon_core/task/python/colcon_distutils_commands:/home/mraurora/Learning_ROS2_21/install/learning_gazebo/lib/python3.10/site-packages:${PYTHONPATH} /usr/bin/python3 -W ignore:setup.py install is deprecated -W ignore:easy_install command is deprecated setup.py egg_info --egg-base ../../../build/learning_gazebo build --build-base /home/mraurora/Learning_ROS2_21/build/learning_gazebo/build install --record /home/mraurora/Learning_ROS2_21/build/learning_gazebo/install.log --single-version-externally-managed install_data
