[0.163s] Invoking command in '/home/mraurora/Learning_ROS2_21/build/learning_action_cpp': AMENT_PREFIX_PATH=/home/mraurora/Learning_ROS2_21/install/learning_interface:${AMENT_PREFIX_PATH} CMAKE_PREFIX_PATH=/home/mraurora/Learning_ROS2_21/install/learning_interface:/opt/ros/humble LD_LIBRARY_PATH=/home/mraurora/Learning_ROS2_21/install/learning_interface/lib:${LD_LIBRARY_PATH} PYTHONPATH=/home/mraurora/Learning_ROS2_21/install/learning_interface/local/lib/python3.10/dist-packages:${PYTHONPATH} /usr/bin/cmake /home/mraurora/Learning_ROS2_21/src/ros2_21_tutorials/learning_action_cpp -DCMAKE_INSTALL_PREFIX=/home/mraurora/Learning_ROS2_21/install/learning_action_cpp
[0.321s] -- The C compiler identification is GNU 11.4.0
[0.321s] -- The CXX compiler identification is GNU 11.4.0
[0.321s] -- Detecting C compiler ABI info
[0.362s] -- Detecting C compiler ABI info - done
[0.371s] -- Check for working C compiler: /usr/bin/cc - skipped
[0.371s] -- Detecting C compile features
[0.372s] -- Detecting C compile features - done
[0.375s] -- Detecting CXX compiler ABI info
[0.456s] -- Detecting CXX compiler ABI info - done
[0.463s] -- Check for working CXX compiler: /usr/bin/c++ - skipped
[0.463s] -- Detecting CXX compile features
[0.463s] -- Detecting CXX compile features - done
[0.464s] -- Found ament_cmake: 1.3.12 (/opt/ros/humble/share/ament_cmake/cmake)
[0.631s] -- Found Python3: /usr/bin/python3 (found version "3.10.12") found components: Interpreter 
[0.728s] -- Found rclcpp: 16.0.15 (/opt/ros/humble/share/rclcpp/cmake)
[0.765s] -- Found rosidl_generator_c: 3.1.7 (/opt/ros/humble/share/rosidl_generator_c/cmake)
[0.768s] -- Found rosidl_adapter: 3.1.7 (/opt/ros/humble/share/rosidl_adapter/cmake)
[0.773s] -- Found rosidl_generator_cpp: 3.1.7 (/opt/ros/humble/share/rosidl_generator_cpp/cmake)
[0.780s] -- Using all available rosidl_typesupport_c: rosidl_typesupport_fastrtps_c;rosidl_typesupport_introspection_c
[0.790s] -- Using all available rosidl_typesupport_cpp: rosidl_typesupport_fastrtps_cpp;rosidl_typesupport_introspection_cpp
[0.817s] -- Found rmw_implementation_cmake: 6.1.2 (/opt/ros/humble/share/rmw_implementation_cmake/cmake)
[0.818s] -- Found rmw_fastrtps_cpp: 6.2.9 (/opt/ros/humble/share/rmw_fastrtps_cpp/cmake)
[0.886s] -- Found OpenSSL: /usr/lib/x86_64-linux-gnu/libcrypto.so (found version "3.0.2")  
[0.905s] -- Found FastRTPS: /opt/ros/humble/include  
[0.938s] -- Using RMW implementation 'rmw_fastrtps_cpp' as default
[0.943s] -- Looking for pthread.h
[1.012s] -- Looking for pthread.h - found
[1.013s] -- Performing Test CMAKE_HAVE_LIBC_PTHREAD
[1.078s] -- Performing Test CMAKE_HAVE_LIBC_PTHREAD - Success
[1.080s] -- Found Threads: TRUE  
[1.113s] -- Found rclcpp_action: 16.0.15 (/opt/ros/humble/share/rclcpp_action/cmake)
[1.135s] -- Found learning_interface: 0.0.0 (/home/mraurora/Learning_ROS2_21/install/learning_interface/share/learning_interface/cmake)
[1.146s] -- Found ament_lint_auto: 0.12.14 (/opt/ros/humble/share/ament_lint_auto/cmake)
[1.198s] -- Added test 'cppcheck' to perform static code analysis on C / C++ code
[1.198s] -- Configured cppcheck include dirs: 
[1.198s] -- Configured cppcheck exclude dirs and/or files: 
[1.198s] -- Added test 'lint_cmake' to check CMake code style
[1.198s] -- Added test 'uncrustify' to check C / C++ code style
[1.199s] -- Configured uncrustify additional arguments: 
[1.199s] -- Added test 'xmllint' to check XML markup files
[1.199s] -- Configuring done
[1.207s] -- Generating done
[1.210s] -- Build files have been written to: /home/mraurora/Learning_ROS2_21/build/learning_action_cpp
[1.216s] Invoked command in '/home/mraurora/Learning_ROS2_21/build/learning_action_cpp' returned '0': AMENT_PREFIX_PATH=/home/mraurora/Learning_ROS2_21/install/learning_interface:${AMENT_PREFIX_PATH} CMAKE_PREFIX_PATH=/home/mraurora/Learning_ROS2_21/install/learning_interface:/opt/ros/humble LD_LIBRARY_PATH=/home/mraurora/Learning_ROS2_21/install/learning_interface/lib:${LD_LIBRARY_PATH} PYTHONPATH=/home/mraurora/Learning_ROS2_21/install/learning_interface/local/lib/python3.10/dist-packages:${PYTHONPATH} /usr/bin/cmake /home/mraurora/Learning_ROS2_21/src/ros2_21_tutorials/learning_action_cpp -DCMAKE_INSTALL_PREFIX=/home/mraurora/Learning_ROS2_21/install/learning_action_cpp
[1.218s] Invoking command in '/home/mraurora/Learning_ROS2_21/build/learning_action_cpp': AMENT_PREFIX_PATH=/home/mraurora/Learning_ROS2_21/install/learning_interface:${AMENT_PREFIX_PATH} CMAKE_PREFIX_PATH=/home/mraurora/Learning_ROS2_21/install/learning_interface:/opt/ros/humble LD_LIBRARY_PATH=/home/mraurora/Learning_ROS2_21/install/learning_interface/lib:${LD_LIBRARY_PATH} PYTHONPATH=/home/mraurora/Learning_ROS2_21/install/learning_interface/local/lib/python3.10/dist-packages:${PYTHONPATH} /usr/bin/cmake --build /home/mraurora/Learning_ROS2_21/build/learning_action_cpp -- -j20 -l20
[1.263s] [ 25%] [32mBuilding CXX object CMakeFiles/action_move_server.dir/src/action_move_server.cpp.o[0m
[1.267s] [ 50%] [32mBuilding CXX object CMakeFiles/action_move_client.dir/src/action_move_client.cpp.o[0m
[3.707s] [ 75%] [32m[1mLinking CXX executable action_move_server[0m
[3.815s] [ 75%] Built target action_move_server
[3.839s] [100%] [32m[1mLinking CXX executable action_move_client[0m
[3.952s] [100%] Built target action_move_client
[3.963s] Invoked command in '/home/mraurora/Learning_ROS2_21/build/learning_action_cpp' returned '0': AMENT_PREFIX_PATH=/home/mraurora/Learning_ROS2_21/install/learning_interface:${AMENT_PREFIX_PATH} CMAKE_PREFIX_PATH=/home/mraurora/Learning_ROS2_21/install/learning_interface:/opt/ros/humble LD_LIBRARY_PATH=/home/mraurora/Learning_ROS2_21/install/learning_interface/lib:${LD_LIBRARY_PATH} PYTHONPATH=/home/mraurora/Learning_ROS2_21/install/learning_interface/local/lib/python3.10/dist-packages:${PYTHONPATH} /usr/bin/cmake --build /home/mraurora/Learning_ROS2_21/build/learning_action_cpp -- -j20 -l20
[3.966s] Invoking command in '/home/mraurora/Learning_ROS2_21/build/learning_action_cpp': AMENT_PREFIX_PATH=/home/mraurora/Learning_ROS2_21/install/learning_interface:${AMENT_PREFIX_PATH} CMAKE_PREFIX_PATH=/home/mraurora/Learning_ROS2_21/install/learning_interface:/opt/ros/humble LD_LIBRARY_PATH=/home/mraurora/Learning_ROS2_21/install/learning_interface/lib:${LD_LIBRARY_PATH} PYTHONPATH=/home/mraurora/Learning_ROS2_21/install/learning_interface/local/lib/python3.10/dist-packages:${PYTHONPATH} /usr/bin/cmake --install /home/mraurora/Learning_ROS2_21/build/learning_action_cpp
[3.976s] -- Install configuration: ""
[3.976s] -- Installing: /home/mraurora/Learning_ROS2_21/install/learning_action_cpp/lib/learning_action_cpp/action_move_server
[3.977s] -- Set runtime path of "/home/mraurora/Learning_ROS2_21/install/learning_action_cpp/lib/learning_action_cpp/action_move_server" to ""
[3.977s] -- Installing: /home/mraurora/Learning_ROS2_21/install/learning_action_cpp/lib/learning_action_cpp/action_move_client
[3.978s] -- Set runtime path of "/home/mraurora/Learning_ROS2_21/install/learning_action_cpp/lib/learning_action_cpp/action_move_client" to ""
[3.978s] -- Installing: /home/mraurora/Learning_ROS2_21/install/learning_action_cpp/share/ament_index/resource_index/package_run_dependencies/learning_action_cpp
[3.978s] -- Installing: /home/mraurora/Learning_ROS2_21/install/learning_action_cpp/share/ament_index/resource_index/parent_prefix_path/learning_action_cpp
[3.978s] -- Installing: /home/mraurora/Learning_ROS2_21/install/learning_action_cpp/share/learning_action_cpp/environment/ament_prefix_path.sh
[3.978s] -- Installing: /home/mraurora/Learning_ROS2_21/install/learning_action_cpp/share/learning_action_cpp/environment/ament_prefix_path.dsv
[3.978s] -- Installing: /home/mraurora/Learning_ROS2_21/install/learning_action_cpp/share/learning_action_cpp/environment/path.sh
[3.978s] -- Installing: /home/mraurora/Learning_ROS2_21/install/learning_action_cpp/share/learning_action_cpp/environment/path.dsv
[3.978s] -- Installing: /home/mraurora/Learning_ROS2_21/install/learning_action_cpp/share/learning_action_cpp/local_setup.bash
[3.979s] -- Installing: /home/mraurora/Learning_ROS2_21/install/learning_action_cpp/share/learning_action_cpp/local_setup.sh
[3.979s] -- Installing: /home/mraurora/Learning_ROS2_21/install/learning_action_cpp/share/learning_action_cpp/local_setup.zsh
[3.979s] -- Installing: /home/mraurora/Learning_ROS2_21/install/learning_action_cpp/share/learning_action_cpp/local_setup.dsv
[3.979s] -- Installing: /home/mraurora/Learning_ROS2_21/install/learning_action_cpp/share/learning_action_cpp/package.dsv
[3.979s] -- Installing: /home/mraurora/Learning_ROS2_21/install/learning_action_cpp/share/ament_index/resource_index/packages/learning_action_cpp
[3.979s] -- Installing: /home/mraurora/Learning_ROS2_21/install/learning_action_cpp/share/learning_action_cpp/cmake/learning_action_cppConfig.cmake
[3.979s] -- Installing: /home/mraurora/Learning_ROS2_21/install/learning_action_cpp/share/learning_action_cpp/cmake/learning_action_cppConfig-version.cmake
[3.979s] -- Installing: /home/mraurora/Learning_ROS2_21/install/learning_action_cpp/share/learning_action_cpp/package.xml
[3.980s] Invoked command in '/home/mraurora/Learning_ROS2_21/build/learning_action_cpp' returned '0': AMENT_PREFIX_PATH=/home/mraurora/Learning_ROS2_21/install/learning_interface:${AMENT_PREFIX_PATH} CMAKE_PREFIX_PATH=/home/mraurora/Learning_ROS2_21/install/learning_interface:/opt/ros/humble LD_LIBRARY_PATH=/home/mraurora/Learning_ROS2_21/install/learning_interface/lib:${LD_LIBRARY_PATH} PYTHONPATH=/home/mraurora/Learning_ROS2_21/install/learning_interface/local/lib/python3.10/dist-packages:${PYTHONPATH} /usr/bin/cmake --install /home/mraurora/Learning_ROS2_21/build/learning_action_cpp
