[2.398s] Invoking command in '/home/mraurora/Learning_ROS2_21/src/ros2_21_tutorials/learning_launch': CONDA_PROMPT_MODIFIER=(base) PYTHONPATH=/home/mraurora/Learning_ROS2_21/build/learning_launch/prefix_override:/usr/lib/python3/dist-packages/colcon_core/task/python/colcon_distutils_commands:/home/mraurora/Learning_ROS2_21/install/learning_launch/lib/python3.10/site-packages:${PYTHONPATH} /usr/bin/python3 -W ignore:setup.py install is deprecated -W ignore:easy_install command is deprecated setup.py egg_info --egg-base ../../../build/learning_launch build --build-base /home/mraurora/Learning_ROS2_21/build/learning_launch/build install --record /home/mraurora/Learning_ROS2_21/build/learning_launch/install.log --single-version-externally-managed install_data
[2.686s] running egg_info
[2.686s] writing ../../../build/learning_launch/learning_launch.egg-info/PKG-INFO
[2.686s] writing dependency_links to ../../../build/learning_launch/learning_launch.egg-info/dependency_links.txt
[2.687s] writing entry points to ../../../build/learning_launch/learning_launch.egg-info/entry_points.txt
[2.687s] writing requirements to ../../../build/learning_launch/learning_launch.egg-info/requires.txt
[2.687s] writing top-level names to ../../../build/learning_launch/learning_launch.egg-info/top_level.txt
[2.688s] reading manifest file '../../../build/learning_launch/learning_launch.egg-info/SOURCES.txt'
[2.689s] writing manifest file '../../../build/learning_launch/learning_launch.egg-info/SOURCES.txt'
[2.689s] running build
[2.689s] running build_py
[2.689s] running install
[2.690s] running install_lib
[2.694s] running install_data
[2.694s] running install_egg_info
[2.695s] removing '/home/mraurora/Learning_ROS2_21/install/learning_launch/lib/python3.10/site-packages/learning_launch-0.0.0-py3.10.egg-info' (and everything under it)
[2.695s] Copying ../../../build/learning_launch/learning_launch.egg-info to /home/mraurora/Learning_ROS2_21/install/learning_launch/lib/python3.10/site-packages/learning_launch-0.0.0-py3.10.egg-info
[2.695s] running install_scripts
[2.722s] writing list of installed files to '/home/mraurora/Learning_ROS2_21/build/learning_launch/install.log'
[2.742s] Invoked command in '/home/mraurora/Learning_ROS2_21/src/ros2_21_tutorials/learning_launch' returned '0': CONDA_PROMPT_MODIFIER=(base) PYTHONPATH=/home/mraurora/Learning_ROS2_21/build/learning_launch/prefix_override:/usr/lib/python3/dist-packages/colcon_core/task/python/colcon_distutils_commands:/home/mraurora/Learning_ROS2_21/install/learning_launch/lib/python3.10/site-packages:${PYTHONPATH} /usr/bin/python3 -W ignore:setup.py install is deprecated -W ignore:easy_install command is deprecated setup.py egg_info --egg-base ../../../build/learning_launch build --build-base /home/mraurora/Learning_ROS2_21/build/learning_launch/build install --record /home/mraurora/Learning_ROS2_21/build/learning_launch/install.log --single-version-externally-managed install_data
