[1.155s] Invoking command in '/home/mraurora/Learning_ROS2_21/build/learning_parameter_cpp': CMAKE_PREFIX_PATH=${CMAKE_PREFIX_PATH}:/home/mraurora/Learning_ROS2_21/install/learning_urdf:/home/mraurora/Learning_ROS2_21/install/learning_topic:/home/mraurora/Learning_ROS2_21/install/learning_tf:/home/mraurora/Learning_ROS2_21/install/learning_service:/home/mraurora/Learning_ROS2_21/install/learning_qos:/home/mraurora/Learning_ROS2_21/install/learning_pkg_python:/home/mraurora/Learning_ROS2_21/install/learning_parameter:/home/mraurora/Learning_ROS2_21/install/learning_node:/home/mraurora/Learning_ROS2_21/install/learning_launch:/home/mraurora/Learning_ROS2_21/install/learning_action:/home/mraurora/Learning_ROS2_21/install/learning_gazebo_harmonic:/home/mraurora/Learning_ROS2_21/install/learning_gazebo:/home/mraurora/Learning_ROS2_21/install/learning_cv:/opt/ros/humble CONDA_PROMPT_MODIFIER=(base) /usr/bin/cmake --build /home/mraurora/Learning_ROS2_21/build/learning_parameter_cpp -- -j20 -l20
[1.877s] -- Found ament_cmake: 1.3.12 (/opt/ros/humble/share/ament_cmake/cmake)
[1.877s] -- Found rclcpp: 16.0.16 (/opt/ros/humble/share/rclcpp/cmake)
[1.877s] -- Found rosidl_generator_c: 3.1.7 (/opt/ros/humble/share/rosidl_generator_c/cmake)
[1.877s] -- Found rosidl_adapter: 3.1.7 (/opt/ros/humble/share/rosidl_adapter/cmake)
[1.877s] -- Found rosidl_generator_cpp: 3.1.7 (/opt/ros/humble/share/rosidl_generator_cpp/cmake)
[1.877s] -- Using all available rosidl_typesupport_c: rosidl_typesupport_fastrtps_c;rosidl_typesupport_introspection_c
[1.877s] -- Using all available rosidl_typesupport_cpp: rosidl_typesupport_fastrtps_cpp;rosidl_typesupport_introspection_cpp
[1.877s] -- Found rmw_implementation_cmake: 6.1.2 (/opt/ros/humble/share/rmw_implementation_cmake/cmake)
[1.877s] -- Found rmw_fastrtps_cpp: 6.2.9 (/opt/ros/humble/share/rmw_fastrtps_cpp/cmake)
[1.877s] -- Using RMW implementation 'rmw_fastrtps_cpp' as default
[1.877s] -- Found ament_lint_auto: 0.12.14 (/opt/ros/humble/share/ament_lint_auto/cmake)
[1.877s] -- Added test 'cppcheck' to perform static code analysis on C / C++ code
[1.877s] -- Configured cppcheck include dirs: 
[1.877s] -- Configured cppcheck exclude dirs and/or files: 
[1.878s] -- Added test 'lint_cmake' to check CMake code style
[1.878s] -- Added test 'uncrustify' to check C / C++ code style
[1.878s] -- Configured uncrustify additional arguments: 
[1.878s] -- Added test 'xmllint' to check XML markup files
[1.878s] -- Configuring done
[1.878s] -- Generating done
[1.878s] -- Build files have been written to: /home/mraurora/Learning_ROS2_21/build/learning_parameter_cpp
[1.878s] [35m[1mConsolidate compiler generated dependencies of target param_declare[0m
[1.878s] [ 50%] [32mBuilding CXX object CMakeFiles/param_declare.dir/src/param_declare.cpp.o[0m
[5.575s] [100%] [32m[1mLinking CXX executable param_declare[0m
[5.716s] [100%] Built target param_declare
[5.729s] Invoked command in '/home/mraurora/Learning_ROS2_21/build/learning_parameter_cpp' returned '0': CMAKE_PREFIX_PATH=${CMAKE_PREFIX_PATH}:/home/mraurora/Learning_ROS2_21/install/learning_urdf:/home/mraurora/Learning_ROS2_21/install/learning_topic:/home/mraurora/Learning_ROS2_21/install/learning_tf:/home/mraurora/Learning_ROS2_21/install/learning_service:/home/mraurora/Learning_ROS2_21/install/learning_qos:/home/mraurora/Learning_ROS2_21/install/learning_pkg_python:/home/mraurora/Learning_ROS2_21/install/learning_parameter:/home/mraurora/Learning_ROS2_21/install/learning_node:/home/mraurora/Learning_ROS2_21/install/learning_launch:/home/mraurora/Learning_ROS2_21/install/learning_action:/home/mraurora/Learning_ROS2_21/install/learning_gazebo_harmonic:/home/mraurora/Learning_ROS2_21/install/learning_gazebo:/home/mraurora/Learning_ROS2_21/install/learning_cv:/opt/ros/humble CONDA_PROMPT_MODIFIER=(base) /usr/bin/cmake --build /home/mraurora/Learning_ROS2_21/build/learning_parameter_cpp -- -j20 -l20
[5.734s] Invoking command in '/home/mraurora/Learning_ROS2_21/build/learning_parameter_cpp': CMAKE_PREFIX_PATH=${CMAKE_PREFIX_PATH}:/home/mraurora/Learning_ROS2_21/install/learning_urdf:/home/mraurora/Learning_ROS2_21/install/learning_topic:/home/mraurora/Learning_ROS2_21/install/learning_tf:/home/mraurora/Learning_ROS2_21/install/learning_service:/home/mraurora/Learning_ROS2_21/install/learning_qos:/home/mraurora/Learning_ROS2_21/install/learning_pkg_python:/home/mraurora/Learning_ROS2_21/install/learning_parameter:/home/mraurora/Learning_ROS2_21/install/learning_node:/home/mraurora/Learning_ROS2_21/install/learning_launch:/home/mraurora/Learning_ROS2_21/install/learning_action:/home/mraurora/Learning_ROS2_21/install/learning_gazebo_harmonic:/home/mraurora/Learning_ROS2_21/install/learning_gazebo:/home/mraurora/Learning_ROS2_21/install/learning_cv:/opt/ros/humble CONDA_PROMPT_MODIFIER=(base) /usr/bin/cmake --install /home/mraurora/Learning_ROS2_21/build/learning_parameter_cpp
[5.745s] -- Install configuration: ""
[5.751s] -- Installing: /home/mraurora/Learning_ROS2_21/install/learning_parameter_cpp/lib/learning_parameter_cpp/param_declare
[5.752s] -- Set runtime path of "/home/mraurora/Learning_ROS2_21/install/learning_parameter_cpp/lib/learning_parameter_cpp/param_declare" to ""
[5.752s] -- Up-to-date: /home/mraurora/Learning_ROS2_21/install/learning_parameter_cpp/share/ament_index/resource_index/package_run_dependencies/learning_parameter_cpp
[5.754s] -- Installing: /home/mraurora/Learning_ROS2_21/install/learning_parameter_cpp/share/ament_index/resource_index/parent_prefix_path/learning_parameter_cpp
[5.755s] -- Up-to-date: /home/mraurora/Learning_ROS2_21/install/learning_parameter_cpp/share/learning_parameter_cpp/environment/ament_prefix_path.sh
[5.755s] -- Installing: /home/mraurora/Learning_ROS2_21/install/learning_parameter_cpp/share/learning_parameter_cpp/environment/ament_prefix_path.dsv
[5.756s] -- Up-to-date: /home/mraurora/Learning_ROS2_21/install/learning_parameter_cpp/share/learning_parameter_cpp/environment/path.sh
[5.756s] -- Installing: /home/mraurora/Learning_ROS2_21/install/learning_parameter_cpp/share/learning_parameter_cpp/environment/path.dsv
[5.757s] -- Up-to-date: /home/mraurora/Learning_ROS2_21/install/learning_parameter_cpp/share/learning_parameter_cpp/local_setup.bash
[5.758s] -- Up-to-date: /home/mraurora/Learning_ROS2_21/install/learning_parameter_cpp/share/learning_parameter_cpp/local_setup.sh
[5.758s] -- Up-to-date: /home/mraurora/Learning_ROS2_21/install/learning_parameter_cpp/share/learning_parameter_cpp/local_setup.zsh
[5.758s] -- Installing: /home/mraurora/Learning_ROS2_21/install/learning_parameter_cpp/share/learning_parameter_cpp/local_setup.dsv
[5.758s] -- Installing: /home/mraurora/Learning_ROS2_21/install/learning_parameter_cpp/share/learning_parameter_cpp/package.dsv
[5.759s] -- Up-to-date: /home/mraurora/Learning_ROS2_21/install/learning_parameter_cpp/share/ament_index/resource_index/packages/learning_parameter_cpp
[5.761s] -- Up-to-date: /home/mraurora/Learning_ROS2_21/install/learning_parameter_cpp/share/learning_parameter_cpp/cmake/learning_parameter_cppConfig.cmake
[5.761s] -- Up-to-date: /home/mraurora/Learning_ROS2_21/install/learning_parameter_cpp/share/learning_parameter_cpp/cmake/learning_parameter_cppConfig-version.cmake
[5.761s] -- Up-to-date: /home/mraurora/Learning_ROS2_21/install/learning_parameter_cpp/share/learning_parameter_cpp/package.xml
[5.765s] Invoked command in '/home/mraurora/Learning_ROS2_21/build/learning_parameter_cpp' returned '0': CMAKE_PREFIX_PATH=${CMAKE_PREFIX_PATH}:/home/mraurora/Learning_ROS2_21/install/learning_urdf:/home/mraurora/Learning_ROS2_21/install/learning_topic:/home/mraurora/Learning_ROS2_21/install/learning_tf:/home/mraurora/Learning_ROS2_21/install/learning_service:/home/mraurora/Learning_ROS2_21/install/learning_qos:/home/mraurora/Learning_ROS2_21/install/learning_pkg_python:/home/mraurora/Learning_ROS2_21/install/learning_parameter:/home/mraurora/Learning_ROS2_21/install/learning_node:/home/mraurora/Learning_ROS2_21/install/learning_launch:/home/mraurora/Learning_ROS2_21/install/learning_action:/home/mraurora/Learning_ROS2_21/install/learning_gazebo_harmonic:/home/mraurora/Learning_ROS2_21/install/learning_gazebo:/home/mraurora/Learning_ROS2_21/install/learning_cv:/opt/ros/humble CONDA_PROMPT_MODIFIER=(base) /usr/bin/cmake --install /home/mraurora/Learning_ROS2_21/build/learning_parameter_cpp
