[2.735s] Invoking command in '/home/mraurora/Learning_ROS2_21/src/ros2_21_tutorials/learning_urdf': CONDA_PROMPT_MODIFIER=(base) PYTHONPATH=/home/mraurora/Learning_ROS2_21/build/learning_urdf/prefix_override:/usr/lib/python3/dist-packages/colcon_core/task/python/colcon_distutils_commands:/home/mraurora/Learning_ROS2_21/install/learning_urdf/lib/python3.10/site-packages:${PYTHONPATH} /usr/bin/python3 -W ignore:setup.py install is deprecated -W ignore:easy_install command is deprecated setup.py egg_info --egg-base ../../../build/learning_urdf build --build-base /home/mraurora/Learning_ROS2_21/build/learning_urdf/build install --record /home/mraurora/Learning_ROS2_21/build/learning_urdf/install.log --single-version-externally-managed install_data
[3.106s] running egg_info
[3.107s] writing ../../../build/learning_urdf/learning_urdf.egg-info/PKG-INFO
[3.107s] writing dependency_links to ../../../build/learning_urdf/learning_urdf.egg-info/dependency_links.txt
[3.107s] writing entry points to ../../../build/learning_urdf/learning_urdf.egg-info/entry_points.txt
[3.108s] writing requirements to ../../../build/learning_urdf/learning_urdf.egg-info/requires.txt
[3.108s] writing top-level names to ../../../build/learning_urdf/learning_urdf.egg-info/top_level.txt
[3.118s] reading manifest file '../../../build/learning_urdf/learning_urdf.egg-info/SOURCES.txt'
[3.119s] writing manifest file '../../../build/learning_urdf/learning_urdf.egg-info/SOURCES.txt'
[3.119s] running build
[3.119s] running build_py
[3.127s] running install
[3.127s] running install_lib
[3.128s] running install_data
[3.133s] running install_egg_info
[3.137s] removing '/home/mraurora/Learning_ROS2_21/install/learning_urdf/lib/python3.10/site-packages/learning_urdf-0.0.0-py3.10.egg-info' (and everything under it)
[3.138s] Copying ../../../build/learning_urdf/learning_urdf.egg-info to /home/mraurora/Learning_ROS2_21/install/learning_urdf/lib/python3.10/site-packages/learning_urdf-0.0.0-py3.10.egg-info
[3.141s] running install_scripts
[3.216s] writing list of installed files to '/home/mraurora/Learning_ROS2_21/build/learning_urdf/install.log'
[3.342s] Invoked command in '/home/mraurora/Learning_ROS2_21/src/ros2_21_tutorials/learning_urdf' returned '0': CONDA_PROMPT_MODIFIER=(base) PYTHONPATH=/home/mraurora/Learning_ROS2_21/build/learning_urdf/prefix_override:/usr/lib/python3/dist-packages/colcon_core/task/python/colcon_distutils_commands:/home/mraurora/Learning_ROS2_21/install/learning_urdf/lib/python3.10/site-packages:${PYTHONPATH} /usr/bin/python3 -W ignore:setup.py install is deprecated -W ignore:easy_install command is deprecated setup.py egg_info --egg-base ../../../build/learning_urdf build --build-base /home/mraurora/Learning_ROS2_21/build/learning_urdf/build install --record /home/mraurora/Learning_ROS2_21/build/learning_urdf/install.log --single-version-externally-managed install_data
