[1.785s] Invoking command in '/home/mraurora/Learning_ROS2_21/src/ros2_21_tutorials/learning_cv': PYTHONPATH=/home/mraurora/Learning_ROS2_21/build/learning_cv/prefix_override:/usr/lib/python3/dist-packages/colcon_core/task/python/colcon_distutils_commands:/home/mraurora/Learning_ROS2_21/install/learning_cv/lib/python3.10/site-packages:${PYTHONPATH} /usr/bin/python3 -W ignore:setup.py install is deprecated -W ignore:easy_install command is deprecated setup.py egg_info --egg-base ../../../build/learning_cv build --build-base /home/mraurora/Learning_ROS2_21/build/learning_cv/build install --record /home/mraurora/Learning_ROS2_21/build/learning_cv/install.log --single-version-externally-managed install_data
[2.064s] running egg_info
[2.065s] creating ../../../build/learning_cv/learning_cv.egg-info
[2.065s] writing ../../../build/learning_cv/learning_cv.egg-info/PKG-INFO
[2.065s] writing dependency_links to ../../../build/learning_cv/learning_cv.egg-info/dependency_links.txt
[2.065s] writing entry points to ../../../build/learning_cv/learning_cv.egg-info/entry_points.txt
[2.065s] writing requirements to ../../../build/learning_cv/learning_cv.egg-info/requires.txt
[2.065s] writing top-level names to ../../../build/learning_cv/learning_cv.egg-info/top_level.txt
[2.066s] writing manifest file '../../../build/learning_cv/learning_cv.egg-info/SOURCES.txt'
[2.067s] reading manifest file '../../../build/learning_cv/learning_cv.egg-info/SOURCES.txt'
[2.068s] writing manifest file '../../../build/learning_cv/learning_cv.egg-info/SOURCES.txt'
[2.068s] running build
[2.069s] running build_py
[2.069s] creating /home/mraurora/Learning_ROS2_21/build/learning_cv/build
[2.069s] creating /home/mraurora/Learning_ROS2_21/build/learning_cv/build/lib
[2.069s] creating /home/mraurora/Learning_ROS2_21/build/learning_cv/build/lib/learning_cv
[2.069s] copying learning_cv/cv_bridge_test.py -> /home/mraurora/Learning_ROS2_21/build/learning_cv/build/lib/learning_cv
[2.069s] copying learning_cv/__init__.py -> /home/mraurora/Learning_ROS2_21/build/learning_cv/build/lib/learning_cv
[2.069s] running install
[2.069s] running install_lib
[2.070s] creating /home/mraurora/Learning_ROS2_21/install/learning_cv/lib/python3.10/site-packages/learning_cv
[2.070s] copying /home/mraurora/Learning_ROS2_21/build/learning_cv/build/lib/learning_cv/cv_bridge_test.py -> /home/mraurora/Learning_ROS2_21/install/learning_cv/lib/python3.10/site-packages/learning_cv
[2.070s] copying /home/mraurora/Learning_ROS2_21/build/learning_cv/build/lib/learning_cv/__init__.py -> /home/mraurora/Learning_ROS2_21/install/learning_cv/lib/python3.10/site-packages/learning_cv
[2.071s] byte-compiling /home/mraurora/Learning_ROS2_21/install/learning_cv/lib/python3.10/site-packages/learning_cv/cv_bridge_test.py to cv_bridge_test.cpython-310.pyc
[2.072s] byte-compiling /home/mraurora/Learning_ROS2_21/install/learning_cv/lib/python3.10/site-packages/learning_cv/__init__.py to __init__.cpython-310.pyc
[2.072s] running install_data
[2.072s] creating /home/mraurora/Learning_ROS2_21/install/learning_cv/share/ament_index
[2.072s] creating /home/mraurora/Learning_ROS2_21/install/learning_cv/share/ament_index/resource_index
[2.072s] creating /home/mraurora/Learning_ROS2_21/install/learning_cv/share/ament_index/resource_index/packages
[2.072s] copying resource/learning_cv -> /home/mraurora/Learning_ROS2_21/install/learning_cv/share/ament_index/resource_index/packages
[2.072s] copying package.xml -> /home/mraurora/Learning_ROS2_21/install/learning_cv/share/learning_cv
[2.072s] running install_egg_info
[2.074s] Copying ../../../build/learning_cv/learning_cv.egg-info to /home/mraurora/Learning_ROS2_21/install/learning_cv/lib/python3.10/site-packages/learning_cv-0.0.0-py3.10.egg-info
[2.075s] running install_scripts
[2.099s] Installing cv_bridge_test script to /home/mraurora/Learning_ROS2_21/install/learning_cv/lib/learning_cv
[2.101s] writing list of installed files to '/home/mraurora/Learning_ROS2_21/build/learning_cv/install.log'
[2.132s] Invoked command in '/home/mraurora/Learning_ROS2_21/src/ros2_21_tutorials/learning_cv' returned '0': PYTHONPATH=/home/mraurora/Learning_ROS2_21/build/learning_cv/prefix_override:/usr/lib/python3/dist-packages/colcon_core/task/python/colcon_distutils_commands:/home/mraurora/Learning_ROS2_21/install/learning_cv/lib/python3.10/site-packages:${PYTHONPATH} /usr/bin/python3 -W ignore:setup.py install is deprecated -W ignore:easy_install command is deprecated setup.py egg_info --egg-base ../../../build/learning_cv build --build-base /home/mraurora/Learning_ROS2_21/build/learning_cv/build install --record /home/mraurora/Learning_ROS2_21/build/learning_cv/install.log --single-version-externally-managed install_data
