[1.540s] Invoking command in '/home/mraurora/Learning_ROS2_21/build/learning_tf_cpp': CMAKE_PREFIX_PATH=${CMAKE_PREFIX_PATH}:/home/mraurora/Learning_ROS2_21/install/learning_urdf:/home/mraurora/Learning_ROS2_21/install/learning_topic:/home/mraurora/Learning_ROS2_21/install/learning_tf:/home/mraurora/Learning_ROS2_21/install/learning_service:/home/mraurora/Learning_ROS2_21/install/learning_qos:/home/mraurora/Learning_ROS2_21/install/learning_pkg_python:/home/mraurora/Learning_ROS2_21/install/learning_parameter:/home/mraurora/Learning_ROS2_21/install/learning_node:/home/mraurora/Learning_ROS2_21/install/learning_launch:/home/mraurora/Learning_ROS2_21/install/learning_action:/home/mraurora/Learning_ROS2_21/install/learning_gazebo_harmonic:/home/mraurora/Learning_ROS2_21/install/learning_gazebo:/home/mraurora/Learning_ROS2_21/install/learning_cv:/opt/ros/humble CONDA_PROMPT_MODIFIER=(base) /usr/bin/cmake --build /home/mraurora/Learning_ROS2_21/build/learning_tf_cpp -- -j20 -l20
[1.721s] [ 25%] Built target static_tf_broadcaster
[1.721s] [ 50%] Built target tf_listener
[1.721s] [ 75%] Built target turtle_tf_broadcaster
[1.721s] [100%] Built target turtle_following
[1.738s] Invoked command in '/home/mraurora/Learning_ROS2_21/build/learning_tf_cpp' returned '0': CMAKE_PREFIX_PATH=${CMAKE_PREFIX_PATH}:/home/mraurora/Learning_ROS2_21/install/learning_urdf:/home/mraurora/Learning_ROS2_21/install/learning_topic:/home/mraurora/Learning_ROS2_21/install/learning_tf:/home/mraurora/Learning_ROS2_21/install/learning_service:/home/mraurora/Learning_ROS2_21/install/learning_qos:/home/mraurora/Learning_ROS2_21/install/learning_pkg_python:/home/mraurora/Learning_ROS2_21/install/learning_parameter:/home/mraurora/Learning_ROS2_21/install/learning_node:/home/mraurora/Learning_ROS2_21/install/learning_launch:/home/mraurora/Learning_ROS2_21/install/learning_action:/home/mraurora/Learning_ROS2_21/install/learning_gazebo_harmonic:/home/mraurora/Learning_ROS2_21/install/learning_gazebo:/home/mraurora/Learning_ROS2_21/install/learning_cv:/opt/ros/humble CONDA_PROMPT_MODIFIER=(base) /usr/bin/cmake --build /home/mraurora/Learning_ROS2_21/build/learning_tf_cpp -- -j20 -l20
[1.739s] Invoking command in '/home/mraurora/Learning_ROS2_21/build/learning_tf_cpp': CMAKE_PREFIX_PATH=${CMAKE_PREFIX_PATH}:/home/mraurora/Learning_ROS2_21/install/learning_urdf:/home/mraurora/Learning_ROS2_21/install/learning_topic:/home/mraurora/Learning_ROS2_21/install/learning_tf:/home/mraurora/Learning_ROS2_21/install/learning_service:/home/mraurora/Learning_ROS2_21/install/learning_qos:/home/mraurora/Learning_ROS2_21/install/learning_pkg_python:/home/mraurora/Learning_ROS2_21/install/learning_parameter:/home/mraurora/Learning_ROS2_21/install/learning_node:/home/mraurora/Learning_ROS2_21/install/learning_launch:/home/mraurora/Learning_ROS2_21/install/learning_action:/home/mraurora/Learning_ROS2_21/install/learning_gazebo_harmonic:/home/mraurora/Learning_ROS2_21/install/learning_gazebo:/home/mraurora/Learning_ROS2_21/install/learning_cv:/opt/ros/humble CONDA_PROMPT_MODIFIER=(base) /usr/bin/cmake --install /home/mraurora/Learning_ROS2_21/build/learning_tf_cpp
[1.773s] -- Install configuration: ""
[1.774s] -- Up-to-date: /home/mraurora/Learning_ROS2_21/install/learning_tf_cpp/lib/learning_tf_cpp/static_tf_broadcaster
[1.776s] -- Up-to-date: /home/mraurora/Learning_ROS2_21/install/learning_tf_cpp/lib/learning_tf_cpp/turtle_tf_broadcaster
[1.776s] -- Up-to-date: /home/mraurora/Learning_ROS2_21/install/learning_tf_cpp/lib/learning_tf_cpp/tf_listener
[1.776s] -- Up-to-date: /home/mraurora/Learning_ROS2_21/install/learning_tf_cpp/lib/learning_tf_cpp/turtle_following
[1.776s] -- Up-to-date: /home/mraurora/Learning_ROS2_21/install/learning_tf_cpp/share/learning_tf_cpp//launch
[1.776s] -- Up-to-date: /home/mraurora/Learning_ROS2_21/install/learning_tf_cpp/share/learning_tf_cpp//launch/turtle_following_demo.launch.py
[1.776s] -- Up-to-date: /home/mraurora/Learning_ROS2_21/install/learning_tf_cpp/share/ament_index/resource_index/package_run_dependencies/learning_tf_cpp
[1.776s] -- Up-to-date: /home/mraurora/Learning_ROS2_21/install/learning_tf_cpp/share/ament_index/resource_index/parent_prefix_path/learning_tf_cpp
[1.777s] -- Up-to-date: /home/mraurora/Learning_ROS2_21/install/learning_tf_cpp/share/learning_tf_cpp/environment/ament_prefix_path.sh
[1.778s] -- Up-to-date: /home/mraurora/Learning_ROS2_21/install/learning_tf_cpp/share/learning_tf_cpp/environment/ament_prefix_path.dsv
[1.778s] -- Up-to-date: /home/mraurora/Learning_ROS2_21/install/learning_tf_cpp/share/learning_tf_cpp/environment/path.sh
[1.779s] -- Up-to-date: /home/mraurora/Learning_ROS2_21/install/learning_tf_cpp/share/learning_tf_cpp/environment/path.dsv
[1.780s] -- Up-to-date: /home/mraurora/Learning_ROS2_21/install/learning_tf_cpp/share/learning_tf_cpp/local_setup.bash
[1.780s] -- Up-to-date: /home/mraurora/Learning_ROS2_21/install/learning_tf_cpp/share/learning_tf_cpp/local_setup.sh
[1.780s] -- Up-to-date: /home/mraurora/Learning_ROS2_21/install/learning_tf_cpp/share/learning_tf_cpp/local_setup.zsh
[1.781s] -- Up-to-date: /home/mraurora/Learning_ROS2_21/install/learning_tf_cpp/share/learning_tf_cpp/local_setup.dsv
[1.781s] -- Installing: /home/mraurora/Learning_ROS2_21/install/learning_tf_cpp/share/learning_tf_cpp/package.dsv
[1.781s] -- Up-to-date: /home/mraurora/Learning_ROS2_21/install/learning_tf_cpp/share/ament_index/resource_index/packages/learning_tf_cpp
[1.781s] -- Up-to-date: /home/mraurora/Learning_ROS2_21/install/learning_tf_cpp/share/learning_tf_cpp/cmake/learning_tf_cppConfig.cmake
[1.781s] -- Up-to-date: /home/mraurora/Learning_ROS2_21/install/learning_tf_cpp/share/learning_tf_cpp/cmake/learning_tf_cppConfig-version.cmake
[1.782s] -- Up-to-date: /home/mraurora/Learning_ROS2_21/install/learning_tf_cpp/share/learning_tf_cpp/package.xml
[1.853s] Invoked command in '/home/mraurora/Learning_ROS2_21/build/learning_tf_cpp' returned '0': CMAKE_PREFIX_PATH=${CMAKE_PREFIX_PATH}:/home/mraurora/Learning_ROS2_21/install/learning_urdf:/home/mraurora/Learning_ROS2_21/install/learning_topic:/home/mraurora/Learning_ROS2_21/install/learning_tf:/home/mraurora/Learning_ROS2_21/install/learning_service:/home/mraurora/Learning_ROS2_21/install/learning_qos:/home/mraurora/Learning_ROS2_21/install/learning_pkg_python:/home/mraurora/Learning_ROS2_21/install/learning_parameter:/home/mraurora/Learning_ROS2_21/install/learning_node:/home/mraurora/Learning_ROS2_21/install/learning_launch:/home/mraurora/Learning_ROS2_21/install/learning_action:/home/mraurora/Learning_ROS2_21/install/learning_gazebo_harmonic:/home/mraurora/Learning_ROS2_21/install/learning_gazebo:/home/mraurora/Learning_ROS2_21/install/learning_cv:/opt/ros/humble CONDA_PROMPT_MODIFIER=(base) /usr/bin/cmake --install /home/mraurora/Learning_ROS2_21/build/learning_tf_cpp
